M:\移动护理\PacsMoudle\WindowsService\DICOM [Native]\Release\Dicom.dll
M:\移动护理\PACSMOUDLE\WINDOWSSERVICE\DICOM [NATIVE]\RELEASE\DICOM.NATIVE64.DLL
M:\移动护理\PACSMOUDLE\WINDOWSSERVICE\DICOM [NATIVE]\RELEASE\DICOM.NATIVE64.PDB
M:\移动护理\PacsMoudle\WindowsService\DICOM [Native]\Release\Dicom.xml
M:\移动护理\PacsMoudle\WindowsService\DICOM [Native]\Release\System.ComponentModel.Composition.dll
M:\移动护理\PacsMoudle\WindowsService\DICOM [Native]\Release\System.Data.dll
M:\移动护理\PacsMoudle\WindowsService\DICOM [Native]\Release\System.dll
M:\移动护理\PacsMoudle\WindowsService\DICOM [Native]\Release\System.Xml.dll
M:\移动护理\PacsMoudle\WindowsService\DICOM [Native]\x64\..\Release\Dicom.Native64.dll
M:\移动护理\PacsMoudle\WindowsService\DICOM [Native]\x64\..\Release\Dicom.Native64.pdb
M:\移动护理\PACSMOUDLE\WINDOWSSERVICE\DICOM [NATIVE]\X64\RELEASE\DICOM [NATIVE64]\.NETFRAMEWORK,VERSION=V4.0.ASSEMBLYATTRIBUTES.OBJ
M:\移动护理\PACSMOUDLE\WINDOWSSERVICE\DICOM [NATIVE]\X64\RELEASE\DICOM [NATIVE64]\BIO.OBJ
M:\移动护理\PACSMOUDLE\WINDOWSSERVICE\DICOM [NATIVE]\X64\RELEASE\DICOM [NATIVE64]\CIDX_MANAGER.OBJ
M:\移动护理\PACSMOUDLE\WINDOWSSERVICE\DICOM [NATIVE]\X64\RELEASE\DICOM [NATIVE64]\CIO.OBJ
M:\移动护理\PacsMoudle\WindowsService\DICOM [Native]\x64\Release\DICOM [Native64]\cl.command.1.tlog
M:\移动护理\PacsMoudle\WindowsService\DICOM [Native]\x64\Release\DICOM [Native64]\CL.read.1.tlog
M:\移动护理\PacsMoudle\WindowsService\DICOM [Native]\x64\Release\DICOM [Native64]\CL.write.1.tlog
M:\移动护理\PacsMoudle\WindowsService\DICOM [Native]\x64\Release\DICOM [Native64]\DICOM [Native64].write.1.tlog
M:\移动护理\PACSMOUDLE\WINDOWSSERVICE\DICOM [NATIVE]\X64\RELEASE\DICOM [NATIVE64]\DICOM.IMAGING.CODEC.JPEG.OBJ
M:\移动护理\PACSMOUDLE\WINDOWSSERVICE\DICOM [NATIVE]\X64\RELEASE\DICOM [NATIVE64]\DICOM.IMAGING.CODEC.JPEG_12.OBJ
M:\移动护理\PACSMOUDLE\WINDOWSSERVICE\DICOM [NATIVE]\X64\RELEASE\DICOM [NATIVE64]\DICOM.IMAGING.CODEC.JPEG_16.OBJ
M:\移动护理\PACSMOUDLE\WINDOWSSERVICE\DICOM [NATIVE]\X64\RELEASE\DICOM [NATIVE64]\DICOM.IMAGING.CODEC.JPEG_8.OBJ
M:\移动护理\PACSMOUDLE\WINDOWSSERVICE\DICOM [NATIVE]\X64\RELEASE\DICOM [NATIVE64]\DICOM.IMAGING.CODEC.JPEG2000.OBJ
M:\移动护理\PACSMOUDLE\WINDOWSSERVICE\DICOM [NATIVE]\X64\RELEASE\DICOM [NATIVE64]\DICOM.IMAGING.CODEC.JPEGLS.OBJ
M:\移动护理\PACSMOUDLE\WINDOWSSERVICE\DICOM [NATIVE]\X64\RELEASE\DICOM [NATIVE64]\DICOM.IMAGING.CODEC.RLE.OBJ
M:\移动护理\PACSMOUDLE\WINDOWSSERVICE\DICOM [NATIVE]\X64\RELEASE\DICOM [NATIVE64]\DICOM.NATIVE64.DLL.INTERMEDIATE.MANIFEST
M:\移动护理\PACSMOUDLE\WINDOWSSERVICE\DICOM [NATIVE]\X64\RELEASE\DICOM [NATIVE64]\DICOMNATIVEEXT.OBJ
M:\移动护理\PACSMOUDLE\WINDOWSSERVICE\DICOM [NATIVE]\X64\RELEASE\DICOM [NATIVE64]\DWT.OBJ
M:\移动护理\PACSMOUDLE\WINDOWSSERVICE\DICOM [NATIVE]\X64\RELEASE\DICOM [NATIVE64]\EVENT.OBJ
M:\移动护理\PACSMOUDLE\WINDOWSSERVICE\DICOM [NATIVE]\X64\RELEASE\DICOM [NATIVE64]\HEADER.OBJ
M:\移动护理\PACSMOUDLE\WINDOWSSERVICE\DICOM [NATIVE]\X64\RELEASE\DICOM [NATIVE64]\IMAGE.OBJ
M:\移动护理\PACSMOUDLE\WINDOWSSERVICE\DICOM [NATIVE]\X64\RELEASE\DICOM [NATIVE64]\INTERFACE.OBJ
M:\移动护理\PACSMOUDLE\WINDOWSSERVICE\DICOM [NATIVE]\X64\RELEASE\DICOM [NATIVE64]\J2K.OBJ
M:\移动护理\PACSMOUDLE\WINDOWSSERVICE\DICOM [NATIVE]\X64\RELEASE\DICOM [NATIVE64]\J2K_LIB.OBJ
M:\移动护理\PACSMOUDLE\WINDOWSSERVICE\DICOM [NATIVE]\X64\RELEASE\DICOM [NATIVE64]\JP2.OBJ
M:\移动护理\PACSMOUDLE\WINDOWSSERVICE\DICOM [NATIVE]\X64\RELEASE\DICOM [NATIVE64]\JPEGLS.OBJ
M:\移动护理\PACSMOUDLE\WINDOWSSERVICE\DICOM [NATIVE]\X64\RELEASE\DICOM [NATIVE64]\JPT.OBJ
M:\移动护理\PacsMoudle\WindowsService\DICOM [Native]\x64\Release\DICOM [Native64]\link.command.1.tlog
M:\移动护理\PacsMoudle\WindowsService\DICOM [Native]\x64\Release\DICOM [Native64]\link.read.1.tlog
M:\移动护理\PacsMoudle\WindowsService\DICOM [Native]\x64\Release\DICOM [Native64]\link.write.1.tlog
M:\移动护理\PACSMOUDLE\WINDOWSSERVICE\DICOM [NATIVE]\X64\RELEASE\DICOM [NATIVE64]\MCT.OBJ
M:\移动护理\PACSMOUDLE\WINDOWSSERVICE\DICOM [NATIVE]\X64\RELEASE\DICOM [NATIVE64]\MQC.OBJ
M:\移动护理\PacsMoudle\WindowsService\DICOM [Native]\x64\Release\DICOM [Native64]\mt.command.1.tlog
M:\移动护理\PacsMoudle\WindowsService\DICOM [Native]\x64\Release\DICOM [Native64]\mt.read.1.tlog
M:\移动护理\PacsMoudle\WindowsService\DICOM [Native]\x64\Release\DICOM [Native64]\mt.write.1.tlog
M:\移动护理\PACSMOUDLE\WINDOWSSERVICE\DICOM [NATIVE]\X64\RELEASE\DICOM [NATIVE64]\OPENJPEG.OBJ
M:\移动护理\PACSMOUDLE\WINDOWSSERVICE\DICOM [NATIVE]\X64\RELEASE\DICOM [NATIVE64]\PHIX_MANAGER.OBJ
M:\移动护理\PACSMOUDLE\WINDOWSSERVICE\DICOM [NATIVE]\X64\RELEASE\DICOM [NATIVE64]\PI.OBJ
M:\移动护理\PACSMOUDLE\WINDOWSSERVICE\DICOM [NATIVE]\X64\RELEASE\DICOM [NATIVE64]\PPIX_MANAGER.OBJ
M:\移动护理\PACSMOUDLE\WINDOWSSERVICE\DICOM [NATIVE]\X64\RELEASE\DICOM [NATIVE64]\RAW.OBJ
M:\移动护理\PacsMoudle\WindowsService\DICOM [Native]\x64\Release\DICOM [Native64]\ResolveAssemblyReference.cache
M:\移动护理\PACSMOUDLE\WINDOWSSERVICE\DICOM [NATIVE]\X64\RELEASE\DICOM [NATIVE64]\STDAFX.OBJ
M:\移动护理\PACSMOUDLE\WINDOWSSERVICE\DICOM [NATIVE]\X64\RELEASE\DICOM [NATIVE64]\T1.OBJ
M:\移动护理\PACSMOUDLE\WINDOWSSERVICE\DICOM [NATIVE]\X64\RELEASE\DICOM [NATIVE64]\T2.OBJ
M:\移动护理\PACSMOUDLE\WINDOWSSERVICE\DICOM [NATIVE]\X64\RELEASE\DICOM [NATIVE64]\TCD.OBJ
M:\移动护理\PACSMOUDLE\WINDOWSSERVICE\DICOM [NATIVE]\X64\RELEASE\DICOM [NATIVE64]\TGT.OBJ
M:\移动护理\PACSMOUDLE\WINDOWSSERVICE\DICOM [NATIVE]\X64\RELEASE\DICOM [NATIVE64]\THIX_MANAGER.OBJ
M:\移动护理\PACSMOUDLE\WINDOWSSERVICE\DICOM [NATIVE]\X64\RELEASE\DICOM [NATIVE64]\TPIX_MANAGER.OBJ
M:\移动护理\PACSMOUDLE\WINDOWSSERVICE\DICOM [NATIVE]\X64\RELEASE\DICOM [NATIVE64]\VC100.PDB
