生成启动时间为 2015/6/10 11:40:59。
     1>项目“M:\移动护理\PacsMoudle\WindowsService\DICOM [Native]\x64\DICOM [Native64].vcxproj”在节点 3 上(rebuild 个目标)。
     1>_PrepareForClean:
         正在删除文件“Release\DICOM [Native64]\DICOM [Native64].lastbuildstate”。
       InitializeBuildStatus:
         正在创建“Release\DICOM [Native64]\DICOM [Native64].unsuccessfulbuild”，因为已指定“AlwaysCreate”。
       GenerateTargetFrameworkMonikerAttribute:
       正在跳过目标“GenerateTargetFrameworkMonikerAttribute”，因为所有输出文件相对于输入文件而言都是最新的。
       ClCompile:
         h:\Program Files (x86)\Microsoft Visual Studio 10.0\VC\bin\x86_amd64\CL.exe /c /AI"C:\Program Files (x86)\Reference Assemblies\Microsoft\Framework\.NETFramework\v4.0" /Zi /nologo /W3 /WX- /O2 /GL /D CHARLS_STATIC /D OPJ_STATIC /D WIN32 /D NDEBUG /D _WINDLL /D _UNICODE /D UNICODE /EHa /MD /GS /fp:precise /Zc:wchar_t /Zc:forScope /Fo"Release\DICOM [Native64]\\" /Fd"Release\DICOM [Native64]\vc100.pdb" /TP /errorReport:prompt ..\CharLS\header.cpp ..\CharLS\interface.cpp ..\CharLS\jpegls.cpp ..\CharLS\stdafx.cpp /clr:nostdlib 
         header.cpp
         interface.cpp
         jpegls.cpp
         stdafx.cpp
         h:\Program Files (x86)\Microsoft Visual Studio 10.0\VC\bin\x86_amd64\CL.exe /c /AI"C:\Program Files (x86)\Reference Assemblies\Microsoft\Framework\.NETFramework\v4.0" /Zi /clr /nologo /W3 /WX- /O2 /GL /D CHARLS_STATIC /D OPJ_STATIC /D WIN32 /D NDEBUG /D _WINDLL /D _UNICODE /D UNICODE /EHa /MD /GS /fp:precise /Zc:wchar_t /Zc:forScope /Fo"Release\DICOM [Native64]\\" /Fd"Release\DICOM [Native64]\vc100.pdb" /TP /FU"M:\移动护理\PacsMoudle\WindowsService\DICOM\bin\Release\Dicom.dll" /FU"C:\Program Files (x86)\Reference Assemblies\Microsoft\Framework\.NETFramework\v4.0\System.ComponentModel.Composition.dll" /FU"C:\Program Files (x86)\Reference Assemblies\Microsoft\Framework\.NETFramework\v4.0\System.Core.dll" /FU"C:\Program Files (x86)\Reference Assemblies\Microsoft\Framework\.NETFramework\v4.0\System.Data.dll" /FU"C:\Program Files (x86)\Reference Assemblies\Microsoft\Framework\.NETFramework\v4.0\System.dll" /FU"C:\Program Files (x86)\Reference Assemblies\Microsoft\Framework\.NETFramework\v4.0\System.Xml.dll" /errorReport:prompt ..\Dicom.Imaging.Codec.Jpeg.cpp ..\Dicom.Imaging.Codec.Jpeg2000.cpp ..\Dicom.Imaging.Codec.JpegLS.cpp ..\Dicom.Imaging.Codec.Jpeg_12.cpp ..\Dicom.Imaging.Codec.Jpeg_16.cpp ..\Dicom.Imaging.Codec.Jpeg_8.cpp ..\Dicom.Imaging.Codec.Rle.cpp ..\DicomNativeExt.cpp /clr:nostdlib 
         Dicom.Imaging.Codec.Jpeg.cpp
         Dicom.Imaging.Codec.Jpeg2000.cpp
         Dicom.Imaging.Codec.JpegLS.cpp
         Dicom.Imaging.Codec.Jpeg_12.cpp
     1>m:\移动护理\pacsmoudle\windowsservice\dicom [native]\Dicom.Imaging.Codec.Jpeg.i(64): warning C4267: “初始化”: 从“size_t”转换到“int”，可能丢失数据
     1>m:\移动护理\pacsmoudle\windowsservice\dicom [native]\Dicom.Imaging.Codec.Jpeg.i(380): warning C4267: “-=”: 从“size_t”转换到“long”，可能丢失数据
     1>m:\移动护理\pacsmoudle\windowsservice\dicom [native]\Dicom.Imaging.Codec.Jpeg.i(403): warning C4267: “=”: 从“size_t”转换到“long”，可能丢失数据
         Dicom.Imaging.Codec.Jpeg_16.cpp
     1>m:\移动护理\pacsmoudle\windowsservice\dicom [native]\Dicom.Imaging.Codec.Jpeg.i(64): warning C4267: “初始化”: 从“size_t”转换到“int”，可能丢失数据
     1>m:\移动护理\pacsmoudle\windowsservice\dicom [native]\Dicom.Imaging.Codec.Jpeg.i(380): warning C4267: “-=”: 从“size_t”转换到“long”，可能丢失数据
     1>m:\移动护理\pacsmoudle\windowsservice\dicom [native]\Dicom.Imaging.Codec.Jpeg.i(403): warning C4267: “=”: 从“size_t”转换到“long”，可能丢失数据
         Dicom.Imaging.Codec.Jpeg_8.cpp
     1>m:\移动护理\pacsmoudle\windowsservice\dicom [native]\Dicom.Imaging.Codec.Jpeg.i(64): warning C4267: “初始化”: 从“size_t”转换到“int”，可能丢失数据
     1>m:\移动护理\pacsmoudle\windowsservice\dicom [native]\Dicom.Imaging.Codec.Jpeg.i(380): warning C4267: “-=”: 从“size_t”转换到“long”，可能丢失数据
     1>m:\移动护理\pacsmoudle\windowsservice\dicom [native]\Dicom.Imaging.Codec.Jpeg.i(403): warning C4267: “=”: 从“size_t”转换到“long”，可能丢失数据
         Dicom.Imaging.Codec.Rle.cpp
         DicomNativeExt.cpp
         Generating Code...
         h:\Program Files (x86)\Microsoft Visual Studio 10.0\VC\bin\x86_amd64\CL.exe /c /AI"C:\Program Files (x86)\Reference Assemblies\Microsoft\Framework\.NETFramework\v4.0" /Zi /nologo /W3 /WX- /O2 /GL /D CHARLS_STATIC /D OPJ_STATIC /D WIN32 /D NDEBUG /D _WINDLL /D _UNICODE /D UNICODE /EHa /MD /GS /fp:precise /Zc:wchar_t /Zc:forScope /Fo"Release\DICOM [Native64]\\" /Fd"Release\DICOM [Native64]\vc100.pdb" /TC /errorReport:prompt ..\OpenJPEG\bio.c ..\OpenJPEG\cidx_manager.c ..\OpenJPEG\cio.c ..\OpenJPEG\dwt.c ..\OpenJPEG\event.c ..\OpenJPEG\image.c ..\OpenJPEG\j2k.c ..\OpenJPEG\j2k_lib.c ..\OpenJPEG\jp2.c ..\OpenJPEG\jpt.c ..\OpenJPEG\mct.c ..\OpenJPEG\mqc.c ..\OpenJPEG\openjpeg.c ..\OpenJPEG\phix_manager.c ..\OpenJPEG\pi.c ..\OpenJPEG\ppix_manager.c ..\OpenJPEG\raw.c ..\OpenJPEG\t1.c ..\OpenJPEG\t2.c ..\OpenJPEG\tcd.c ..\OpenJPEG\tgt.c ..\OpenJPEG\thix_manager.c ..\OpenJPEG\tpix_manager.c /clr:nostdlib 
         bio.c
     1>..\OpenJPEG\bio.c(129): warning C4244: “return”: 从“__int64”转换到“int”，可能丢失数据
         cidx_manager.c
         cio.c
     1>..\OpenJPEG\cio.c(100): warning C4244: “return”: 从“__int64”转换到“int”，可能丢失数据
     1>..\OpenJPEG\cio.c(116): warning C4244: “return”: 从“__int64”转换到“int”，可能丢失数据
         dwt.c
         event.c
     1>..\OpenJPEG\event.c(110): warning C4267: “=”: 从“size_t”转换到“int”，可能丢失数据
     1>..\OpenJPEG\event.c(112): warning C4996: 'vsprintf': This function or variable may be unsafe. Consider using vsprintf_s instead. To disable deprecation, use _CRT_SECURE_NO_WARNINGS. See online help for details.
                 h:\Program Files (x86)\Microsoft Visual Studio 10.0\VC\include\stdio.h(371) : 参见“vsprintf”的声明
         image.c
         j2k.c
     1>..\OpenJPEG\j2k.c(1474): warning C4244: “函数”: 从“__int64”转换到“int”，可能丢失数据
     1>..\OpenJPEG\j2k.c(2065): warning C4996: 'strcpy': This function or variable may be unsafe. Consider using strcpy_s instead. To disable deprecation, use _CRT_SECURE_NO_WARNINGS. See online help for details.
         j2k_lib.c
         jp2.c
         jpt.c
         mct.c
         mqc.c
     1>..\OpenJPEG\mqc.c(375): warning C4244: “return”: 从“__int64”转换到“int”，可能丢失数据
         openjpeg.c
         phix_manager.c
         pi.c
     1>..\OpenJPEG\pi.c(740): warning C4996: 'strncpy': This function or variable may be unsafe. Consider using strncpy_s instead. To disable deprecation, use _CRT_SECURE_NO_WARNINGS. See online help for details.
                 h:\Program Files (x86)\Microsoft Visual Studio 10.0\VC\include\string.h(188) : 参见“strncpy”的声明
     1>..\OpenJPEG\pi.c(742): warning C4996: 'strncpy': This function or variable may be unsafe. Consider using strncpy_s instead. To disable deprecation, use _CRT_SECURE_NO_WARNINGS. See online help for details.
                 h:\Program Files (x86)\Microsoft Visual Studio 10.0\VC\include\string.h(188) : 参见“strncpy”的声明
     1>..\OpenJPEG\pi.c(744): warning C4996: 'strncpy': This function or variable may be unsafe. Consider using strncpy_s instead. To disable deprecation, use _CRT_SECURE_NO_WARNINGS. See online help for details.
                 h:\Program Files (x86)\Microsoft Visual Studio 10.0\VC\include\string.h(188) : 参见“strncpy”的声明
     1>..\OpenJPEG\pi.c(746): warning C4996: 'strncpy': This function or variable may be unsafe. Consider using strncpy_s instead. To disable deprecation, use _CRT_SECURE_NO_WARNINGS. See online help for details.
                 h:\Program Files (x86)\Microsoft Visual Studio 10.0\VC\include\string.h(188) : 参见“strncpy”的声明
     1>..\OpenJPEG\pi.c(748): warning C4996: 'strncpy': This function or variable may be unsafe. Consider using strncpy_s instead. To disable deprecation, use _CRT_SECURE_NO_WARNINGS. See online help for details.
                 h:\Program Files (x86)\Microsoft Visual Studio 10.0\VC\include\string.h(188) : 参见“strncpy”的声明
         ppix_manager.c
         raw.c
     1>..\OpenJPEG\raw.c(57): warning C4244: “return”: 从“__int64”转换到“int”，可能丢失数据
         t1.c
         t2.c
     1>..\OpenJPEG\t2.c(296): warning C4244: “return”: 从“__int64”转换到“int”，可能丢失数据
     1>..\OpenJPEG\t2.c(385): warning C4244: “函数”: 从“__int64”转换到“int”，可能丢失数据
     1>..\OpenJPEG\t2.c(414): warning C4244: “+=”: 从“__int64”转换到“int”，可能丢失数据
     1>..\OpenJPEG\t2.c(416): warning C4244: “return”: 从“__int64”转换到“int”，可能丢失数据
     1>..\OpenJPEG\t2.c(419): warning C4244: “+=”: 从“__int64”转换到“int”，可能丢失数据
     1>..\OpenJPEG\t2.c(421): warning C4244: “return”: 从“__int64”转换到“int”，可能丢失数据
     1>..\OpenJPEG\t2.c(424): warning C4244: “return”: 从“__int64”转换到“int”，可能丢失数据
     1>..\OpenJPEG\t2.c(514): warning C4244: “+=”: 从“__int64”转换到“int”，可能丢失数据
     1>..\OpenJPEG\t2.c(517): warning C4244: “+=”: 从“__int64”转换到“int”，可能丢失数据
     1>..\OpenJPEG\t2.c(590): warning C4244: “return”: 从“__int64”转换到“int”，可能丢失数据
     1>..\OpenJPEG\t2.c(625): warning C4244: “函数”: 从“__int64”转换到“int”，可能丢失数据
     1>..\OpenJPEG\t2.c(648): warning C4244: “函数”: 从“__int64”转换到“int”，可能丢失数据
     1>..\OpenJPEG\t2.c(683): warning C4244: “return”: 从“__int64”转换到“int”，可能丢失数据
     1>..\OpenJPEG\t2.c(713): warning C4244: “函数”: 从“__int64”转换到“int”，可能丢失数据
     1>..\OpenJPEG\t2.c(768): warning C4244: “return”: 从“__int64”转换到“int”，可能丢失数据
         tcd.c
         Compiling...
         tgt.c
         thix_manager.c
         tpix_manager.c
         h:\Program Files (x86)\Microsoft Visual Studio 10.0\VC\bin\x86_amd64\CL.exe /c /Zi /clr /nologo /W3 /WX- /O2 /GL /D CHARLS_STATIC /D OPJ_STATIC /D WIN32 /D NDEBUG /D _WINDLL /D _UNICODE /D UNICODE /EHa /MD /GS /fp:precise /Zc:wchar_t /Zc:forScope /Fo"Release\DICOM [Native64]\\" /Fd"Release\DICOM [Native64]\vc100.pdb" /TP /errorReport:prompt "C:\Users\melc\AppData\Local\Temp\.NETFramework,Version=v4.0.AssemblyAttributes.cpp"
         .NETFramework,Version=v4.0.AssemblyAttributes.cpp
       Link:
         h:\Program Files (x86)\Microsoft Visual Studio 10.0\VC\bin\x86_amd64\link.exe /ERRORREPORT:PROMPT /OUT:"M:\移动护理\PacsMoudle\WindowsService\DICOM [Native]\x64\..\Release\Dicom.Native64.dll" /INCREMENTAL:NO /NOLOGO /MANIFEST /ManifestFile:"Release\DICOM [Native64]\Dicom.Native64.dll.intermediate.manifest" /MANIFESTUAC:"level='asInvoker' uiAccess='false'" /DEBUG /PDB:"M:\移动护理\PacsMoudle\WindowsService\DICOM [Native]\Release\Dicom.Native64.pdb" /LTCG /TLBID:1 /DYNAMICBASE /FIXED:NO /NXCOMPAT /MACHINE:X64 /DLL "Release\DICOM [Native64]\header.obj"
         "Release\DICOM [Native64]\interface.obj"
         "Release\DICOM [Native64]\jpegls.obj"
         "Release\DICOM [Native64]\stdafx.obj"
         "Release\DICOM [Native64]\Dicom.Imaging.Codec.Jpeg.obj"
         "Release\DICOM [Native64]\Dicom.Imaging.Codec.Jpeg2000.obj"
         "Release\DICOM [Native64]\Dicom.Imaging.Codec.JpegLS.obj"
         "Release\DICOM [Native64]\Dicom.Imaging.Codec.Jpeg_12.obj"
         "Release\DICOM [Native64]\Dicom.Imaging.Codec.Jpeg_16.obj"
         "Release\DICOM [Native64]\Dicom.Imaging.Codec.Jpeg_8.obj"
         "Release\DICOM [Native64]\Dicom.Imaging.Codec.Rle.obj"
         "Release\DICOM [Native64]\DicomNativeExt.obj"
         "Release\DICOM [Native64]\bio.obj"
         "Release\DICOM [Native64]\cidx_manager.obj"
         "Release\DICOM [Native64]\cio.obj"
         "Release\DICOM [Native64]\dwt.obj"
         "Release\DICOM [Native64]\event.obj"
         "Release\DICOM [Native64]\image.obj"
         "Release\DICOM [Native64]\j2k.obj"
         "Release\DICOM [Native64]\j2k_lib.obj"
         "Release\DICOM [Native64]\jp2.obj"
         "Release\DICOM [Native64]\jpt.obj"
         "Release\DICOM [Native64]\mct.obj"
         "Release\DICOM [Native64]\mqc.obj"
         "Release\DICOM [Native64]\openjpeg.obj"
         "Release\DICOM [Native64]\phix_manager.obj"
         "Release\DICOM [Native64]\pi.obj"
         "Release\DICOM [Native64]\ppix_manager.obj"
         "Release\DICOM [Native64]\raw.obj"
         "Release\DICOM [Native64]\t1.obj"
         "Release\DICOM [Native64]\t2.obj"
         "Release\DICOM [Native64]\tcd.obj"
         "Release\DICOM [Native64]\tgt.obj"
         "Release\DICOM [Native64]\thix_manager.obj"
         "Release\DICOM [Native64]\tpix_manager.obj"
         "Release\DICOM [Native64]\.NETFramework,Version=v4.0.AssemblyAttributes.obj"
         "M:\移动护理\PacsMoudle\WindowsService\DICOM [Native]\x64\Release\libijg12.x64\libijg12.x64.lib"
         "M:\移动护理\PacsMoudle\WindowsService\DICOM [Native]\x64\Release\libijg16.x64\libijg16.x64.lib"
         "M:\移动护理\PacsMoudle\WindowsService\DICOM [Native]\x64\Release\libijg8.x64\libijg8.x64.lib"
         正在生成代码
         已完成代码的生成
         DICOM [Native64].vcxproj -> M:\移动护理\PacsMoudle\WindowsService\DICOM [Native]\x64\..\Release\Dicom.Native64.dll
       Manifest:
         C:\Program Files (x86)\Microsoft SDKs\Windows\v7.0A\bin\mt.exe /nologo /verbose /outputresource:"M:\移动护理\PacsMoudle\WindowsService\DICOM [Native]\x64\..\Release\Dicom.Native64.dll;#2" /manifest "Release\DICOM [Native64]\Dicom.Native64.dll.intermediate.manifest"
       _CopyFilesMarkedCopyLocal:
         正在将文件从“M:\移动护理\PacsMoudle\WindowsService\DICOM\bin\Release\Dicom.dll”复制到“M:\移动护理\PacsMoudle\WindowsService\DICOM [Native]\x64\..\Release\Dicom.dll”。
         正在将文件从“C:\Program Files (x86)\Reference Assemblies\Microsoft\Framework\.NETFramework\v4.0\System.ComponentModel.Composition.dll”复制到“M:\移动护理\PacsMoudle\WindowsService\DICOM [Native]\x64\..\Release\System.ComponentModel.Composition.dll”。
         正在将文件从“C:\Program Files (x86)\Reference Assemblies\Microsoft\Framework\.NETFramework\v4.0\System.Data.dll”复制到“M:\移动护理\PacsMoudle\WindowsService\DICOM [Native]\x64\..\Release\System.Data.dll”。
         正在将文件从“C:\Program Files (x86)\Reference Assemblies\Microsoft\Framework\.NETFramework\v4.0\System.dll”复制到“M:\移动护理\PacsMoudle\WindowsService\DICOM [Native]\x64\..\Release\System.dll”。
         正在将文件从“C:\Program Files (x86)\Reference Assemblies\Microsoft\Framework\.NETFramework\v4.0\System.Xml.dll”复制到“M:\移动护理\PacsMoudle\WindowsService\DICOM [Native]\x64\..\Release\System.Xml.dll”。
         正在将文件从“M:\移动护理\PacsMoudle\WindowsService\DICOM\bin\Release\Dicom.xml”复制到“M:\移动护理\PacsMoudle\WindowsService\DICOM [Native]\x64\..\Release\Dicom.xml”。
       FinalizeBuildStatus:
         正在删除文件“Release\DICOM [Native64]\DICOM [Native64].unsuccessfulbuild”。
         正在对“Release\DICOM [Native64]\DICOM [Native64].lastbuildstate”执行 Touch 任务。
     1>已完成生成项目“M:\移动护理\PacsMoudle\WindowsService\DICOM [Native]\x64\DICOM [Native64].vcxproj”(rebuild 个目标)的操作。

生成成功。

已用时间 00:00:24.24
