M:\移动护理\PacsMoudle\WindowsService\DICOM [Native]\x64\Release\libijg8.x64\cl.command.1.tlog
M:\移动护理\PacsMoudle\WindowsService\DICOM [Native]\x64\Release\libijg8.x64\CL.read.1.tlog
M:\移动护理\PacsMoudle\WindowsService\DICOM [Native]\x64\Release\libijg8.x64\CL.write.1.tlog
M:\移动护理\PACSMOUDLE\WINDOWSSERVICE\DICOM [NATIVE]\X64\RELEASE\LIBIJG8.X64\JARICOM.OBJ
M:\移动护理\PACSMOUDLE\WINDOWSSERVICE\DICOM [NATIVE]\X64\RELEASE\LIBIJG8.X64\JCAPIMIN.OBJ
M:\移动护理\PACSMOUDLE\WINDOWSSERVICE\DICOM [NATIVE]\X64\RELEASE\LIBIJG8.X64\JCAPISTD.OBJ
M:\移动护理\PACSMOUDLE\WINDOWSSERVICE\DICOM [NATIVE]\X64\RELEASE\LIBIJG8.X64\JCARITH.OBJ
M:\移动护理\PACSMOUDLE\WINDOWSSERVICE\DICOM [NATIVE]\X64\RELEASE\LIBIJG8.X64\JCCOEFCT.OBJ
M:\移动护理\PACSMOUDLE\WINDOWSSERVICE\DICOM [NATIVE]\X64\RELEASE\LIBIJG8.X64\JCCOLOR.OBJ
M:\移动护理\PACSMOUDLE\WINDOWSSERVICE\DICOM [NATIVE]\X64\RELEASE\LIBIJG8.X64\JCDCTMGR.OBJ
M:\移动护理\PACSMOUDLE\WINDOWSSERVICE\DICOM [NATIVE]\X64\RELEASE\LIBIJG8.X64\JCDIFFCT.OBJ
M:\移动护理\PACSMOUDLE\WINDOWSSERVICE\DICOM [NATIVE]\X64\RELEASE\LIBIJG8.X64\JCHUFF.OBJ
M:\移动护理\PACSMOUDLE\WINDOWSSERVICE\DICOM [NATIVE]\X64\RELEASE\LIBIJG8.X64\JCINIT.OBJ
M:\移动护理\PACSMOUDLE\WINDOWSSERVICE\DICOM [NATIVE]\X64\RELEASE\LIBIJG8.X64\JCLHUFF.OBJ
M:\移动护理\PACSMOUDLE\WINDOWSSERVICE\DICOM [NATIVE]\X64\RELEASE\LIBIJG8.X64\JCLOSSLS.OBJ
M:\移动护理\PACSMOUDLE\WINDOWSSERVICE\DICOM [NATIVE]\X64\RELEASE\LIBIJG8.X64\JCLOSSY.OBJ
M:\移动护理\PACSMOUDLE\WINDOWSSERVICE\DICOM [NATIVE]\X64\RELEASE\LIBIJG8.X64\JCMAINCT.OBJ
M:\移动护理\PACSMOUDLE\WINDOWSSERVICE\DICOM [NATIVE]\X64\RELEASE\LIBIJG8.X64\JCMARKER.OBJ
M:\移动护理\PACSMOUDLE\WINDOWSSERVICE\DICOM [NATIVE]\X64\RELEASE\LIBIJG8.X64\JCMASTER.OBJ
M:\移动护理\PACSMOUDLE\WINDOWSSERVICE\DICOM [NATIVE]\X64\RELEASE\LIBIJG8.X64\JCODEC.OBJ
M:\移动护理\PACSMOUDLE\WINDOWSSERVICE\DICOM [NATIVE]\X64\RELEASE\LIBIJG8.X64\JCOMAPI.OBJ
M:\移动护理\PACSMOUDLE\WINDOWSSERVICE\DICOM [NATIVE]\X64\RELEASE\LIBIJG8.X64\JCPARAM.OBJ
M:\移动护理\PACSMOUDLE\WINDOWSSERVICE\DICOM [NATIVE]\X64\RELEASE\LIBIJG8.X64\JCPHUFF.OBJ
M:\移动护理\PACSMOUDLE\WINDOWSSERVICE\DICOM [NATIVE]\X64\RELEASE\LIBIJG8.X64\JCPRED.OBJ
M:\移动护理\PACSMOUDLE\WINDOWSSERVICE\DICOM [NATIVE]\X64\RELEASE\LIBIJG8.X64\JCPREPCT.OBJ
M:\移动护理\PACSMOUDLE\WINDOWSSERVICE\DICOM [NATIVE]\X64\RELEASE\LIBIJG8.X64\JCSAMPLE.OBJ
M:\移动护理\PACSMOUDLE\WINDOWSSERVICE\DICOM [NATIVE]\X64\RELEASE\LIBIJG8.X64\JCSCALE.OBJ
M:\移动护理\PACSMOUDLE\WINDOWSSERVICE\DICOM [NATIVE]\X64\RELEASE\LIBIJG8.X64\JCSHUFF.OBJ
M:\移动护理\PACSMOUDLE\WINDOWSSERVICE\DICOM [NATIVE]\X64\RELEASE\LIBIJG8.X64\JCTRANS.OBJ
M:\移动护理\PACSMOUDLE\WINDOWSSERVICE\DICOM [NATIVE]\X64\RELEASE\LIBIJG8.X64\JDAPIMIN.OBJ
M:\移动护理\PACSMOUDLE\WINDOWSSERVICE\DICOM [NATIVE]\X64\RELEASE\LIBIJG8.X64\JDAPISTD.OBJ
M:\移动护理\PACSMOUDLE\WINDOWSSERVICE\DICOM [NATIVE]\X64\RELEASE\LIBIJG8.X64\JDARITH.OBJ
M:\移动护理\PACSMOUDLE\WINDOWSSERVICE\DICOM [NATIVE]\X64\RELEASE\LIBIJG8.X64\JDATADST.OBJ
M:\移动护理\PACSMOUDLE\WINDOWSSERVICE\DICOM [NATIVE]\X64\RELEASE\LIBIJG8.X64\JDATASRC.OBJ
M:\移动护理\PACSMOUDLE\WINDOWSSERVICE\DICOM [NATIVE]\X64\RELEASE\LIBIJG8.X64\JDCOEFCT.OBJ
M:\移动护理\PACSMOUDLE\WINDOWSSERVICE\DICOM [NATIVE]\X64\RELEASE\LIBIJG8.X64\JDCOLOR.OBJ
M:\移动护理\PACSMOUDLE\WINDOWSSERVICE\DICOM [NATIVE]\X64\RELEASE\LIBIJG8.X64\JDDCTMGR.OBJ
M:\移动护理\PACSMOUDLE\WINDOWSSERVICE\DICOM [NATIVE]\X64\RELEASE\LIBIJG8.X64\JDDIFFCT.OBJ
M:\移动护理\PACSMOUDLE\WINDOWSSERVICE\DICOM [NATIVE]\X64\RELEASE\LIBIJG8.X64\JDHUFF.OBJ
M:\移动护理\PACSMOUDLE\WINDOWSSERVICE\DICOM [NATIVE]\X64\RELEASE\LIBIJG8.X64\JDINPUT.OBJ
M:\移动护理\PACSMOUDLE\WINDOWSSERVICE\DICOM [NATIVE]\X64\RELEASE\LIBIJG8.X64\JDLHUFF.OBJ
M:\移动护理\PACSMOUDLE\WINDOWSSERVICE\DICOM [NATIVE]\X64\RELEASE\LIBIJG8.X64\JDLOSSLS.OBJ
M:\移动护理\PACSMOUDLE\WINDOWSSERVICE\DICOM [NATIVE]\X64\RELEASE\LIBIJG8.X64\JDLOSSY.OBJ
M:\移动护理\PACSMOUDLE\WINDOWSSERVICE\DICOM [NATIVE]\X64\RELEASE\LIBIJG8.X64\JDMAINCT.OBJ
M:\移动护理\PACSMOUDLE\WINDOWSSERVICE\DICOM [NATIVE]\X64\RELEASE\LIBIJG8.X64\JDMARKER.OBJ
M:\移动护理\PACSMOUDLE\WINDOWSSERVICE\DICOM [NATIVE]\X64\RELEASE\LIBIJG8.X64\JDMASTER.OBJ
M:\移动护理\PACSMOUDLE\WINDOWSSERVICE\DICOM [NATIVE]\X64\RELEASE\LIBIJG8.X64\JDMERGE.OBJ
M:\移动护理\PACSMOUDLE\WINDOWSSERVICE\DICOM [NATIVE]\X64\RELEASE\LIBIJG8.X64\JDPHUFF.OBJ
M:\移动护理\PACSMOUDLE\WINDOWSSERVICE\DICOM [NATIVE]\X64\RELEASE\LIBIJG8.X64\JDPOSTCT.OBJ
M:\移动护理\PACSMOUDLE\WINDOWSSERVICE\DICOM [NATIVE]\X64\RELEASE\LIBIJG8.X64\JDPRED.OBJ
M:\移动护理\PACSMOUDLE\WINDOWSSERVICE\DICOM [NATIVE]\X64\RELEASE\LIBIJG8.X64\JDSAMPLE.OBJ
M:\移动护理\PACSMOUDLE\WINDOWSSERVICE\DICOM [NATIVE]\X64\RELEASE\LIBIJG8.X64\JDSCALE.OBJ
M:\移动护理\PACSMOUDLE\WINDOWSSERVICE\DICOM [NATIVE]\X64\RELEASE\LIBIJG8.X64\JDSHUFF.OBJ
M:\移动护理\PACSMOUDLE\WINDOWSSERVICE\DICOM [NATIVE]\X64\RELEASE\LIBIJG8.X64\JDTRANS.OBJ
M:\移动护理\PACSMOUDLE\WINDOWSSERVICE\DICOM [NATIVE]\X64\RELEASE\LIBIJG8.X64\JERROR.OBJ
M:\移动护理\PACSMOUDLE\WINDOWSSERVICE\DICOM [NATIVE]\X64\RELEASE\LIBIJG8.X64\JFDCTFLT.OBJ
M:\移动护理\PACSMOUDLE\WINDOWSSERVICE\DICOM [NATIVE]\X64\RELEASE\LIBIJG8.X64\JFDCTFST.OBJ
M:\移动护理\PACSMOUDLE\WINDOWSSERVICE\DICOM [NATIVE]\X64\RELEASE\LIBIJG8.X64\JFDCTINT.OBJ
M:\移动护理\PACSMOUDLE\WINDOWSSERVICE\DICOM [NATIVE]\X64\RELEASE\LIBIJG8.X64\JIDCTFLT.OBJ
M:\移动护理\PACSMOUDLE\WINDOWSSERVICE\DICOM [NATIVE]\X64\RELEASE\LIBIJG8.X64\JIDCTFST.OBJ
M:\移动护理\PACSMOUDLE\WINDOWSSERVICE\DICOM [NATIVE]\X64\RELEASE\LIBIJG8.X64\JIDCTINT.OBJ
M:\移动护理\PACSMOUDLE\WINDOWSSERVICE\DICOM [NATIVE]\X64\RELEASE\LIBIJG8.X64\JIDCTRED.OBJ
M:\移动护理\PACSMOUDLE\WINDOWSSERVICE\DICOM [NATIVE]\X64\RELEASE\LIBIJG8.X64\JMEMMGR.OBJ
M:\移动护理\PACSMOUDLE\WINDOWSSERVICE\DICOM [NATIVE]\X64\RELEASE\LIBIJG8.X64\JMEMNOBS.OBJ
M:\移动护理\PACSMOUDLE\WINDOWSSERVICE\DICOM [NATIVE]\X64\RELEASE\LIBIJG8.X64\JQUANT1.OBJ
M:\移动护理\PACSMOUDLE\WINDOWSSERVICE\DICOM [NATIVE]\X64\RELEASE\LIBIJG8.X64\JQUANT2.OBJ
M:\移动护理\PACSMOUDLE\WINDOWSSERVICE\DICOM [NATIVE]\X64\RELEASE\LIBIJG8.X64\JUTILS.OBJ
M:\移动护理\PacsMoudle\WindowsService\DICOM [Native]\x64\Release\libijg8.x64\lib.command.1.tlog
M:\移动护理\PACSMOUDLE\WINDOWSSERVICE\DICOM [NATIVE]\X64\RELEASE\LIBIJG8.X64\LIBIJG8.X64.LIB
M:\移动护理\PacsMoudle\WindowsService\DICOM [Native]\x64\Release\libijg8.x64\Lib-link.read.1.tlog
M:\移动护理\PacsMoudle\WindowsService\DICOM [Native]\x64\Release\libijg8.x64\Lib-link.write.1.tlog
M:\移动护理\PACSMOUDLE\WINDOWSSERVICE\DICOM [NATIVE]\X64\RELEASE\LIBIJG8.X64\VC100.PDB
