生成启动时间为 2015/6/10 11:40:41。
     1>项目“M:\移动护理\PacsMoudle\WindowsService\DICOM [Native]\x64\libijg8.x64.vcxproj”在节点 4 上(rebuild 个目标)。
     1>_PrepareForClean:
         正在删除文件“Release\libijg8.x64\libijg8.x64.lastbuildstate”。
       InitializeBuildStatus:
         正在创建“Release\libijg8.x64\libijg8.x64.unsuccessfulbuild”，因为已指定“AlwaysCreate”。
       ClCompile:
         h:\Program Files (x86)\Microsoft Visual Studio 10.0\VC\bin\x86_amd64\CL.exe /c /Zi /nologo /W3 /WX- /O2 /Oi /GL /D _MBCS /Gm- /EHsc /MD /GS /Gy /fp:precise /Zc:wchar_t /Zc:forScope /Fo"Release\libijg8.x64\\" /Fd"Release\libijg8.x64\vc100.pdb" /Gd /TC /errorReport:prompt ..\libijg8\jaricom.c ..\libijg8\jcapimin.c ..\libijg8\jcapistd.c ..\libijg8\jcarith.c ..\libijg8\jccoefct.c ..\libijg8\jccolor.c ..\libijg8\jcdctmgr.c ..\libijg8\jcdiffct.c ..\libijg8\jchuff.c ..\libijg8\jcinit.c ..\libijg8\jclhuff.c ..\libijg8\jclossls.c ..\libijg8\jclossy.c ..\libijg8\jcmainct.c ..\libijg8\jcmarker.c ..\libijg8\jcmaster.c ..\libijg8\jcodec.c ..\libijg8\jcomapi.c ..\libijg8\jcparam.c ..\libijg8\jcphuff.c ..\libijg8\jcpred.c ..\libijg8\jcprepct.c ..\libijg8\jcsample.c ..\libijg8\jcscale.c ..\libijg8\jcshuff.c ..\libijg8\jctrans.c ..\libijg8\jdapimin.c ..\libijg8\jdapistd.c ..\libijg8\jdarith.c ..\libijg8\jdatadst.c ..\libijg8\jdatasrc.c ..\libijg8\jdcoefct.c ..\libijg8\jdcolor.c ..\libijg8\jddctmgr.c ..\libijg8\jddiffct.c ..\libijg8\jdhuff.c ..\libijg8\jdinput.c ..\libijg8\jdlhuff.c ..\libijg8\jdlossls.c ..\libijg8\jdlossy.c ..\libijg8\jdmainct.c ..\libijg8\jdmarker.c ..\libijg8\jdmaster.c ..\libijg8\jdmerge.c ..\libijg8\jdphuff.c ..\libijg8\jdpostct.c ..\libijg8\jdpred.c ..\libijg8\jdsample.c ..\libijg8\jdscale.c ..\libijg8\jdshuff.c ..\libijg8\jdtrans.c ..\libijg8\jerror.c ..\libijg8\jfdctflt.c ..\libijg8\jfdctfst.c ..\libijg8\jfdctint.c ..\libijg8\jidctflt.c ..\libijg8\jidctfst.c ..\libijg8\jidctint.c ..\libijg8\jidctred.c ..\libijg8\jmemmgr.c ..\libijg8\jmemnobs.c ..\libijg8\jquant1.c ..\libijg8\jquant2.c ..\libijg8\jutils.c
         jaricom.c
         jcapimin.c
         jcapistd.c
         jcarith.c
         jccoefct.c
         jccolor.c
         jcdctmgr.c
         jcdiffct.c
         jchuff.c
         jcinit.c
         jclhuff.c
         jclossls.c
         jclossy.c
         jcmainct.c
         jcmarker.c
         jcmaster.c
         jcodec.c
         jcomapi.c
         jcparam.c
         jcphuff.c
         Compiling...
         jcpred.c
         jcprepct.c
         jcsample.c
         jcscale.c
         jcshuff.c
         jctrans.c
         jdapimin.c
         jdapistd.c
         jdarith.c
         jdatadst.c
         jdatasrc.c
         jdcoefct.c
         jdcolor.c
         jddctmgr.c
         jddiffct.c
         jdhuff.c
         jdinput.c
         jdlhuff.c
         jdlossls.c
         jdlossy.c
         Compiling...
         jdmainct.c
         jdmarker.c
         jdmaster.c
         jdmerge.c
         jdphuff.c
         jdpostct.c
         jdpred.c
         jdsample.c
         jdscale.c
         jdshuff.c
         jdtrans.c
         jerror.c
         jfdctflt.c
         jfdctfst.c
         jfdctint.c
         jidctflt.c
         jidctfst.c
         jidctint.c
         jidctred.c
         jmemmgr.c
     1>..\libijg8\jmemmgr.c(307): warning C4267: “+=”: 从“size_t”转换到“long”，可能丢失数据
     1>..\libijg8\jmemmgr.c(367): warning C4267: “+=”: 从“size_t”转换到“long”，可能丢失数据
     1>..\libijg8\jmemmgr.c(1029): warning C4267: “-=”: 从“size_t”转换到“long”，可能丢失数据
     1>..\libijg8\jmemmgr.c(1043): warning C4267: “-=”: 从“size_t”转换到“long”，可能丢失数据
         Compiling...
         jmemnobs.c
         jquant1.c
         jquant2.c
         jutils.c
       Lib:
         h:\Program Files (x86)\Microsoft Visual Studio 10.0\VC\bin\x86_amd64\Lib.exe /OUT:"Release\libijg8.x64\libijg8.x64.lib" /NOLOGO /LTCG Release\libijg8.x64\jaricom.obj
         Release\libijg8.x64\jcapimin.obj
         Release\libijg8.x64\jcapistd.obj
         Release\libijg8.x64\jcarith.obj
         Release\libijg8.x64\jccoefct.obj
         Release\libijg8.x64\jccolor.obj
         Release\libijg8.x64\jcdctmgr.obj
         Release\libijg8.x64\jcdiffct.obj
         Release\libijg8.x64\jchuff.obj
         Release\libijg8.x64\jcinit.obj
         Release\libijg8.x64\jclhuff.obj
         Release\libijg8.x64\jclossls.obj
         Release\libijg8.x64\jclossy.obj
         Release\libijg8.x64\jcmainct.obj
         Release\libijg8.x64\jcmarker.obj
         Release\libijg8.x64\jcmaster.obj
         Release\libijg8.x64\jcodec.obj
         Release\libijg8.x64\jcomapi.obj
         Release\libijg8.x64\jcparam.obj
         Release\libijg8.x64\jcphuff.obj
         Release\libijg8.x64\jcpred.obj
         Release\libijg8.x64\jcprepct.obj
         Release\libijg8.x64\jcsample.obj
         Release\libijg8.x64\jcscale.obj
         Release\libijg8.x64\jcshuff.obj
         Release\libijg8.x64\jctrans.obj
         Release\libijg8.x64\jdapimin.obj
         Release\libijg8.x64\jdapistd.obj
         Release\libijg8.x64\jdarith.obj
         Release\libijg8.x64\jdatadst.obj
         Release\libijg8.x64\jdatasrc.obj
         Release\libijg8.x64\jdcoefct.obj
         Release\libijg8.x64\jdcolor.obj
         Release\libijg8.x64\jddctmgr.obj
         Release\libijg8.x64\jddiffct.obj
         Release\libijg8.x64\jdhuff.obj
         Release\libijg8.x64\jdinput.obj
         Release\libijg8.x64\jdlhuff.obj
         Release\libijg8.x64\jdlossls.obj
         Release\libijg8.x64\jdlossy.obj
         Release\libijg8.x64\jdmainct.obj
         Release\libijg8.x64\jdmarker.obj
         Release\libijg8.x64\jdmaster.obj
         Release\libijg8.x64\jdmerge.obj
         Release\libijg8.x64\jdphuff.obj
         Release\libijg8.x64\jdpostct.obj
         Release\libijg8.x64\jdpred.obj
         Release\libijg8.x64\jdsample.obj
         Release\libijg8.x64\jdscale.obj
         Release\libijg8.x64\jdshuff.obj
         Release\libijg8.x64\jdtrans.obj
         Release\libijg8.x64\jerror.obj
         Release\libijg8.x64\jfdctflt.obj
         Release\libijg8.x64\jfdctfst.obj
         Release\libijg8.x64\jfdctint.obj
         Release\libijg8.x64\jidctflt.obj
         Release\libijg8.x64\jidctfst.obj
         Release\libijg8.x64\jidctint.obj
         Release\libijg8.x64\jidctred.obj
         Release\libijg8.x64\jmemmgr.obj
         Release\libijg8.x64\jmemnobs.obj
         Release\libijg8.x64\jquant1.obj
         Release\libijg8.x64\jquant2.obj
         Release\libijg8.x64\jutils.obj
         libijg8.x64.vcxproj -> M:\移动护理\PacsMoudle\WindowsService\DICOM [Native]\x64\Release\libijg8.x64\libijg8.x64.lib
       FinalizeBuildStatus:
         正在删除文件“Release\libijg8.x64\libijg8.x64.unsuccessfulbuild”。
         正在对“Release\libijg8.x64\libijg8.x64.lastbuildstate”执行 Touch 任务。
     1>已完成生成项目“M:\移动护理\PacsMoudle\WindowsService\DICOM [Native]\x64\libijg8.x64.vcxproj”(rebuild 个目标)的操作。

生成成功。

已用时间 00:00:15.82
