2016/3/24 14:26:29	=====================================================
开始拆分——病区：'1008N','101201N','1012N';需要拆分:0;已拆分:0

2016/3/24 14:26:29	----------------
拆分第1天
2016/3/24 14:26:49	----------------
拆分第2天
2016/3/24 14:27:09	----------------
拆分第3天
2016/3/24 14:27:42	
【一轮循环拆分结束】

2016/3/24 14:27:42	=====================================================
开始拆分——病区：'1008N','101201N','1012N';需要拆分:0;已拆分:0

2016/3/24 14:27:42	----------------
拆分第1天
2016/3/24 14:28:02	----------------
拆分第2天
2016/3/24 14:28:22	----------------
拆分第3天
2016/3/24 14:30:28	=====================================================
开始拆分——病区：'1008N','101201N','1012N';需要拆分:0;已拆分:0

2016/3/24 14:30:28	----------------
拆分第1天
2016/3/24 14:33:56	=====================================================
开始拆分——病区：'1008N','101201N','1012N';需要拆分:4;已拆分:0

2016/3/24 14:33:56	----------------
拆分第1天
2016/3/24 14:34:16	----------------
拆分第2天
2016/3/24 14:34:36	----------------
拆分第3天
2016/3/24 14:35:09	
【一轮循环拆分结束】

