2016/1/7 10:00:15	----------------
拆分第3天
2016/1/7 10:00:45	
【一轮循环拆分结束】

2016/1/7 10:00:45	=====================================================
开始拆分——病区：'100102N','1001N','1009N';需要拆分:88;已拆分:88

2016/1/7 10:00:45	----------------
拆分第1天
2016/1/7 10:01:05	----------------
拆分第2天
2016/1/7 10:01:25	----------------
拆分第3天
2016/1/7 10:01:55	
【一轮循环拆分结束】

2016/1/7 10:01:55	=====================================================
开始拆分——病区：'100102N','1001N','1009N';需要拆分:90;已拆分:88

2016/1/7 10:01:55	----------------
拆分第1天
2016/1/7 10:02:15	----------------
拆分第2天
2016/1/7 10:02:36	----------------
拆分第3天
2016/1/7 10:03:06	
【一轮循环拆分结束】

2016/1/7 10:03:06	=====================================================
开始拆分——病区：'100102N','1001N','1009N';需要拆分:88;已拆分:88

2016/1/7 10:03:06	----------------
拆分第1天
2016/1/7 10:03:26	----------------
拆分第2天
2016/1/7 10:03:46	----------------
拆分第3天
2016/1/7 10:04:16	
【一轮循环拆分结束】

2016/1/7 10:04:16	=====================================================
开始拆分——病区：'100102N','1001N','1009N';需要拆分:93;已拆分:88

2016/1/7 10:04:16	----------------
拆分第1天
2016/1/7 10:04:36	----------------
拆分第2天
2016/1/7 10:04:56	----------------
拆分第3天
2016/1/7 10:05:26	
【一轮循环拆分结束】

2016/1/7 10:05:26	=====================================================
开始拆分——病区：'100102N','1001N','1009N';需要拆分:88;已拆分:88

2016/1/7 10:05:26	----------------
拆分第1天
2016/1/7 10:05:46	----------------
拆分第2天
2016/1/7 10:06:06	----------------
拆分第3天
2016/1/7 10:06:36	
【一轮循环拆分结束】

2016/1/7 10:06:37	=====================================================
开始拆分——病区：'100102N','1001N','1009N';需要拆分:89;已拆分:88

2016/1/7 10:06:37	----------------
拆分第1天
2016/1/7 10:06:57	----------------
拆分第2天
2016/1/7 10:07:17	----------------
拆分第3天
2016/1/7 10:07:47	
【一轮循环拆分结束】

2016/1/7 10:07:47	=====================================================
开始拆分——病区：'100102N','1001N','1009N';需要拆分:95;已拆分:88

2016/1/7 10:07:47	----------------
拆分第1天
2016/1/7 10:08:07	----------------
拆分第2天
2016/1/7 10:08:27	----------------
拆分第3天
2016/1/7 10:08:57	
【一轮循环拆分结束】

2016/1/7 10:08:57	=====================================================
开始拆分——病区：'100102N','1001N','1009N';需要拆分:88;已拆分:88

2016/1/7 10:08:57	----------------
拆分第1天
2016/1/7 10:09:17	----------------
拆分第2天
2016/1/7 10:09:37	----------------
拆分第3天
2016/1/7 10:10:07	
【一轮循环拆分结束】

2016/1/7 10:10:17	=====================================================
开始拆分——病区：'100102N','1001N','1009N';需要拆分:90;已拆分:88

2016/1/7 10:10:23	----------------
拆分第1天
2016/1/7 10:10:58	----------------
拆分第2天
2016/1/7 10:17:57	=====================================================
开始拆分——病区：'100102N','1001N','1009N';需要拆分:101;已拆分:88

2016/1/7 10:17:57	----------------
拆分第1天
2016/1/7 10:18:17	----------------
拆分第2天
2016/1/7 10:18:37	----------------
拆分第3天
2016/1/7 10:19:29	
【一轮循环拆分结束】

2016/1/7 10:19:42	=====================================================
开始拆分——病区：'100102N','1001N','1009N';需要拆分:91;已拆分:88

2016/1/7 10:19:42	----------------
拆分第1天
2016/1/7 10:28:24	----------------
拆分第2天
2016/1/7 10:28:58	----------------
拆分第3天
2016/1/7 10:29:39	
【一轮循环拆分结束】

2016/1/7 10:29:50	=====================================================
开始拆分——病区：'100102N','1001N','1009N';需要拆分:88;已拆分:88

2016/1/7 10:29:50	----------------
拆分第1天
2016/1/7 10:30:11	----------------
拆分第2天
2016/1/7 10:30:34	----------------
拆分第3天
2016/1/7 10:34:24	=====================================================
开始拆分——病区：'100102N','1001N','1009N';需要拆分:88;已拆分:88

2016/1/7 10:34:24	----------------
拆分第1天
2016/1/7 10:34:44	----------------
拆分第2天
2016/1/7 10:35:04	----------------
拆分第3天
2016/1/7 10:35:37	
【一轮循环拆分结束】

2016/1/7 10:47:31	=====================================================
开始拆分——病区：'100102N','1001N','1009N';需要拆分:88;已拆分:88

2016/1/7 10:47:31	----------------
拆分第1天
2016/1/7 10:55:12	=====================================================
开始拆分——病区：'100102N','1001N','1009N';需要拆分:156;已拆分:88

2016/1/7 10:55:12	----------------
拆分第1天
2016/1/7 10:59:44	=====================================================
开始拆分——病区：'100102N','1001N','1009N';需要拆分:160;已拆分:88

2016/1/7 10:59:44	----------------
拆分第1天
