2016/1/11 19:26:07	=====================================================
开始拆分——病区：'100101N','100103N','1002N';需要拆分:0;已拆分:0

2016/1/11 19:26:07	----------------
拆分第1天
2016/1/11 19:26:27	----------------
拆分第2天
2016/1/11 19:26:47	----------------
拆分第3天
2016/1/11 19:27:21	
【一轮循环拆分结束】

2016/1/11 19:27:21	=====================================================
开始拆分——病区：'100101N','100103N','1002N';需要拆分:0;已拆分:0

2016/1/11 19:27:21	----------------
拆分第1天
2016/1/11 19:27:41	----------------
拆分第2天
2016/1/11 19:28:01	----------------
拆分第3天
2016/1/11 19:28:31	
【一轮循环拆分结束】

2016/1/11 19:28:31	=====================================================
开始拆分——病区：'100101N','100103N','1002N';需要拆分:0;已拆分:0

2016/1/11 19:28:31	----------------
拆分第1天
2016/1/11 19:28:51	----------------
拆分第2天
2016/1/11 19:29:11	----------------
拆分第3天
2016/1/11 19:29:41	
【一轮循环拆分结束】

2016/1/11 19:29:41	=====================================================
开始拆分——病区：'100101N','100103N','1002N';需要拆分:0;已拆分:0

2016/1/11 19:29:41	----------------
拆分第1天
2016/1/11 19:30:01	----------------
拆分第2天
2016/1/11 19:30:24	=====================================================
开始拆分——病区：'100101N','100103N','1002N';需要拆分:0;已拆分:0

2016/1/11 19:30:24	----------------
拆分第1天
2016/1/11 19:30:44	----------------
拆分第2天
2016/1/11 19:31:04	----------------
拆分第3天
2016/1/11 19:31:37	
【一轮循环拆分结束】

2016/1/11 19:31:37	=====================================================
开始拆分——病区：'100101N','100103N','1002N';需要拆分:0;已拆分:0

2016/1/11 19:31:37	----------------
拆分第1天
2016/1/11 19:31:57	----------------
拆分第2天
2016/1/11 19:39:28	=====================================================
开始拆分——病区：'100101N','100103N','1002N';需要拆分:0;已拆分:0

2016/1/11 19:39:28	----------------
拆分第1天
2016/1/11 19:39:48	----------------
拆分第2天
2016/1/11 19:40:08	----------------
拆分第3天
2016/1/11 19:40:41	
【一轮循环拆分结束】

2016/1/11 19:40:41	=====================================================
开始拆分——病区：'100101N','100103N','1002N';需要拆分:0;已拆分:0

2016/1/11 19:40:41	----------------
拆分第1天
2016/1/11 19:41:01	----------------
拆分第2天
2016/1/11 19:41:21	----------------
拆分第3天
2016/1/11 19:49:48	=====================================================
开始拆分——病区：'100101N','100103N','1002N';需要拆分:0;已拆分:0

2016/1/11 19:49:48	----------------
拆分第1天
2016/1/11 19:50:08	----------------
拆分第2天
2016/1/11 19:50:28	----------------
拆分第3天
2016/1/11 19:51:01	
【一轮循环拆分结束】

2016/1/11 19:51:01	=====================================================
开始拆分——病区：'100101N','100103N','1002N';需要拆分:0;已拆分:0

2016/1/11 19:51:01	----------------
拆分第1天
2016/1/11 19:51:21	----------------
拆分第2天
2016/1/11 19:51:41	----------------
拆分第3天
2016/1/11 19:53:27	
【一轮循环拆分结束】

2016/1/11 19:53:27	=====================================================
开始拆分——病区：'100101N','100103N','1002N';需要拆分:0;已拆分:0

2016/1/11 19:53:27	----------------
拆分第1天
2016/1/11 19:53:47	----------------
拆分第2天
2016/1/11 19:54:07	----------------
拆分第3天
2016/1/11 19:54:37	
【一轮循环拆分结束】

2016/1/11 19:54:38	=====================================================
开始拆分——病区：'100101N','100103N','1002N';需要拆分:0;已拆分:0

2016/1/11 19:54:38	----------------
拆分第1天
2016/1/11 19:54:58	----------------
拆分第2天
2016/1/11 19:55:18	----------------
拆分第3天
2016/1/11 19:55:48	
【一轮循环拆分结束】

2016/1/11 19:55:48	=====================================================
开始拆分——病区：'100101N','100103N','1002N';需要拆分:0;已拆分:0

2016/1/11 19:55:48	----------------
拆分第1天
2016/1/11 19:56:08	----------------
拆分第2天
2016/1/11 19:56:28	----------------
拆分第3天
