2016/1/11 20:00:27	=====================================================
开始拆分——病区：'100101N','100103N','1002N';需要拆分:0;已拆分:0

2016/1/11 20:00:27	----------------
拆分第1天
2016/1/11 20:00:47	----------------
拆分第2天
2016/1/11 20:01:07	----------------
拆分第3天
2016/1/11 20:01:40	
【一轮循环拆分结束】

2016/1/11 20:01:40	=====================================================
开始拆分——病区：'100101N','100103N','1002N';需要拆分:0;已拆分:0

2016/1/11 20:01:40	----------------
拆分第1天
2016/1/11 20:02:00	----------------
拆分第2天
2016/1/11 20:02:20	----------------
拆分第3天
2016/1/11 20:02:50	
【一轮循环拆分结束】

2016/1/11 20:02:50	=====================================================
开始拆分——病区：'100101N','100103N','1002N';需要拆分:0;已拆分:0

2016/1/11 20:02:50	----------------
拆分第1天
2016/1/11 20:03:10	----------------
拆分第2天
2016/1/11 20:03:30	----------------
拆分第3天
2016/1/11 20:04:00	
【一轮循环拆分结束】

2016/1/11 20:04:00	=====================================================
开始拆分——病区：'100101N','100103N','1002N';需要拆分:0;已拆分:0

2016/1/11 20:04:00	----------------
拆分第1天
2016/1/11 20:04:20	----------------
拆分第2天
2016/1/11 20:04:40	----------------
拆分第3天
2016/1/11 20:05:10	
【一轮循环拆分结束】

2016/1/11 20:05:10	=====================================================
开始拆分——病区：'100101N','100103N','1002N';需要拆分:0;已拆分:0

2016/1/11 20:05:10	----------------
拆分第1天
2016/1/11 20:05:30	----------------
拆分第2天
2016/1/11 20:05:50	----------------
拆分第3天
2016/1/11 20:06:20	
【一轮循环拆分结束】

2016/1/11 20:06:20	=====================================================
开始拆分——病区：'100101N','100103N','1002N';需要拆分:0;已拆分:0

2016/1/11 20:06:20	----------------
拆分第1天
2016/1/11 20:06:40	----------------
拆分第2天
2016/1/11 20:07:00	----------------
拆分第3天
2016/1/11 20:07:30	
【一轮循环拆分结束】

2016/1/11 20:07:31	=====================================================
开始拆分——病区：'100101N','100103N','1002N';需要拆分:0;已拆分:0

2016/1/11 20:07:31	----------------
拆分第1天
2016/1/11 20:07:51	----------------
拆分第2天
2016/1/11 20:08:11	----------------
拆分第3天
2016/1/11 20:08:41	
【一轮循环拆分结束】

2016/1/11 20:08:41	=====================================================
开始拆分——病区：'100101N','100103N','1002N';需要拆分:0;已拆分:0

2016/1/11 20:08:41	----------------
拆分第1天
2016/1/11 20:09:01	----------------
拆分第2天
2016/1/11 20:09:21	----------------
拆分第3天
2016/1/11 20:09:51	
【一轮循环拆分结束】

2016/1/11 20:09:51	=====================================================
开始拆分——病区：'100101N','100103N','1002N';需要拆分:0;已拆分:0

2016/1/11 20:09:51	----------------
拆分第1天
2016/1/11 20:10:11	----------------
拆分第2天
2016/1/11 20:10:31	----------------
拆分第3天
2016/1/11 20:11:01	
【一轮循环拆分结束】

2016/1/11 20:11:01	=====================================================
开始拆分——病区：'100101N','100103N','1002N';需要拆分:0;已拆分:0

2016/1/11 20:11:01	----------------
拆分第1天
2016/1/11 20:11:21	----------------
拆分第2天
2016/1/11 20:11:41	----------------
拆分第3天
2016/1/11 20:12:11	
【一轮循环拆分结束】

2016/1/11 20:12:11	=====================================================
开始拆分——病区：'100101N','100103N','1002N';需要拆分:0;已拆分:0

2016/1/11 20:12:11	----------------
拆分第1天
2016/1/11 20:12:31	----------------
拆分第2天
2016/1/11 20:12:54	=====================================================
开始拆分——病区：'100101N','100103N','1002N';需要拆分:0;已拆分:0

2016/1/11 20:12:54	----------------
拆分第1天
2016/1/11 20:13:14	----------------
拆分第2天
2016/1/11 20:13:34	----------------
拆分第3天
2016/1/11 20:25:51	=====================================================
开始拆分——病区：'100101N','100103N','1002N';需要拆分:0;已拆分:0

2016/1/11 20:25:51	----------------
拆分第1天
2016/1/11 20:26:11	----------------
拆分第2天
2016/1/11 20:26:31	----------------
拆分第3天
