2016/1/7 10:00:17	----------------
拆分第3天
2016/1/7 10:00:48	
【一轮循环拆分结束】

2016/1/7 10:00:48	=====================================================
开始拆分——病区：'100101N','100103N','1002N';需要拆分:139;已拆分:2731

2016/1/7 10:00:48	----------------
拆分第1天
2016/1/7 10:01:08	----------------
拆分第2天
2016/1/7 10:01:28	----------------
拆分第3天
2016/1/7 10:01:58	
【一轮循环拆分结束】

2016/1/7 10:01:59	=====================================================
开始拆分——病区：'100101N','100103N','1002N';需要拆分:134;已拆分:2731

2016/1/7 10:01:59	----------------
拆分第1天
2016/1/7 10:02:19	----------------
拆分第2天
2016/1/7 10:02:39	----------------
拆分第3天
2016/1/7 10:03:09	
【一轮循环拆分结束】

2016/1/7 10:03:10	=====================================================
开始拆分——病区：'100101N','100103N','1002N';需要拆分:137;已拆分:2731

2016/1/7 10:03:10	----------------
拆分第1天
2016/1/7 10:03:30	----------------
拆分第2天
2016/1/7 10:03:50	----------------
拆分第3天
2016/1/7 10:04:20	
【一轮循环拆分结束】

2016/1/7 10:04:20	=====================================================
开始拆分——病区：'100101N','100103N','1002N';需要拆分:134;已拆分:2731

2016/1/7 10:04:20	----------------
拆分第1天
2016/1/7 10:04:40	----------------
拆分第2天
2016/1/7 10:05:00	----------------
拆分第3天
2016/1/7 10:05:31	
【一轮循环拆分结束】

2016/1/7 10:05:31	=====================================================
开始拆分——病区：'100101N','100103N','1002N';需要拆分:138;已拆分:2731

2016/1/7 10:05:31	----------------
拆分第1天
2016/1/7 10:05:51	----------------
拆分第2天
2016/1/7 10:06:11	----------------
拆分第3天
2016/1/7 10:06:41	
【一轮循环拆分结束】

2016/1/7 10:06:42	=====================================================
开始拆分——病区：'100101N','100103N','1002N';需要拆分:134;已拆分:2731

2016/1/7 10:06:42	----------------
拆分第1天
2016/1/7 10:07:02	----------------
拆分第2天
2016/1/7 10:07:22	----------------
拆分第3天
2016/1/7 10:07:52	
【一轮循环拆分结束】

2016/1/7 10:07:53	=====================================================
开始拆分——病区：'100101N','100103N','1002N';需要拆分:136;已拆分:2727

2016/1/7 10:07:53	----------------
拆分第1天
2016/1/7 10:08:13	----------------
拆分第2天
2016/1/7 10:08:33	----------------
拆分第3天
2016/1/7 10:09:03	
【一轮循环拆分结束】

2016/1/7 10:09:04	=====================================================
开始拆分——病区：'100101N','100103N','1002N';需要拆分:134;已拆分:2727

2016/1/7 10:09:04	----------------
拆分第1天
2016/1/7 10:09:24	----------------
拆分第2天
2016/1/7 10:09:44	----------------
拆分第3天
2016/1/7 10:18:02	=====================================================
开始拆分——病区：'100101N','100103N','1002N';需要拆分:167;已拆分:2727

2016/1/7 10:18:02	----------------
拆分第1天
2016/1/7 10:18:22	----------------
拆分第2天
2016/1/7 10:18:42	----------------
拆分第3天
2016/1/7 10:19:22	
【一轮循环拆分结束】

2016/1/7 10:28:36	=====================================================
开始拆分——病区：'100101N','100103N','1002N';需要拆分:137;已拆分:2727

2016/1/7 10:28:36	----------------
拆分第1天
2016/1/7 10:29:02	----------------
拆分第2天
2016/1/7 10:29:24	----------------
拆分第3天
2016/1/7 10:30:06	
【一轮循环拆分结束】

2016/1/7 10:30:10	=====================================================
开始拆分——病区：'100101N','100103N','1002N';需要拆分:134;已拆分:2727

2016/1/7 10:30:10	----------------
拆分第1天
2016/1/7 10:30:34	----------------
拆分第2天
