2016/1/7 10:00:16	----------------
拆分第3天
2016/1/7 10:00:46	
【一轮循环拆分结束】

2016/1/7 10:00:47	=====================================================
开始拆分——病区：'1003N','1006N','1007N';需要拆分:208;已拆分:3916

2016/1/7 10:00:47	----------------
拆分第1天
2016/1/7 10:01:07	----------------
拆分第2天
2016/1/7 10:01:27	----------------
拆分第3天
2016/1/7 10:01:57	
【一轮循环拆分结束】

2016/1/7 10:01:58	=====================================================
开始拆分——病区：'1003N','1006N','1007N';需要拆分:220;已拆分:3916

2016/1/7 10:01:58	----------------
拆分第1天
2016/1/7 10:02:18	----------------
拆分第2天
2016/1/7 10:02:38	----------------
拆分第3天
2016/1/7 10:03:08	
【一轮循环拆分结束】

2016/1/7 10:03:09	=====================================================
开始拆分——病区：'1003N','1006N','1007N';需要拆分:209;已拆分:3916

2016/1/7 10:03:09	----------------
拆分第1天
2016/1/7 10:03:29	----------------
拆分第2天
2016/1/7 10:03:49	----------------
拆分第3天
2016/1/7 10:04:19	
【一轮循环拆分结束】

2016/1/7 10:04:19	=====================================================
开始拆分——病区：'1003N','1006N','1007N';需要拆分:210;已拆分:3916

2016/1/7 10:04:19	----------------
拆分第1天
2016/1/7 10:04:40	----------------
拆分第2天
2016/1/7 10:05:00	----------------
拆分第3天
2016/1/7 10:05:30	
【一轮循环拆分结束】

2016/1/7 10:05:30	=====================================================
开始拆分——病区：'1003N','1006N','1007N';需要拆分:203;已拆分:3916

2016/1/7 10:05:30	----------------
拆分第1天
2016/1/7 10:05:50	----------------
拆分第2天
2016/1/7 10:06:10	----------------
拆分第3天
2016/1/7 10:06:40	
【一轮循环拆分结束】

2016/1/7 10:06:41	=====================================================
开始拆分——病区：'1003N','1006N','1007N';需要拆分:209;已拆分:3916

2016/1/7 10:06:41	----------------
拆分第1天
2016/1/7 10:07:01	----------------
拆分第2天
2016/1/7 10:07:21	----------------
拆分第3天
2016/1/7 10:07:51	
【一轮循环拆分结束】

2016/1/7 10:07:51	=====================================================
开始拆分——病区：'1003N','1006N','1007N';需要拆分:202;已拆分:3916

2016/1/7 10:07:51	----------------
拆分第1天
2016/1/7 10:08:12	----------------
拆分第2天
2016/1/7 10:08:32	----------------
拆分第3天
2016/1/7 10:09:02	
【一轮循环拆分结束】

2016/1/7 10:09:02	=====================================================
开始拆分——病区：'1003N','1006N','1007N';需要拆分:202;已拆分:3916

2016/1/7 10:09:02	----------------
拆分第1天
2016/1/7 10:09:22	----------------
拆分第2天
2016/1/7 10:09:42	----------------
拆分第3天
2016/1/7 10:18:00	=====================================================
开始拆分——病区：'1003N','1006N','1007N';需要拆分:215;已拆分:3908

2016/1/7 10:18:00	----------------
拆分第1天
2016/1/7 10:18:20	----------------
拆分第2天
2016/1/7 10:18:40	----------------
拆分第3天
2016/1/7 10:19:22	
【一轮循环拆分结束】

2016/1/7 10:28:58	=====================================================
开始拆分——病区：'1003N','1006N','1007N';需要拆分:196;已拆分:3908

2016/1/7 10:28:58	----------------
拆分第1天
2016/1/7 10:29:19	----------------
拆分第2天
2016/1/7 10:29:50	----------------
拆分第3天
2016/1/7 10:30:21	
【一轮循环拆分结束】

2016/1/7 10:30:36	=====================================================
开始拆分——病区：'1003N','1006N','1007N';需要拆分:194;已拆分:3908

2016/1/7 10:30:36	----------------
拆分第1天
