2016/1/7 9:57:11	=====================================================
开始拆分——病区：'100102N','1001N','1009N';需要拆分:2209;已拆分:0

2016/1/7 9:57:11	----------------
拆分第1天
2016/1/7 9:57:31	----------------
拆分第2天
2016/1/7 9:57:51	----------------
拆分第3天
2016/1/7 9:58:24	
【一轮循环拆分结束】

2016/1/7 9:58:24	=====================================================
开始拆分——病区：'100102N','1001N','1009N';需要拆分:91;已拆分:63

2016/1/7 9:58:24	----------------
拆分第1天
2016/1/7 9:58:44	----------------
拆分第2天
2016/1/7 9:59:04	----------------
拆分第3天
2016/1/7 9:59:35	
【一轮循环拆分结束】

2016/1/7 9:59:35	=====================================================
开始拆分——病区：'100102N','1001N','1009N';需要拆分:88;已拆分:88

2016/1/7 9:59:35	----------------
拆分第1天
2016/1/7 9:59:55	----------------
拆分第2天
