2016/1/7 9:57:13	=====================================================
开始拆分——病区：'100101N','100103N','1002N';需要拆分:1991;已拆分:0

2016/1/7 9:57:13	----------------
拆分第1天
2016/1/7 9:57:33	----------------
拆分第2天
2016/1/7 9:57:53	----------------
拆分第3天
2016/1/7 9:58:26	
【一轮循环拆分结束】

2016/1/7 9:58:26	=====================================================
开始拆分——病区：'100101N','100103N','1002N';需要拆分:137;已拆分:2731

2016/1/7 9:58:26	----------------
拆分第1天
2016/1/7 9:58:46	----------------
拆分第2天
2016/1/7 9:59:07	----------------
拆分第3天
2016/1/7 9:59:37	
【一轮循环拆分结束】

2016/1/7 9:59:37	=====================================================
开始拆分——病区：'100101N','100103N','1002N';需要拆分:137;已拆分:2731

2016/1/7 9:59:37	----------------
拆分第1天
2016/1/7 9:59:57	----------------
拆分第2天
