2016/1/19 12:00:02	----------------
拆分第3天
2016/1/19 12:00:32	
【一轮循环拆分结束】

2016/1/19 12:00:33	ORA-12571: TNS: 包写入程序失败
   在 System.Data.OracleClient.OracleConnection.CheckError(OciErrorHandle errorHandle, Int32 rc)
   在 System.Data.OracleClient.OracleCommand.Execute(OciStatementHandle statementHandle, CommandBehavior behavior, Boolean needRowid, OciRowidDescriptor& rowidDescriptor, ArrayList& resultParameterOrdinals)
   在 System.Data.OracleClient.OracleCommand.Execute(OciStatementHandle statementHandle, CommandBehavior behavior, ArrayList& resultParameterOrdinals)
   在 System.Data.OracleClient.OracleCommand.ExecuteReader(CommandBehavior behavior)
   在 System.Data.OracleClient.OracleCommand.ExecuteDbDataReader(CommandBehavior behavior)
   在 System.Data.Common.DbCommand.System.Data.IDbCommand.ExecuteReader()
   在 HISPlus.DbAccess.SelectValue(String sqlSel)
   在 OrderSplitHelper.OrderSplit.GetSysDate() 位置 D:\心医\项目\orderSplit\OrderSplit\OrderSplitHelper\OrderSplit.cs:行号 107
   在 HISPlus.OrderSplitter.SplitOrders() 位置 D:\心医\项目\orderSplit\OrderSplit\OrdersSplit1\OrdersSplit\OrderSplitter.cs:行号 334
2016/1/19 12:00:33	
【一轮循环拆分结束】

2016/1/19 12:00:33	=====================================================
开始拆分——病区：'1038N','1027N','1029N';需要拆分:115;已拆分:3241

2016/1/19 12:00:33	----------------
拆分第1天
2016/1/19 12:00:53	----------------
拆分第2天
2016/1/19 12:01:13	----------------
拆分第3天
2016/1/19 12:01:43	
【一轮循环拆分结束】

2016/1/19 12:01:44	=====================================================
开始拆分——病区：'1038N','1027N','1029N';需要拆分:115;已拆分:3241

2016/1/19 12:01:44	----------------
拆分第1天
2016/1/19 12:02:04	----------------
拆分第2天
2016/1/19 12:02:24	----------------
拆分第3天
2016/1/19 12:02:54	
【一轮循环拆分结束】

2016/1/19 12:02:54	=====================================================
开始拆分——病区：'1038N','1027N','1029N';需要拆分:115;已拆分:3241

2016/1/19 12:02:54	----------------
拆分第1天
2016/1/19 12:03:14	----------------
拆分第2天
2016/1/19 12:03:34	----------------
拆分第3天
2016/1/19 12:04:06	
【一轮循环拆分结束】

2016/1/19 12:04:06	=====================================================
开始拆分——病区：'1038N','1027N','1029N';需要拆分:115;已拆分:3241

2016/1/19 12:04:06	----------------
拆分第1天
2016/1/19 12:04:26	----------------
拆分第2天
2016/1/19 12:04:46	----------------
拆分第3天
2016/1/19 12:05:17	
【一轮循环拆分结束】

2016/1/19 12:05:17	=====================================================
开始拆分——病区：'1038N','1027N','1029N';需要拆分:115;已拆分:3241

2016/1/19 12:05:17	----------------
拆分第1天
2016/1/19 12:05:37	----------------
拆分第2天
2016/1/19 12:05:57	----------------
拆分第3天
2016/1/19 12:06:27	
【一轮循环拆分结束】

2016/1/19 12:06:27	=====================================================
开始拆分——病区：'1038N','1027N','1029N';需要拆分:115;已拆分:3241

2016/1/19 12:06:27	----------------
拆分第1天
2016/1/19 12:06:47	----------------
拆分第2天
2016/1/19 12:07:07	----------------
拆分第3天
2016/1/19 12:07:37	
【一轮循环拆分结束】

2016/1/19 12:07:38	=====================================================
开始拆分——病区：'1038N','1027N','1029N';需要拆分:115;已拆分:3241

2016/1/19 12:07:38	----------------
拆分第1天
2016/1/19 12:07:58	----------------
拆分第2天
2016/1/19 12:08:18	----------------
拆分第3天
2016/1/19 12:08:48	
【一轮循环拆分结束】

2016/1/19 12:08:48	=====================================================
开始拆分——病区：'1038N','1027N','1029N';需要拆分:115;已拆分:3241

2016/1/19 12:08:48	----------------
拆分第1天
2016/1/19 12:09:08	----------------
拆分第2天
2016/1/19 12:09:28	----------------
拆分第3天
2016/1/19 12:09:58	
【一轮循环拆分结束】

2016/1/19 12:09:59	=====================================================
开始拆分——病区：'1038N','1027N','1029N';需要拆分:115;已拆分:3241

2016/1/19 12:09:59	----------------
拆分第1天
2016/1/19 12:10:19	----------------
拆分第2天
2016/1/19 12:10:39	----------------
拆分第3天
2016/1/19 12:11:09	
【一轮循环拆分结束】

2016/1/19 12:11:09	=====================================================
开始拆分——病区：'1038N','1027N','1029N';需要拆分:115;已拆分:3241

2016/1/19 12:11:09	----------------
拆分第1天
2016/1/19 12:11:29	----------------
拆分第2天
2016/1/19 12:11:49	----------------
拆分第3天
2016/1/19 12:12:19	
【一轮循环拆分结束】

2016/1/19 12:12:20	=====================================================
开始拆分——病区：'1038N','1027N','1029N';需要拆分:115;已拆分:3241

2016/1/19 12:12:20	----------------
拆分第1天
2016/1/19 12:12:40	----------------
拆分第2天
2016/1/19 12:13:00	----------------
拆分第3天
2016/1/19 12:13:30	
【一轮循环拆分结束】

2016/1/19 12:13:30	=====================================================
开始拆分——病区：'1038N','1027N','1029N';需要拆分:115;已拆分:3241

2016/1/19 12:13:30	----------------
拆分第1天
2016/1/19 12:13:50	----------------
拆分第2天
2016/1/19 12:14:10	----------------
拆分第3天
2016/1/19 12:14:40	
【一轮循环拆分结束】

2016/1/19 12:14:41	=====================================================
开始拆分——病区：'1038N','1027N','1029N';需要拆分:115;已拆分:3241

2016/1/19 12:14:41	----------------
拆分第1天
2016/1/19 12:15:01	----------------
拆分第2天
2016/1/19 12:15:21	----------------
拆分第3天
2016/1/19 12:15:52	
【一轮循环拆分结束】

2016/1/19 12:15:52	=====================================================
开始拆分——病区：'1038N','1027N','1029N';需要拆分:115;已拆分:3241

2016/1/19 12:15:52	----------------
拆分第1天
2016/1/19 12:16:12	----------------
拆分第2天
2016/1/19 12:16:32	----------------
拆分第3天
2016/1/19 12:17:02	
【一轮循环拆分结束】

2016/1/19 12:17:03	=====================================================
开始拆分——病区：'1038N','1027N','1029N';需要拆分:115;已拆分:3241

2016/1/19 12:17:03	----------------
拆分第1天
2016/1/19 12:17:23	----------------
拆分第2天
2016/1/19 12:17:43	----------------
拆分第3天
2016/1/19 12:18:13	
【一轮循环拆分结束】

2016/1/19 12:18:13	=====================================================
开始拆分——病区：'1038N','1027N','1029N';需要拆分:115;已拆分:3241

2016/1/19 12:18:13	----------------
拆分第1天
2016/1/19 12:18:33	----------------
拆分第2天
2016/1/19 12:18:53	----------------
拆分第3天
2016/1/19 12:19:23	
【一轮循环拆分结束】

2016/1/19 12:19:24	=====================================================
开始拆分——病区：'1038N','1027N','1029N';需要拆分:115;已拆分:3241

2016/1/19 12:19:24	----------------
拆分第1天
2016/1/19 12:19:44	----------------
拆分第2天
2016/1/19 12:20:04	----------------
拆分第3天
2016/1/19 12:20:34	
【一轮循环拆分结束】

2016/1/19 12:20:34	=====================================================
开始拆分——病区：'1038N','1027N','1029N';需要拆分:115;已拆分:3241

2016/1/19 12:20:34	----------------
拆分第1天
2016/1/19 12:20:54	----------------
拆分第2天
2016/1/19 12:21:14	----------------
拆分第3天
2016/1/19 12:21:44	
【一轮循环拆分结束】

2016/1/19 12:21:45	=====================================================
开始拆分——病区：'1038N','1027N','1029N';需要拆分:115;已拆分:3241

2016/1/19 12:21:45	----------------
拆分第1天
2016/1/19 12:22:05	----------------
拆分第2天
2016/1/19 12:22:25	----------------
拆分第3天
2016/1/19 12:22:55	
【一轮循环拆分结束】

2016/1/19 12:22:55	=====================================================
开始拆分——病区：'1038N','1027N','1029N';需要拆分:115;已拆分:3241

2016/1/19 12:22:55	----------------
拆分第1天
2016/1/19 12:23:15	----------------
拆分第2天
2016/1/19 12:23:35	----------------
拆分第3天
2016/1/19 12:24:05	
【一轮循环拆分结束】

2016/1/19 12:24:06	=====================================================
开始拆分——病区：'1038N','1027N','1029N';需要拆分:115;已拆分:3241

2016/1/19 12:24:06	----------------
拆分第1天
2016/1/19 12:24:26	----------------
拆分第2天
2016/1/19 12:24:46	----------------
拆分第3天
2016/1/19 12:25:16	
【一轮循环拆分结束】

2016/1/19 12:25:16	=====================================================
开始拆分——病区：'1038N','1027N','1029N';需要拆分:115;已拆分:3241

2016/1/19 12:25:16	----------------
拆分第1天
2016/1/19 12:25:36	----------------
拆分第2天
2016/1/19 12:25:56	----------------
拆分第3天
2016/1/19 12:26:29	
【一轮循环拆分结束】

2016/1/19 12:26:30	=====================================================
开始拆分——病区：'1038N','1027N','1029N';需要拆分:115;已拆分:3241

2016/1/19 12:26:30	----------------
拆分第1天
2016/1/19 12:26:50	----------------
拆分第2天
2016/1/19 12:27:10	----------------
拆分第3天
2016/1/19 12:27:41	
【一轮循环拆分结束】

2016/1/19 12:27:41	=====================================================
开始拆分——病区：'1038N','1027N','1029N';需要拆分:115;已拆分:3241

2016/1/19 12:27:41	----------------
拆分第1天
2016/1/19 12:28:01	----------------
拆分第2天
2016/1/19 12:28:21	----------------
拆分第3天
2016/1/19 12:28:51	
【一轮循环拆分结束】

2016/1/19 12:28:52	=====================================================
开始拆分——病区：'1038N','1027N','1029N';需要拆分:115;已拆分:3241

2016/1/19 12:28:52	----------------
拆分第1天
2016/1/19 12:29:12	----------------
拆分第2天
2016/1/19 12:29:32	----------------
拆分第3天
2016/1/19 12:30:02	
【一轮循环拆分结束】

2016/1/19 12:30:02	=====================================================
开始拆分——病区：'1038N','1027N','1029N';需要拆分:115;已拆分:3241

2016/1/19 12:30:02	----------------
拆分第1天
2016/1/19 12:30:22	----------------
拆分第2天
2016/1/19 12:30:42	----------------
拆分第3天
2016/1/19 12:31:12	
【一轮循环拆分结束】

2016/1/19 12:31:13	=====================================================
开始拆分——病区：'1038N','1027N','1029N';需要拆分:115;已拆分:3241

2016/1/19 12:31:13	----------------
拆分第1天
2016/1/19 12:31:33	----------------
拆分第2天
2016/1/19 12:31:53	----------------
拆分第3天
2016/1/19 12:32:23	
【一轮循环拆分结束】

2016/1/19 12:32:23	=====================================================
开始拆分——病区：'1038N','1027N','1029N';需要拆分:115;已拆分:3241

2016/1/19 12:32:23	----------------
拆分第1天
2016/1/19 12:32:43	----------------
拆分第2天
2016/1/19 12:33:03	----------------
拆分第3天
2016/1/19 12:33:33	
【一轮循环拆分结束】

2016/1/19 12:33:34	=====================================================
开始拆分——病区：'1038N','1027N','1029N';需要拆分:115;已拆分:3241

2016/1/19 12:33:34	----------------
拆分第1天
2016/1/19 12:33:54	----------------
拆分第2天
2016/1/19 12:34:14	----------------
拆分第3天
2016/1/19 12:34:44	
【一轮循环拆分结束】

2016/1/19 12:34:44	=====================================================
开始拆分——病区：'1038N','1027N','1029N';需要拆分:115;已拆分:3241

2016/1/19 12:34:44	----------------
拆分第1天
2016/1/19 12:35:05	----------------
拆分第2天
2016/1/19 12:35:25	----------------
拆分第3天
2016/1/19 12:35:55	
【一轮循环拆分结束】

2016/1/19 12:35:55	ORA-12571: TNS: 包写入程序失败
   在 System.Data.OracleClient.OracleConnection.CheckError(OciErrorHandle errorHandle, Int32 rc)
   在 System.Data.OracleClient.OracleCommand.Execute(OciStatementHandle statementHandle, CommandBehavior behavior, Boolean needRowid, OciRowidDescriptor& rowidDescriptor, ArrayList& resultParameterOrdinals)
   在 System.Data.OracleClient.OracleCommand.Execute(OciStatementHandle statementHandle, CommandBehavior behavior, ArrayList& resultParameterOrdinals)
   在 System.Data.OracleClient.OracleCommand.ExecuteReader(CommandBehavior behavior)
   在 System.Data.OracleClient.OracleCommand.ExecuteDbDataReader(CommandBehavior behavior)
   在 System.Data.Common.DbCommand.System.Data.IDbCommand.ExecuteReader()
   在 HISPlus.DbAccess.SelectValue(String sqlSel)
   在 OrderSplitHelper.OrderSplit.GetSysDate() 位置 D:\心医\项目\orderSplit\OrderSplit\OrderSplitHelper\OrderSplit.cs:行号 107
   在 HISPlus.OrderSplitter.SplitOrders() 位置 D:\心医\项目\orderSplit\OrderSplit\OrdersSplit1\OrdersSplit\OrderSplitter.cs:行号 334
2016/1/19 12:35:55	
【一轮循环拆分结束】

2016/1/19 12:35:55	=====================================================
开始拆分——病区：'1038N','1027N','1029N';需要拆分:115;已拆分:3241

2016/1/19 12:35:55	----------------
拆分第1天
2016/1/19 12:36:15	----------------
拆分第2天
2016/1/19 12:36:35	----------------
拆分第3天
2016/1/19 12:37:05	
【一轮循环拆分结束】

2016/1/19 12:37:06	=====================================================
开始拆分——病区：'1038N','1027N','1029N';需要拆分:115;已拆分:3241

2016/1/19 12:37:06	----------------
拆分第1天
2016/1/19 12:37:26	----------------
拆分第2天
2016/1/19 12:37:46	----------------
拆分第3天
2016/1/19 12:38:16	
【一轮循环拆分结束】

2016/1/19 12:38:16	=====================================================
开始拆分——病区：'1038N','1027N','1029N';需要拆分:115;已拆分:3241

2016/1/19 12:38:16	----------------
拆分第1天
2016/1/19 12:38:36	----------------
拆分第2天
2016/1/19 12:38:56	----------------
拆分第3天
2016/1/19 12:39:17	此 OracleTransaction 已完成；不再可用。   在 System.Data.OracleClient.OracleTransaction.AssertNotCompleted()
   在 System.Data.OracleClient.OracleTransaction.Rollback()
   在 HISPlus.DbAccess.ExecuteNoQuery(String sql)
   在 HISPlus.OrderSplitter.DeleteOrdersExecuteInvalid() 位置 D:\心医\项目\orderSplit\OrderSplit\OrdersSplit1\OrdersSplit\OrderSplitter.cs:行号 578
   在 HISPlus.OrderSplitter.SplitOrders() 位置 D:\心医\项目\orderSplit\OrderSplit\OrdersSplit1\OrdersSplit\OrderSplitter.cs:行号 447
2016/1/19 12:39:17	
【一轮循环拆分结束】

2016/1/19 12:39:17	=====================================================
开始拆分——病区：'1038N','1027N','1029N';需要拆分:115;已拆分:3241

2016/1/19 12:39:17	----------------
拆分第1天
2016/1/19 12:39:37	----------------
拆分第2天
2016/1/19 12:39:57	----------------
拆分第3天
2016/1/19 12:40:27	
【一轮循环拆分结束】

2016/1/19 12:40:27	=====================================================
开始拆分——病区：'1038N','1027N','1029N';需要拆分:115;已拆分:3241

2016/1/19 12:40:27	----------------
拆分第1天
2016/1/19 12:40:47	----------------
拆分第2天
2016/1/19 12:41:07	----------------
拆分第3天
2016/1/19 12:41:37	
【一轮循环拆分结束】

2016/1/19 12:41:38	=====================================================
开始拆分——病区：'1038N','1027N','1029N';需要拆分:115;已拆分:3241

2016/1/19 12:41:38	----------------
拆分第1天
2016/1/19 12:41:58	----------------
拆分第2天
2016/1/19 12:42:18	----------------
拆分第3天
2016/1/19 12:42:48	
【一轮循环拆分结束】

2016/1/19 12:42:48	=====================================================
开始拆分——病区：'1038N','1027N','1029N';需要拆分:115;已拆分:3241

2016/1/19 12:42:48	----------------
拆分第1天
2016/1/19 12:43:08	----------------
拆分第2天
2016/1/19 12:43:28	----------------
拆分第3天
2016/1/19 12:43:58	
【一轮循环拆分结束】

2016/1/19 12:43:59	=====================================================
开始拆分——病区：'1038N','1027N','1029N';需要拆分:115;已拆分:3241

2016/1/19 12:43:59	----------------
拆分第1天
2016/1/19 12:44:19	----------------
拆分第2天
2016/1/19 12:44:39	----------------
拆分第3天
2016/1/19 12:45:09	
【一轮循环拆分结束】

2016/1/19 12:45:09	=====================================================
开始拆分——病区：'1038N','1027N','1029N';需要拆分:115;已拆分:3241

2016/1/19 12:45:09	----------------
拆分第1天
2016/1/19 12:45:29	----------------
拆分第2天
2016/1/19 12:45:49	----------------
拆分第3天
2016/1/19 12:46:19	
【一轮循环拆分结束】

2016/1/19 12:46:20	=====================================================
开始拆分——病区：'1038N','1027N','1029N';需要拆分:115;已拆分:3241

2016/1/19 12:46:20	----------------
拆分第1天
2016/1/19 12:46:40	----------------
拆分第2天
2016/1/19 12:47:00	----------------
拆分第3天
2016/1/19 12:47:30	
【一轮循环拆分结束】

2016/1/19 12:47:30	=====================================================
开始拆分——病区：'1038N','1027N','1029N';需要拆分:115;已拆分:3241

2016/1/19 12:47:30	----------------
拆分第1天
2016/1/19 12:47:50	----------------
拆分第2天
2016/1/19 12:48:10	----------------
拆分第3天
2016/1/19 12:48:40	
【一轮循环拆分结束】

2016/1/19 12:48:41	=====================================================
开始拆分——病区：'1038N','1027N','1029N';需要拆分:115;已拆分:3241

2016/1/19 12:48:41	----------------
拆分第1天
2016/1/19 12:49:01	----------------
拆分第2天
2016/1/19 12:49:21	----------------
拆分第3天
2016/1/19 12:49:51	
【一轮循环拆分结束】

2016/1/19 12:49:51	=====================================================
开始拆分——病区：'1038N','1027N','1029N';需要拆分:115;已拆分:3241

2016/1/19 12:49:51	----------------
拆分第1天
2016/1/19 12:50:11	----------------
拆分第2天
2016/1/19 12:50:31	----------------
拆分第3天
2016/1/19 12:51:02	
【一轮循环拆分结束】

2016/1/19 12:51:03	=====================================================
开始拆分——病区：'1038N','1027N','1029N';需要拆分:115;已拆分:3241

2016/1/19 12:51:03	----------------
拆分第1天
2016/1/19 12:51:23	----------------
拆分第2天
2016/1/19 12:51:43	----------------
拆分第3天
2016/1/19 12:52:13	
【一轮循环拆分结束】

2016/1/19 12:52:13	=====================================================
开始拆分——病区：'1038N','1027N','1029N';需要拆分:115;已拆分:3241

2016/1/19 12:52:13	----------------
拆分第1天
2016/1/19 12:52:33	----------------
拆分第2天
2016/1/19 12:52:53	----------------
拆分第3天
2016/1/19 12:53:23	
【一轮循环拆分结束】

2016/1/19 12:53:24	=====================================================
开始拆分——病区：'1038N','1027N','1029N';需要拆分:115;已拆分:3241

2016/1/19 12:53:24	----------------
拆分第1天
2016/1/19 12:53:44	----------------
拆分第2天
2016/1/19 12:54:04	----------------
拆分第3天
2016/1/19 12:54:34	
【一轮循环拆分结束】

2016/1/19 12:54:34	=====================================================
开始拆分——病区：'1038N','1027N','1029N';需要拆分:115;已拆分:3241

2016/1/19 12:54:34	----------------
拆分第1天
2016/1/19 12:54:54	----------------
拆分第2天
2016/1/19 12:55:14	----------------
拆分第3天
2016/1/19 12:55:44	
【一轮循环拆分结束】

2016/1/19 12:55:45	=====================================================
开始拆分——病区：'1038N','1027N','1029N';需要拆分:115;已拆分:3241

2016/1/19 12:55:45	----------------
拆分第1天
2016/1/19 12:56:05	----------------
拆分第2天
2016/1/19 12:56:25	----------------
拆分第3天
2016/1/19 12:56:55	
【一轮循环拆分结束】

2016/1/19 12:56:55	=====================================================
开始拆分——病区：'1038N','1027N','1029N';需要拆分:115;已拆分:3241

2016/1/19 12:56:55	----------------
拆分第1天
2016/1/19 12:57:15	----------------
拆分第2天
2016/1/19 12:57:35	----------------
拆分第3天
2016/1/19 12:58:05	
【一轮循环拆分结束】

2016/1/19 12:58:05	=====================================================
开始拆分——病区：'1038N','1027N','1029N';需要拆分:115;已拆分:3241

2016/1/19 12:58:05	----------------
拆分第1天
2016/1/19 12:58:25	----------------
拆分第2天
2016/1/19 12:58:45	----------------
拆分第3天
2016/1/19 12:59:15	
【一轮循环拆分结束】

2016/1/19 12:59:16	=====================================================
开始拆分——病区：'1038N','1027N','1029N';需要拆分:115;已拆分:3241

2016/1/19 12:59:16	----------------
拆分第1天
2016/1/19 12:59:36	----------------
拆分第2天
2016/1/19 12:59:56	----------------
拆分第3天
