2016/1/6 12:00:10	----------------
拆分第2天
2016/1/6 12:00:30	----------------
拆分第3天
2016/1/6 12:01:00	
【一轮循环拆分结束】

2016/1/6 12:01:00	=====================================================
开始拆分——病区：'1001N','100102N','1009N';需要拆分:16;已拆分:0

2016/1/6 12:01:00	----------------
拆分第1天
2016/1/6 12:01:20	----------------
拆分第2天
2016/1/6 12:01:40	----------------
拆分第3天
2016/1/6 12:02:11	
【一轮循环拆分结束】

2016/1/6 12:02:11	=====================================================
开始拆分——病区：'1001N','100102N','1009N';需要拆分:73;已拆分:0

2016/1/6 12:02:11	----------------
拆分第1天
2016/1/6 12:02:31	----------------
拆分第2天
2016/1/6 12:02:51	----------------
拆分第3天
2016/1/6 12:03:21	
【一轮循环拆分结束】

2016/1/6 12:03:21	=====================================================
开始拆分——病区：'1001N','100102N','1009N';需要拆分:0;已拆分:0

2016/1/6 12:03:21	----------------
拆分第1天
2016/1/6 12:03:41	----------------
拆分第2天
2016/1/6 12:04:01	----------------
拆分第3天
2016/1/6 12:07:55	=====================================================
开始拆分——病区：'1001N','100102N','1009N';需要拆分:15;已拆分:0

2016/1/6 12:07:59	----------------
拆分第1天
2016/1/6 12:09:19	----------------
拆分第2天
2016/1/6 12:09:51	----------------
拆分第3天
2016/1/6 12:11:58	
【一轮循环拆分结束】

2016/1/6 12:12:29	=====================================================
开始拆分——病区：'1001N','100102N','1009N';需要拆分:0;已拆分:0

2016/1/6 12:12:29	----------------
拆分第1天
2016/1/6 12:12:49	----------------
拆分第2天
2016/1/6 12:14:31	=====================================================
开始拆分——病区：'1001N','100102N','1009N';需要拆分:27;已拆分:0

2016/1/6 12:14:31	----------------
拆分第1天
2016/1/6 12:14:51	----------------
拆分第2天
2016/1/6 12:15:11	----------------
拆分第3天
2016/1/6 12:15:44	
【一轮循环拆分结束】

2016/1/6 12:15:44	=====================================================
开始拆分——病区：'1001N','100102N','1009N';需要拆分:0;已拆分:0

2016/1/6 12:15:44	----------------
拆分第1天
2016/1/6 12:16:04	----------------
拆分第2天
2016/1/6 12:16:24	----------------
拆分第3天
2016/1/6 12:16:54	
【一轮循环拆分结束】

2016/1/6 12:16:54	=====================================================
开始拆分——病区：'1001N','100102N','1009N';需要拆分:0;已拆分:0

2016/1/6 12:16:54	----------------
拆分第1天
2016/1/6 12:17:14	----------------
拆分第2天
2016/1/6 12:17:34	----------------
拆分第3天
2016/1/6 12:18:04	
【一轮循环拆分结束】

2016/1/6 12:18:04	=====================================================
开始拆分——病区：'1001N','100102N','1009N';需要拆分:0;已拆分:0

2016/1/6 12:18:04	----------------
拆分第1天
2016/1/6 12:18:24	----------------
拆分第2天
2016/1/6 12:18:44	----------------
拆分第3天
2016/1/6 12:19:14	
【一轮循环拆分结束】

2016/1/6 12:19:14	=====================================================
开始拆分——病区：'1001N','100102N','1009N';需要拆分:15;已拆分:0

2016/1/6 12:19:14	----------------
拆分第1天
2016/1/6 12:19:34	----------------
拆分第2天
2016/1/6 12:19:55	----------------
拆分第3天
2016/1/6 12:20:25	
【一轮循环拆分结束】

2016/1/6 12:20:25	=====================================================
开始拆分——病区：'1001N','100102N','1009N';需要拆分:0;已拆分:0

2016/1/6 12:20:25	----------------
拆分第1天
2016/1/6 12:20:45	----------------
拆分第2天
2016/1/6 12:21:05	----------------
拆分第3天
