2016/1/7 9:57:14	=====================================================
开始拆分——病区：'1015N','1028N','1040N';需要拆分:1095;已拆分:0

2016/1/7 9:57:14	----------------
拆分第1天
2016/1/7 9:57:34	----------------
拆分第2天
2016/1/7 9:57:54	----------------
拆分第3天
2016/1/7 9:58:27	
【一轮循环拆分结束】

2016/1/7 9:58:27	=====================================================
开始拆分——病区：'1015N','1028N','1040N';需要拆分:130;已拆分:2165

2016/1/7 9:58:27	----------------
拆分第1天
2016/1/7 9:58:47	----------------
拆分第2天
2016/1/7 9:59:07	----------------
拆分第3天
2016/1/7 9:59:37	
【一轮循环拆分结束】

2016/1/7 9:59:38	=====================================================
开始拆分——病区：'1015N','1028N','1040N';需要拆分:130;已拆分:2165

2016/1/7 9:59:38	----------------
拆分第1天
2016/1/7 9:59:58	----------------
拆分第2天
