2016/3/21 12:14:28	=====================================================
开始拆分——病区：'1022N','1018N','102301N';需要拆分:2;已拆分:0

2016/3/21 12:14:28	----------------
拆分第1天
2016/3/21 12:16:35	----------------
拆分第2天
2016/3/21 12:16:55	----------------
拆分第3天
2016/3/21 12:17:28	
【一轮循环拆分结束】

2016/3/21 12:25:27	=====================================================
开始拆分——病区：'1022N','1018N','102301N';需要拆分:3;已拆分:0

2016/3/21 12:25:27	----------------
拆分第1天
2016/3/21 12:34:51	=====================================================
开始拆分——病区：'1022N','1018N','102301N';需要拆分:3;已拆分:0

2016/3/21 12:34:51	----------------
拆分第1天
2016/3/21 12:40:15	=====================================================
开始拆分——病区：'1022N','1018N','102301N';需要拆分:3;已拆分:0

2016/3/21 12:40:15	----------------
拆分第1天
2016/3/21 12:41:10	----------------
拆分第2天
2016/3/21 12:41:30	----------------
拆分第3天
2016/3/21 12:42:03	
【一轮循环拆分结束】

2016/3/21 12:42:03	=====================================================
开始拆分——病区：'1022N','1018N','102301N';需要拆分:0;已拆分:0

2016/3/21 12:42:03	----------------
拆分第1天
2016/3/21 12:42:23	----------------
拆分第2天
2016/3/21 12:44:06	=====================================================
开始拆分——病区：'1022N','1018N','102301N';需要拆分:3;已拆分:0

2016/3/21 12:44:06	----------------
拆分第1天
2016/3/21 12:44:26	----------------
拆分第2天
2016/3/21 12:44:46	----------------
拆分第3天
