2016/1/7 10:00:18	----------------
拆分第3天
2016/1/7 10:00:48	
【一轮循环拆分结束】

2016/1/7 10:00:49	=====================================================
开始拆分——病区：'1015N','1028N','1040N';需要拆分:128;已拆分:2165

2016/1/7 10:00:49	----------------
拆分第1天
2016/1/7 10:01:09	----------------
拆分第2天
2016/1/7 10:01:29	----------------
拆分第3天
2016/1/7 10:01:59	
【一轮循环拆分结束】

2016/1/7 10:01:59	=====================================================
开始拆分——病区：'1015N','1028N','1040N';需要拆分:129;已拆分:2165

2016/1/7 10:01:59	----------------
拆分第1天
2016/1/7 10:02:19	----------------
拆分第2天
2016/1/7 10:02:39	----------------
拆分第3天
2016/1/7 10:03:09	
【一轮循环拆分结束】

2016/1/7 10:03:10	=====================================================
开始拆分——病区：'1015N','1028N','1040N';需要拆分:140;已拆分:2165

2016/1/7 10:03:10	----------------
拆分第1天
2016/1/7 10:03:30	----------------
拆分第2天
2016/1/7 10:03:50	----------------
拆分第3天
2016/1/7 10:04:20	
【一轮循环拆分结束】

2016/1/7 10:04:21	=====================================================
开始拆分——病区：'1015N','1028N','1040N';需要拆分:128;已拆分:2165

2016/1/7 10:04:21	----------------
拆分第1天
2016/1/7 10:04:41	----------------
拆分第2天
2016/1/7 10:05:01	----------------
拆分第3天
2016/1/7 10:05:31	
【一轮循环拆分结束】

2016/1/7 10:05:31	=====================================================
开始拆分——病区：'1015N','1028N','1040N';需要拆分:128;已拆分:2165

2016/1/7 10:05:31	----------------
拆分第1天
2016/1/7 10:05:51	----------------
拆分第2天
2016/1/7 10:06:11	----------------
拆分第3天
2016/1/7 10:06:41	
【一轮循环拆分结束】

2016/1/7 10:06:42	=====================================================
开始拆分——病区：'1015N','1028N','1040N';需要拆分:128;已拆分:2165

2016/1/7 10:06:42	----------------
拆分第1天
2016/1/7 10:07:02	----------------
拆分第2天
2016/1/7 10:07:22	----------------
拆分第3天
2016/1/7 10:07:52	
【一轮循环拆分结束】

2016/1/7 10:07:53	=====================================================
开始拆分——病区：'1015N','1028N','1040N';需要拆分:129;已拆分:2165

2016/1/7 10:07:53	----------------
拆分第1天
2016/1/7 10:08:13	----------------
拆分第2天
2016/1/7 10:08:33	----------------
拆分第3天
2016/1/7 10:09:03	
【一轮循环拆分结束】

2016/1/7 10:09:04	=====================================================
开始拆分——病区：'1015N','1028N','1040N';需要拆分:130;已拆分:2165

2016/1/7 10:09:04	----------------
拆分第1天
2016/1/7 10:09:24	----------------
拆分第2天
2016/1/7 10:09:44	----------------
拆分第3天
2016/1/7 10:18:02	=====================================================
开始拆分——病区：'1015N','1028N','1040N';需要拆分:150;已拆分:2174

2016/1/7 10:18:02	----------------
拆分第1天
2016/1/7 10:18:22	----------------
拆分第2天
2016/1/7 10:18:42	----------------
拆分第3天
2016/1/7 10:19:22	
【一轮循环拆分结束】

2016/1/7 10:28:32	=====================================================
开始拆分——病区：'1015N','1028N','1040N';需要拆分:142;已拆分:2174

2016/1/7 10:28:32	----------------
拆分第1天
2016/1/7 10:28:57	----------------
拆分第2天
2016/1/7 10:29:20	----------------
拆分第3天
2016/1/7 10:30:04	
【一轮循环拆分结束】

2016/1/7 10:30:09	=====================================================
开始拆分——病区：'1015N','1028N','1040N';需要拆分:128;已拆分:2174

2016/1/7 10:30:09	----------------
拆分第1天
2016/1/7 10:30:34	----------------
拆分第2天
2016/1/7 10:31:08	----------------
拆分第3天
