2016/1/19 14:00:05	----------------
拆分第3天
2016/1/19 14:00:35	
【一轮循环拆分结束】

2016/1/19 14:00:36	=====================================================
开始拆分——病区：'1038N','1027N','1029N';需要拆分:115;已拆分:3241

2016/1/19 14:00:36	----------------
拆分第1天
2016/1/19 14:00:56	----------------
拆分第2天
2016/1/19 14:01:16	----------------
拆分第3天
2016/1/19 14:01:47	
【一轮循环拆分结束】

2016/1/19 14:01:47	=====================================================
开始拆分——病区：'1038N','1027N','1029N';需要拆分:115;已拆分:3241

2016/1/19 14:01:47	----------------
拆分第1天
2016/1/19 14:02:08	----------------
拆分第2天
2016/1/19 14:02:28	----------------
拆分第3天
2016/1/19 14:02:58	
【一轮循环拆分结束】

2016/1/19 14:02:58	=====================================================
开始拆分——病区：'1038N','1027N','1029N';需要拆分:115;已拆分:3241

2016/1/19 14:02:58	----------------
拆分第1天
2016/1/19 14:03:18	----------------
拆分第2天
2016/1/19 14:17:39	----------------
拆分第3天
2016/1/19 14:18:09	
【一轮循环拆分结束】

2016/1/19 14:18:09	=====================================================
开始拆分——病区：'1038N','1027N','1029N';需要拆分:115;已拆分:3241

2016/1/19 14:18:09	----------------
拆分第1天
2016/1/19 14:18:29	----------------
拆分第2天
2016/1/19 14:18:49	----------------
拆分第3天
2016/1/19 14:19:19	
【一轮循环拆分结束】

2016/1/19 14:19:20	=====================================================
开始拆分——病区：'1038N','1027N','1029N';需要拆分:115;已拆分:3241

2016/1/19 14:19:20	----------------
拆分第1天
2016/1/19 14:19:40	----------------
拆分第2天
2016/1/19 14:20:00	----------------
拆分第3天
2016/1/19 14:20:30	
【一轮循环拆分结束】

2016/1/19 14:20:30	=====================================================
开始拆分——病区：'1038N','1027N','1029N';需要拆分:115;已拆分:3241

2016/1/19 14:20:30	----------------
拆分第1天
2016/1/19 14:20:50	----------------
拆分第2天
2016/1/19 14:21:10	----------------
拆分第3天
2016/1/19 14:21:40	
【一轮循环拆分结束】

2016/1/19 14:21:41	=====================================================
开始拆分——病区：'1038N','1027N','1029N';需要拆分:115;已拆分:3241

2016/1/19 14:21:41	----------------
拆分第1天
2016/1/19 14:22:01	----------------
拆分第2天
2016/1/19 14:22:21	----------------
拆分第3天
2016/1/19 14:22:51	
【一轮循环拆分结束】

2016/1/19 14:22:51	=====================================================
开始拆分——病区：'1038N','1027N','1029N';需要拆分:115;已拆分:3241

2016/1/19 14:22:51	----------------
拆分第1天
2016/1/19 14:23:11	----------------
拆分第2天
2016/1/19 14:23:31	----------------
拆分第3天
2016/1/19 14:24:01	
【一轮循环拆分结束】

2016/1/19 14:24:02	=====================================================
开始拆分——病区：'1038N','1027N','1029N';需要拆分:115;已拆分:3241

2016/1/19 14:24:02	----------------
拆分第1天
2016/1/19 14:24:22	----------------
拆分第2天
2016/1/19 14:24:42	----------------
拆分第3天
2016/1/19 14:25:12	
【一轮循环拆分结束】

2016/1/19 14:25:12	=====================================================
开始拆分——病区：'1038N','1027N','1029N';需要拆分:115;已拆分:3241

2016/1/19 14:25:12	----------------
拆分第1天
2016/1/19 14:25:32	----------------
拆分第2天
2016/1/19 14:25:52	----------------
拆分第3天
2016/1/19 14:26:25	
【一轮循环拆分结束】

2016/1/19 14:26:26	=====================================================
开始拆分——病区：'1038N','1027N','1029N';需要拆分:115;已拆分:3241

2016/1/19 14:26:26	----------------
拆分第1天
2016/1/19 14:26:46	----------------
拆分第2天
2016/1/19 14:27:06	----------------
拆分第3天
2016/1/19 14:27:37	
【一轮循环拆分结束】

2016/1/19 14:27:38	=====================================================
开始拆分——病区：'1038N','1027N','1029N';需要拆分:115;已拆分:3241

2016/1/19 14:27:38	----------------
拆分第1天
2016/1/19 14:27:58	----------------
拆分第2天
2016/1/19 14:28:18	----------------
拆分第3天
2016/1/19 14:28:48	
【一轮循环拆分结束】

2016/1/19 14:28:48	=====================================================
开始拆分——病区：'1038N','1027N','1029N';需要拆分:115;已拆分:3241

2016/1/19 14:28:48	----------------
拆分第1天
2016/1/19 14:29:08	----------------
拆分第2天
2016/1/19 14:29:28	----------------
拆分第3天
2016/1/19 14:29:58	
【一轮循环拆分结束】

2016/1/19 14:29:59	=====================================================
开始拆分——病区：'1038N','1027N','1029N';需要拆分:115;已拆分:3241

2016/1/19 14:29:59	----------------
拆分第1天
2016/1/19 14:30:19	----------------
拆分第2天
2016/1/19 14:30:39	----------------
拆分第3天
2016/1/19 14:31:09	
【一轮循环拆分结束】

2016/1/19 14:31:09	=====================================================
开始拆分——病区：'1038N','1027N','1029N';需要拆分:115;已拆分:3241

2016/1/19 14:31:09	----------------
拆分第1天
2016/1/19 14:31:29	----------------
拆分第2天
2016/1/19 14:31:49	----------------
拆分第3天
2016/1/19 14:32:19	
【一轮循环拆分结束】

2016/1/19 14:32:20	=====================================================
开始拆分——病区：'1038N','1027N','1029N';需要拆分:115;已拆分:3241

2016/1/19 14:32:20	----------------
拆分第1天
2016/1/19 14:32:40	----------------
拆分第2天
2016/1/19 14:33:00	----------------
拆分第3天
2016/1/19 14:33:30	
【一轮循环拆分结束】

2016/1/19 14:33:30	=====================================================
开始拆分——病区：'1038N','1027N','1029N';需要拆分:115;已拆分:3241

2016/1/19 14:33:30	----------------
拆分第1天
2016/1/19 14:33:50	----------------
拆分第2天
2016/1/19 14:34:10	----------------
拆分第3天
2016/1/19 14:34:40	
【一轮循环拆分结束】

2016/1/19 14:34:40	=====================================================
开始拆分——病区：'1038N','1027N','1029N';需要拆分:115;已拆分:3241

2016/1/19 14:34:40	----------------
拆分第1天
2016/1/19 14:35:01	----------------
拆分第2天
2016/1/19 14:35:21	----------------
拆分第3天
2016/1/19 14:35:51	
【一轮循环拆分结束】

2016/1/19 14:35:51	=====================================================
开始拆分——病区：'1038N','1027N','1029N';需要拆分:115;已拆分:3241

2016/1/19 14:35:51	----------------
拆分第1天
2016/1/19 14:36:11	----------------
拆分第2天
2016/1/19 14:36:31	----------------
拆分第3天
2016/1/19 14:37:01	
【一轮循环拆分结束】

2016/1/19 14:37:01	=====================================================
开始拆分——病区：'1038N','1027N','1029N';需要拆分:115;已拆分:3241

2016/1/19 14:37:01	----------------
拆分第1天
2016/1/19 14:37:22	----------------
拆分第2天
2016/1/19 14:37:42	----------------
拆分第3天
2016/1/19 14:38:12	
【一轮循环拆分结束】

2016/1/19 14:38:12	=====================================================
开始拆分——病区：'1038N','1027N','1029N';需要拆分:115;已拆分:3241

2016/1/19 14:38:12	----------------
拆分第1天
2016/1/19 14:38:32	----------------
拆分第2天
2016/1/19 14:38:52	----------------
拆分第3天
2016/1/19 14:39:23	
【一轮循环拆分结束】

2016/1/19 14:39:23	=====================================================
开始拆分——病区：'1038N','1027N','1029N';需要拆分:115;已拆分:3241

2016/1/19 14:39:23	----------------
拆分第1天
2016/1/19 14:39:43	----------------
拆分第2天
2016/1/19 14:40:04	----------------
拆分第3天
2016/1/19 14:40:34	
【一轮循环拆分结束】

2016/1/19 14:40:34	=====================================================
开始拆分——病区：'1038N','1027N','1029N';需要拆分:115;已拆分:3241

2016/1/19 14:40:34	----------------
拆分第1天
2016/1/19 14:40:54	----------------
拆分第2天
2016/1/19 14:41:14	----------------
拆分第3天
2016/1/19 14:41:44	
【一轮循环拆分结束】

2016/1/19 14:41:44	=====================================================
开始拆分——病区：'1038N','1027N','1029N';需要拆分:115;已拆分:3241

2016/1/19 14:41:44	----------------
拆分第1天
2016/1/19 14:42:04	----------------
拆分第2天
2016/1/19 14:42:25	----------------
拆分第3天
2016/1/19 14:42:55	
【一轮循环拆分结束】

2016/1/19 14:42:55	=====================================================
开始拆分——病区：'1038N','1027N','1029N';需要拆分:115;已拆分:3241

2016/1/19 14:42:55	----------------
拆分第1天
2016/1/19 14:43:15	----------------
拆分第2天
2016/1/19 14:43:35	----------------
拆分第3天
2016/1/19 14:44:05	
【一轮循环拆分结束】

2016/1/19 14:44:05	=====================================================
开始拆分——病区：'1038N','1027N','1029N';需要拆分:115;已拆分:3241

2016/1/19 14:44:05	----------------
拆分第1天
2016/1/19 14:44:25	----------------
拆分第2天
2016/1/19 14:44:45	----------------
拆分第3天
2016/1/19 14:45:16	
【一轮循环拆分结束】

2016/1/19 14:45:16	=====================================================
开始拆分——病区：'1038N','1027N','1029N';需要拆分:115;已拆分:3241

2016/1/19 14:45:16	----------------
拆分第1天
2016/1/19 14:45:36	----------------
拆分第2天
2016/1/19 14:45:56	----------------
拆分第3天
2016/1/19 14:46:26	
【一轮循环拆分结束】

2016/1/19 14:46:26	=====================================================
开始拆分——病区：'1038N','1027N','1029N';需要拆分:115;已拆分:3241

2016/1/19 14:46:26	----------------
拆分第1天
2016/1/19 14:46:46	----------------
拆分第2天
2016/1/19 14:47:07	----------------
拆分第3天
2016/1/19 14:47:37	
【一轮循环拆分结束】

2016/1/19 14:47:37	=====================================================
开始拆分——病区：'1038N','1027N','1029N';需要拆分:115;已拆分:3241

2016/1/19 14:47:37	----------------
拆分第1天
2016/1/19 14:47:57	----------------
拆分第2天
2016/1/19 14:48:17	----------------
拆分第3天
2016/1/19 14:48:47	
【一轮循环拆分结束】

2016/1/19 14:48:47	=====================================================
开始拆分——病区：'1038N','1027N','1029N';需要拆分:115;已拆分:3241

2016/1/19 14:48:47	----------------
拆分第1天
2016/1/19 14:49:07	----------------
拆分第2天
2016/1/19 14:49:27	----------------
拆分第3天
2016/1/19 14:49:58	
【一轮循环拆分结束】

2016/1/19 14:49:58	=====================================================
开始拆分——病区：'1038N','1027N','1029N';需要拆分:115;已拆分:3241

2016/1/19 14:49:58	----------------
拆分第1天
2016/1/19 14:50:18	----------------
拆分第2天
2016/1/19 14:50:38	----------------
拆分第3天
2016/1/19 14:51:09	
【一轮循环拆分结束】

2016/1/19 14:51:10	=====================================================
开始拆分——病区：'1038N','1027N','1029N';需要拆分:115;已拆分:3241

2016/1/19 14:51:10	----------------
拆分第1天
2016/1/19 14:51:30	----------------
拆分第2天
2016/1/19 14:51:50	----------------
拆分第3天
2016/1/19 14:52:20	
【一轮循环拆分结束】

2016/1/19 14:52:20	=====================================================
开始拆分——病区：'1038N','1027N','1029N';需要拆分:115;已拆分:3241

2016/1/19 14:52:20	----------------
拆分第1天
2016/1/19 14:52:40	----------------
拆分第2天
2016/1/19 14:53:00	----------------
拆分第3天
2016/1/19 14:53:31	
【一轮循环拆分结束】

2016/1/19 14:53:31	=====================================================
开始拆分——病区：'1038N','1027N','1029N';需要拆分:115;已拆分:3241

2016/1/19 14:53:31	----------------
拆分第1天
2016/1/19 14:53:51	----------------
拆分第2天
2016/1/19 14:54:11	----------------
拆分第3天
2016/1/19 14:54:41	
【一轮循环拆分结束】

2016/1/19 14:54:41	=====================================================
开始拆分——病区：'1038N','1027N','1029N';需要拆分:115;已拆分:3241

2016/1/19 14:54:41	----------------
拆分第1天
2016/1/19 14:55:01	----------------
拆分第2天
2016/1/19 14:55:22	----------------
拆分第3天
2016/1/19 14:55:52	
【一轮循环拆分结束】

2016/1/19 14:55:52	=====================================================
开始拆分——病区：'1038N','1027N','1029N';需要拆分:115;已拆分:3241

2016/1/19 14:55:52	----------------
拆分第1天
2016/1/19 14:56:12	----------------
拆分第2天
2016/1/19 14:56:32	----------------
拆分第3天
2016/1/19 14:57:02	
【一轮循环拆分结束】

2016/1/19 14:57:02	=====================================================
开始拆分——病区：'1038N','1027N','1029N';需要拆分:115;已拆分:3241

2016/1/19 14:57:02	----------------
拆分第1天
2016/1/19 14:57:23	----------------
拆分第2天
2016/1/19 14:57:43	----------------
拆分第3天
2016/1/19 14:58:13	
【一轮循环拆分结束】

2016/1/19 14:58:13	=====================================================
开始拆分——病区：'1038N','1027N','1029N';需要拆分:115;已拆分:3241

2016/1/19 14:58:13	----------------
拆分第1天
2016/1/19 14:58:33	----------------
拆分第2天
2016/1/19 14:58:53	----------------
拆分第3天
2016/1/19 14:59:23	
【一轮循环拆分结束】

2016/1/19 14:59:23	=====================================================
开始拆分——病区：'1038N','1027N','1029N';需要拆分:115;已拆分:3241

2016/1/19 14:59:23	----------------
拆分第1天
2016/1/19 14:59:43	----------------
拆分第2天
