2016/1/12 12:00:24	=====================================================
开始拆分——病区：'1003N','1006N','1007N';需要拆分:334;已拆分:10470

2016/1/12 12:00:24	----------------
拆分第1天
2016/1/12 12:00:29	该字符串未被识别为有效的 DateTime。   在 OrderSplitHelper.OrderSplit.SplitMedicalOrders(Int32 days, SplitSourceType splitSourceType) 位置 D:\心医\项目\orderSplit\OrderSplit\OrderSplitHelper\OrderSplit.cs:行号 885
   在 HISPlus.OrderSplitter.SplitOrders() 位置 D:\心医\项目\orderSplit\OrderSplit\OrdersSplit1\OrdersSplit\OrderSplitter.cs:行号 413
2016/1/12 12:00:29	
【一轮循环拆分结束】

2016/1/12 12:00:45	=====================================================
开始拆分——病区：'1003N','1006N','1007N';需要拆分:334;已拆分:10470

2016/1/12 12:00:49	----------------
拆分第1天
2016/1/12 12:00:56	该字符串未被识别为有效的 DateTime。   在 OrderSplitHelper.OrderSplit.SplitMedicalOrders(Int32 days, SplitSourceType splitSourceType) 位置 D:\心医\项目\orderSplit\OrderSplit\OrderSplitHelper\OrderSplit.cs:行号 885
   在 HISPlus.OrderSplitter.SplitOrders() 位置 D:\心医\项目\orderSplit\OrderSplit\OrdersSplit1\OrdersSplit\OrderSplitter.cs:行号 413
2016/1/12 12:00:56	
【一轮循环拆分结束】

2016/1/12 12:00:59	=====================================================
开始拆分——病区：'1003N','1006N','1007N';需要拆分:334;已拆分:10470

2016/1/12 12:00:59	----------------
拆分第1天
2016/1/12 12:01:01	该字符串未被识别为有效的 DateTime。   在 OrderSplitHelper.OrderSplit.SplitMedicalOrders(Int32 days, SplitSourceType splitSourceType) 位置 D:\心医\项目\orderSplit\OrderSplit\OrderSplitHelper\OrderSplit.cs:行号 885
   在 HISPlus.OrderSplitter.SplitOrders() 位置 D:\心医\项目\orderSplit\OrderSplit\OrdersSplit1\OrdersSplit\OrderSplitter.cs:行号 413
2016/1/12 12:01:01	
【一轮循环拆分结束】

2016/1/12 12:01:20	=====================================================
开始拆分——病区：'1003N','1006N','1007N';需要拆分:334;已拆分:10470

2016/1/12 12:01:20	----------------
拆分第1天
2016/1/12 12:02:16	该字符串未被识别为有效的 DateTime。   在 OrderSplitHelper.OrderSplit.SplitMedicalOrders(Int32 days, SplitSourceType splitSourceType) 位置 D:\心医\项目\orderSplit\OrderSplit\OrderSplitHelper\OrderSplit.cs:行号 885
   在 HISPlus.OrderSplitter.SplitOrders() 位置 D:\心医\项目\orderSplit\OrderSplit\OrdersSplit1\OrdersSplit\OrderSplitter.cs:行号 413
2016/1/12 12:02:16	
【一轮循环拆分结束】

2016/1/12 12:02:20	=====================================================
开始拆分——病区：'1003N','1006N','1007N';需要拆分:334;已拆分:10470

2016/1/12 12:02:20	----------------
拆分第1天
2016/1/12 12:04:56	该字符串未被识别为有效的 DateTime。   在 OrderSplitHelper.OrderSplit.SplitMedicalOrders(Int32 days, SplitSourceType splitSourceType) 位置 D:\心医\项目\orderSplit\OrderSplit\OrderSplitHelper\OrderSplit.cs:行号 885
   在 HISPlus.OrderSplitter.SplitOrders() 位置 D:\心医\项目\orderSplit\OrderSplit\OrdersSplit1\OrdersSplit\OrderSplitter.cs:行号 413
2016/1/12 12:04:56	
【一轮循环拆分结束】

2016/1/12 12:05:00	=====================================================
开始拆分——病区：'1003N','1006N','1007N';需要拆分:334;已拆分:10470

2016/1/12 12:05:00	----------------
拆分第1天
2016/1/12 12:15:53	=====================================================
开始拆分——病区：'1003N','1006N','1007N';需要拆分:334;已拆分:0

2016/1/12 12:15:53	----------------
拆分第1天
2016/1/12 12:21:57	该字符串未被识别为有效的 DateTime。   在 OrderSplitHelper.OrderSplit.SplitMedicalOrders(Int32 days, SplitSourceType splitSourceType) 位置 D:\心医\项目\orderSplit\OrderSplit\OrderSplitHelper\OrderSplit.cs:行号 885
   在 HISPlus.OrderSplitter.SplitOrders() 位置 D:\心医\项目\orderSplit\OrderSplit\OrdersSplit1\OrdersSplit\OrderSplitter.cs:行号 413
2016/1/12 12:21:57	
【一轮循环拆分结束】

2016/1/12 12:21:58	=====================================================
开始拆分——病区：'1003N','1006N','1007N';需要拆分:334;已拆分:0

2016/1/12 12:21:58	----------------
拆分第1天
2016/1/12 12:22:18	----------------
拆分第2天
