2016/1/19 15:00:03	----------------
拆分第3天
2016/1/19 15:00:34	
【一轮循环拆分结束】

2016/1/19 15:00:34	=====================================================
开始拆分——病区：'1038N','1027N','1029N';需要拆分:115;已拆分:3241

2016/1/19 15:00:34	----------------
拆分第1天
2016/1/19 15:00:54	----------------
拆分第2天
2016/1/19 15:01:14	----------------
拆分第3天
2016/1/19 15:01:47	
【一轮循环拆分结束】

2016/1/19 15:01:47	=====================================================
开始拆分——病区：'1038N','1027N','1029N';需要拆分:115;已拆分:3241

2016/1/19 15:01:47	----------------
拆分第1天
2016/1/19 15:02:07	----------------
拆分第2天
2016/1/19 15:02:27	----------------
拆分第3天
2016/1/19 15:03:00	
【一轮循环拆分结束】

2016/1/19 15:03:00	=====================================================
开始拆分——病区：'1038N','1027N','1029N';需要拆分:115;已拆分:3241

2016/1/19 15:03:00	----------------
拆分第1天
2016/1/19 15:03:20	----------------
拆分第2天
2016/1/19 15:03:40	----------------
拆分第3天
2016/1/19 15:04:10	
【一轮循环拆分结束】

2016/1/19 15:04:11	=====================================================
开始拆分——病区：'1038N','1027N','1029N';需要拆分:115;已拆分:3241

2016/1/19 15:04:11	----------------
拆分第1天
2016/1/19 15:04:31	----------------
拆分第2天
2016/1/19 15:04:51	----------------
拆分第3天
2016/1/19 15:05:21	
【一轮循环拆分结束】

2016/1/19 15:05:21	=====================================================
开始拆分——病区：'1038N','1027N','1029N';需要拆分:115;已拆分:3241

2016/1/19 15:05:21	----------------
拆分第1天
2016/1/19 15:05:41	----------------
拆分第2天
2016/1/19 15:06:01	----------------
拆分第3天
2016/1/19 15:06:31	
【一轮循环拆分结束】

2016/1/19 15:06:32	=====================================================
开始拆分——病区：'1038N','1027N','1029N';需要拆分:115;已拆分:3241

2016/1/19 15:06:32	----------------
拆分第1天
2016/1/19 15:06:52	----------------
拆分第2天
2016/1/19 15:07:12	----------------
拆分第3天
2016/1/19 15:07:42	
【一轮循环拆分结束】

2016/1/19 15:07:42	=====================================================
开始拆分——病区：'1038N','1027N','1029N';需要拆分:115;已拆分:3241

2016/1/19 15:07:42	----------------
拆分第1天
2016/1/19 15:08:02	----------------
拆分第2天
2016/1/19 15:08:22	----------------
拆分第3天
2016/1/19 15:08:52	
【一轮循环拆分结束】

2016/1/19 15:08:53	=====================================================
开始拆分——病区：'1038N','1027N','1029N';需要拆分:115;已拆分:3241

2016/1/19 15:08:53	----------------
拆分第1天
2016/1/19 15:09:13	----------------
拆分第2天
2016/1/19 15:09:33	----------------
拆分第3天
2016/1/19 15:10:03	
【一轮循环拆分结束】

2016/1/19 15:10:03	=====================================================
开始拆分——病区：'1038N','1027N','1029N';需要拆分:115;已拆分:3241

2016/1/19 15:10:03	----------------
拆分第1天
2016/1/19 15:10:23	----------------
拆分第2天
2016/1/19 15:10:43	----------------
拆分第3天
2016/1/19 15:11:13	
【一轮循环拆分结束】

2016/1/19 15:11:14	=====================================================
开始拆分——病区：'1038N','1027N','1029N';需要拆分:115;已拆分:3241

2016/1/19 15:11:14	----------------
拆分第1天
2016/1/19 15:11:34	----------------
拆分第2天
2016/1/19 15:11:54	----------------
拆分第3天
2016/1/19 15:12:24	
【一轮循环拆分结束】

2016/1/19 15:12:24	=====================================================
开始拆分——病区：'1038N','1027N','1029N';需要拆分:115;已拆分:3241

2016/1/19 15:12:24	----------------
拆分第1天
2016/1/19 15:12:44	----------------
拆分第2天
2016/1/19 15:13:04	----------------
拆分第3天
2016/1/19 15:13:34	
【一轮循环拆分结束】

2016/1/19 15:13:35	=====================================================
开始拆分——病区：'1038N','1027N','1029N';需要拆分:115;已拆分:3241

2016/1/19 15:13:35	----------------
拆分第1天
2016/1/19 15:13:55	----------------
拆分第2天
2016/1/19 15:14:15	----------------
拆分第3天
2016/1/19 15:14:35	此 OracleTransaction 已完成；不再可用。   在 System.Data.OracleClient.OracleTransaction.AssertNotCompleted()
   在 System.Data.OracleClient.OracleTransaction.Rollback()
   在 HISPlus.DbAccess.ExecuteNoQuery(String sql)
   在 HISPlus.OrderSplitter.DeleteOrdersExecuteInvalid() 位置 D:\心医\项目\orderSplit\OrderSplit\OrdersSplit1\OrdersSplit\OrderSplitter.cs:行号 578
   在 HISPlus.OrderSplitter.SplitOrders() 位置 D:\心医\项目\orderSplit\OrderSplit\OrdersSplit1\OrdersSplit\OrderSplitter.cs:行号 447
2016/1/19 15:14:35	
【一轮循环拆分结束】

2016/1/19 15:14:36	=====================================================
开始拆分——病区：'1038N','1027N','1029N';需要拆分:115;已拆分:3241

2016/1/19 15:14:36	----------------
拆分第1天
2016/1/19 15:14:56	----------------
拆分第2天
2016/1/19 15:15:16	----------------
拆分第3天
2016/1/19 15:15:46	
【一轮循环拆分结束】

2016/1/19 15:15:46	=====================================================
开始拆分——病区：'1038N','1027N','1029N';需要拆分:115;已拆分:3241

2016/1/19 15:15:46	----------------
拆分第1天
2016/1/19 15:16:06	----------------
拆分第2天
2016/1/19 15:16:26	----------------
拆分第3天
2016/1/19 15:16:56	
【一轮循环拆分结束】

2016/1/19 15:16:57	=====================================================
开始拆分——病区：'1038N','1027N','1029N';需要拆分:115;已拆分:3241

2016/1/19 15:16:57	----------------
拆分第1天
2016/1/19 15:17:17	----------------
拆分第2天
2016/1/19 15:17:37	----------------
拆分第3天
2016/1/19 15:18:07	
【一轮循环拆分结束】

2016/1/19 15:18:07	=====================================================
开始拆分——病区：'1038N','1027N','1029N';需要拆分:115;已拆分:3241

2016/1/19 15:18:07	----------------
拆分第1天
2016/1/19 15:18:27	----------------
拆分第2天
2016/1/19 15:18:47	----------------
拆分第3天
2016/1/19 15:19:17	
【一轮循环拆分结束】

2016/1/19 15:19:18	=====================================================
开始拆分——病区：'1038N','1027N','1029N';需要拆分:115;已拆分:3241

2016/1/19 15:19:18	----------------
拆分第1天
2016/1/19 15:19:38	----------------
拆分第2天
2016/1/19 15:19:58	----------------
拆分第3天
2016/1/19 15:20:28	
【一轮循环拆分结束】

2016/1/19 15:20:28	=====================================================
开始拆分——病区：'1038N','1027N','1029N';需要拆分:115;已拆分:3241

2016/1/19 15:20:28	----------------
拆分第1天
2016/1/19 15:20:48	----------------
拆分第2天
2016/1/19 15:21:08	----------------
拆分第3天
2016/1/19 15:21:38	
【一轮循环拆分结束】

2016/1/19 15:21:38	=====================================================
开始拆分——病区：'1038N','1027N','1029N';需要拆分:115;已拆分:3241

2016/1/19 15:21:38	----------------
拆分第1天
2016/1/19 15:21:58	----------------
拆分第2天
2016/1/19 15:22:19	----------------
拆分第3天
2016/1/19 15:22:49	
【一轮循环拆分结束】

2016/1/19 15:22:49	=====================================================
开始拆分——病区：'1038N','1027N','1029N';需要拆分:115;已拆分:3241

2016/1/19 15:22:49	----------------
拆分第1天
2016/1/19 15:23:09	----------------
拆分第2天
2016/1/19 15:23:29	----------------
拆分第3天
2016/1/19 15:23:59	
【一轮循环拆分结束】

2016/1/19 15:23:59	=====================================================
开始拆分——病区：'1038N','1027N','1029N';需要拆分:115;已拆分:3241

2016/1/19 15:23:59	----------------
拆分第1天
2016/1/19 15:24:19	----------------
拆分第2天
2016/1/19 15:24:39	----------------
拆分第3天
2016/1/19 15:25:09	
【一轮循环拆分结束】

2016/1/19 15:25:10	=====================================================
开始拆分——病区：'1038N','1027N','1029N';需要拆分:115;已拆分:3241

2016/1/19 15:25:10	----------------
拆分第1天
2016/1/19 15:25:30	----------------
拆分第2天
2016/1/19 15:25:50	----------------
拆分第3天
2016/1/19 15:26:21	
【一轮循环拆分结束】

2016/1/19 15:26:22	=====================================================
开始拆分——病区：'1038N','1027N','1029N';需要拆分:115;已拆分:3241

2016/1/19 15:26:22	----------------
拆分第1天
2016/1/19 15:26:42	----------------
拆分第2天
2016/1/19 15:27:02	----------------
拆分第3天
2016/1/19 15:27:32	
【一轮循环拆分结束】

2016/1/19 15:27:32	=====================================================
开始拆分——病区：'1038N','1027N','1029N';需要拆分:115;已拆分:3241

2016/1/19 15:27:32	----------------
拆分第1天
2016/1/19 15:27:52	----------------
拆分第2天
2016/1/19 15:28:12	----------------
拆分第3天
2016/1/19 15:28:42	
【一轮循环拆分结束】

2016/1/19 15:28:42	ORA-12571: TNS: 包写入程序失败
   在 System.Data.OracleClient.OracleConnection.CheckError(OciErrorHandle errorHandle, Int32 rc)
   在 System.Data.OracleClient.OracleCommand.Execute(OciStatementHandle statementHandle, CommandBehavior behavior, Boolean needRowid, OciRowidDescriptor& rowidDescriptor, ArrayList& resultParameterOrdinals)
   在 System.Data.OracleClient.OracleCommand.Execute(OciStatementHandle statementHandle, CommandBehavior behavior, ArrayList& resultParameterOrdinals)
   在 System.Data.OracleClient.OracleCommand.ExecuteReader(CommandBehavior behavior)
   在 System.Data.OracleClient.OracleCommand.ExecuteDbDataReader(CommandBehavior behavior)
   在 System.Data.Common.DbCommand.System.Data.IDbCommand.ExecuteReader()
   在 HISPlus.DbAccess.SelectValue(String sqlSel)
   在 OrderSplitHelper.OrderSplit.GetSysDate() 位置 D:\心医\项目\orderSplit\OrderSplit\OrderSplitHelper\OrderSplit.cs:行号 107
   在 HISPlus.OrderSplitter.SplitOrders() 位置 D:\心医\项目\orderSplit\OrderSplit\OrdersSplit1\OrdersSplit\OrderSplitter.cs:行号 334
2016/1/19 15:28:42	
【一轮循环拆分结束】

2016/1/19 15:28:43	=====================================================
开始拆分——病区：'1038N','1027N','1029N';需要拆分:115;已拆分:3241

2016/1/19 15:28:43	----------------
拆分第1天
2016/1/19 15:29:03	----------------
拆分第2天
2016/1/19 15:29:23	----------------
拆分第3天
2016/1/19 15:29:53	
【一轮循环拆分结束】

2016/1/19 15:29:53	=====================================================
开始拆分——病区：'1038N','1027N','1029N';需要拆分:115;已拆分:3241

2016/1/19 15:29:53	----------------
拆分第1天
2016/1/19 15:30:13	----------------
拆分第2天
2016/1/19 15:30:33	----------------
拆分第3天
2016/1/19 15:31:03	
【一轮循环拆分结束】

2016/1/19 15:31:04	=====================================================
开始拆分——病区：'1038N','1027N','1029N';需要拆分:115;已拆分:3241

2016/1/19 15:31:04	----------------
拆分第1天
2016/1/19 15:31:24	----------------
拆分第2天
2016/1/19 15:31:44	----------------
拆分第3天
2016/1/19 15:32:14	
【一轮循环拆分结束】

2016/1/19 15:32:14	=====================================================
开始拆分——病区：'1038N','1027N','1029N';需要拆分:115;已拆分:3241

2016/1/19 15:32:14	----------------
拆分第1天
2016/1/19 15:32:34	----------------
拆分第2天
2016/1/19 15:32:54	----------------
拆分第3天
2016/1/19 15:33:24	
【一轮循环拆分结束】

2016/1/19 15:33:25	=====================================================
开始拆分——病区：'1038N','1027N','1029N';需要拆分:115;已拆分:3241

2016/1/19 15:33:25	----------------
拆分第1天
2016/1/19 15:33:45	----------------
拆分第2天
2016/1/19 15:34:05	----------------
拆分第3天
2016/1/19 15:34:35	
【一轮循环拆分结束】

2016/1/19 15:34:35	=====================================================
开始拆分——病区：'1038N','1027N','1029N';需要拆分:115;已拆分:3241

2016/1/19 15:34:35	----------------
拆分第1天
2016/1/19 15:34:55	----------------
拆分第2天
2016/1/19 15:35:15	----------------
拆分第3天
2016/1/19 15:35:45	
【一轮循环拆分结束】

2016/1/19 15:35:46	=====================================================
开始拆分——病区：'1038N','1027N','1029N';需要拆分:115;已拆分:3241

2016/1/19 15:35:46	----------------
拆分第1天
2016/1/19 15:36:06	----------------
拆分第2天
2016/1/19 15:36:26	----------------
拆分第3天
2016/1/19 15:36:59	
【一轮循环拆分结束】

2016/1/19 15:36:59	=====================================================
开始拆分——病区：'1038N','1027N','1029N';需要拆分:115;已拆分:3241

2016/1/19 15:36:59	----------------
拆分第1天
2016/1/19 15:37:19	----------------
拆分第2天
2016/1/19 15:37:39	----------------
拆分第3天
2016/1/19 15:38:11	
【一轮循环拆分结束】

2016/1/19 15:38:11	=====================================================
开始拆分——病区：'1038N','1027N','1029N';需要拆分:115;已拆分:3241

2016/1/19 15:38:11	----------------
拆分第1天
2016/1/19 15:38:31	----------------
拆分第2天
2016/1/19 15:38:51	----------------
拆分第3天
2016/1/19 15:39:21	
【一轮循环拆分结束】

2016/1/19 15:39:21	=====================================================
开始拆分——病区：'1038N','1027N','1029N';需要拆分:115;已拆分:3241

2016/1/19 15:39:21	----------------
拆分第1天
2016/1/19 15:39:42	----------------
拆分第2天
2016/1/19 15:40:02	----------------
拆分第3天
2016/1/19 15:40:32	
【一轮循环拆分结束】

2016/1/19 15:40:32	=====================================================
开始拆分——病区：'1038N','1027N','1029N';需要拆分:115;已拆分:3241

2016/1/19 15:40:32	----------------
拆分第1天
2016/1/19 15:40:52	----------------
拆分第2天
2016/1/19 15:41:12	----------------
拆分第3天
2016/1/19 15:41:42	
【一轮循环拆分结束】

2016/1/19 15:41:42	=====================================================
开始拆分——病区：'1038N','1027N','1029N';需要拆分:115;已拆分:3241

2016/1/19 15:41:42	----------------
拆分第1天
2016/1/19 15:42:02	----------------
拆分第2天
2016/1/19 15:42:22	----------------
拆分第3天
2016/1/19 15:42:52	
【一轮循环拆分结束】

2016/1/19 15:42:53	=====================================================
开始拆分——病区：'1038N','1027N','1029N';需要拆分:115;已拆分:3241

2016/1/19 15:42:53	----------------
拆分第1天
2016/1/19 15:43:13	----------------
拆分第2天
2016/1/19 15:43:33	----------------
拆分第3天
2016/1/19 15:44:03	
【一轮循环拆分结束】

2016/1/19 15:44:03	=====================================================
开始拆分——病区：'1038N','1027N','1029N';需要拆分:115;已拆分:3241

2016/1/19 15:44:03	----------------
拆分第1天
2016/1/19 15:44:23	----------------
拆分第2天
2016/1/19 15:44:43	----------------
拆分第3天
2016/1/19 15:45:13	
【一轮循环拆分结束】

2016/1/19 15:45:14	=====================================================
开始拆分——病区：'1038N','1027N','1029N';需要拆分:115;已拆分:3241

2016/1/19 15:45:14	----------------
拆分第1天
2016/1/19 15:45:34	----------------
拆分第2天
2016/1/19 15:45:54	----------------
拆分第3天
2016/1/19 15:46:24	
【一轮循环拆分结束】

2016/1/19 15:46:24	=====================================================
开始拆分——病区：'1038N','1027N','1029N';需要拆分:115;已拆分:3241

2016/1/19 15:46:24	----------------
拆分第1天
2016/1/19 15:46:44	----------------
拆分第2天
2016/1/19 15:47:04	----------------
拆分第3天
2016/1/19 15:47:34	
【一轮循环拆分结束】

2016/1/19 15:47:35	=====================================================
开始拆分——病区：'1038N','1027N','1029N';需要拆分:115;已拆分:3241

2016/1/19 15:47:35	----------------
拆分第1天
2016/1/19 15:47:55	----------------
拆分第2天
2016/1/19 15:48:15	----------------
拆分第3天
2016/1/19 15:48:45	
【一轮循环拆分结束】

2016/1/19 15:48:45	=====================================================
开始拆分——病区：'1038N','1027N','1029N';需要拆分:115;已拆分:3241

2016/1/19 15:48:45	----------------
拆分第1天
2016/1/19 15:49:05	----------------
拆分第2天
2016/1/19 15:49:25	----------------
拆分第3天
2016/1/19 15:49:45	此 OracleTransaction 已完成；不再可用。   在 System.Data.OracleClient.OracleTransaction.AssertNotCompleted()
   在 System.Data.OracleClient.OracleTransaction.Rollback()
   在 HISPlus.DbAccess.ExecuteNoQuery(String sql)
   在 HISPlus.OrderSplitter.DeleteOrdersExecuteInvalid() 位置 D:\心医\项目\orderSplit\OrderSplit\OrdersSplit1\OrdersSplit\OrderSplitter.cs:行号 578
   在 HISPlus.OrderSplitter.SplitOrders() 位置 D:\心医\项目\orderSplit\OrderSplit\OrdersSplit1\OrdersSplit\OrderSplitter.cs:行号 447
2016/1/19 15:49:45	
【一轮循环拆分结束】

2016/1/19 15:49:46	=====================================================
开始拆分——病区：'1038N','1027N','1029N';需要拆分:115;已拆分:3241

2016/1/19 15:49:46	----------------
拆分第1天
2016/1/19 15:50:06	----------------
拆分第2天
2016/1/19 15:50:26	----------------
拆分第3天
2016/1/19 15:50:56	
【一轮循环拆分结束】

2016/1/19 15:50:56	=====================================================
开始拆分——病区：'1038N','1027N','1029N';需要拆分:115;已拆分:3241

2016/1/19 15:50:56	----------------
拆分第1天
2016/1/19 15:51:16	----------------
拆分第2天
2016/1/19 15:51:36	----------------
拆分第3天
2016/1/19 15:52:06	
【一轮循环拆分结束】

2016/1/19 15:52:07	=====================================================
开始拆分——病区：'1038N','1027N','1029N';需要拆分:115;已拆分:3241

2016/1/19 15:52:07	----------------
拆分第1天
2016/1/19 15:52:27	----------------
拆分第2天
2016/1/19 15:52:47	----------------
拆分第3天
2016/1/19 15:53:17	
【一轮循环拆分结束】

2016/1/19 15:53:17	=====================================================
开始拆分——病区：'1038N','1027N','1029N';需要拆分:115;已拆分:3241

2016/1/19 15:53:17	----------------
拆分第1天
2016/1/19 15:53:37	----------------
拆分第2天
2016/1/19 15:53:57	----------------
拆分第3天
2016/1/19 15:54:27	
【一轮循环拆分结束】

2016/1/19 15:54:28	=====================================================
开始拆分——病区：'1038N','1027N','1029N';需要拆分:115;已拆分:3241

2016/1/19 15:54:28	----------------
拆分第1天
2016/1/19 15:54:48	----------------
拆分第2天
2016/1/19 15:55:08	----------------
拆分第3天
2016/1/19 15:55:38	
【一轮循环拆分结束】

2016/1/19 15:55:38	=====================================================
开始拆分——病区：'1038N','1027N','1029N';需要拆分:115;已拆分:3241

2016/1/19 15:55:38	----------------
拆分第1天
2016/1/19 15:55:58	----------------
拆分第2天
