2016/1/11 20:00:26	=====================================================
开始拆分——病区：'100102N','1001N','1009N';需要拆分:1;已拆分:0

2016/1/11 20:00:26	1001N|78787878|1|166
2016/1/11 20:00:26	----------------
拆分第1天
2016/1/11 20:00:46	----------------
拆分第2天
2016/1/11 20:01:06	----------------
拆分第3天
2016/1/11 20:01:39	
【一轮循环拆分结束】

2016/1/11 20:01:39	=====================================================
开始拆分——病区：'100102N','1001N','1009N';需要拆分:0;已拆分:6

2016/1/11 20:01:39	----------------
拆分第1天
2016/1/11 20:01:59	----------------
拆分第2天
2016/1/11 20:02:19	----------------
拆分第3天
2016/1/11 20:02:50	
【一轮循环拆分结束】

2016/1/11 20:02:50	ORA-12571: TNS: 包写入程序失败
   在 System.Data.OracleClient.OracleConnection.CheckError(OciErrorHandle errorHandle, Int32 rc)
   在 System.Data.OracleClient.OracleCommand.Execute(OciStatementHandle statementHandle, CommandBehavior behavior, Boolean needRowid, OciRowidDescriptor& rowidDescriptor, ArrayList& resultParameterOrdinals)
   在 System.Data.OracleClient.OracleCommand.Execute(OciStatementHandle statementHandle, CommandBehavior behavior, ArrayList& resultParameterOrdinals)
   在 System.Data.OracleClient.OracleCommand.ExecuteReader(CommandBehavior behavior)
   在 System.Data.OracleClient.OracleCommand.ExecuteDbDataReader(CommandBehavior behavior)
   在 System.Data.Common.DbCommand.System.Data.IDbCommand.ExecuteReader()
   在 HISPlus.DbAccess.SelectValue(String sqlSel)
   在 OrderSplitHelper.OrderSplit.GetSysDate() 位置 D:\心医\项目\orderSplit\OrderSplit\OrderSplitHelper\OrderSplit.cs:行号 107
   在 HISPlus.OrderSplitter.SplitOrders() 位置 D:\心医\项目\orderSplit\OrderSplit\OrdersSplit1\OrdersSplit\OrderSplitter.cs:行号 334
2016/1/11 20:02:50	
【一轮循环拆分结束】

2016/1/11 20:02:50	=====================================================
开始拆分——病区：'100102N','1001N','1009N';需要拆分:0;已拆分:6

2016/1/11 20:02:50	----------------
拆分第1天
2016/1/11 20:03:10	----------------
拆分第2天
2016/1/11 20:03:30	----------------
拆分第3天
2016/1/11 20:04:00	
【一轮循环拆分结束】

2016/1/11 20:04:00	=====================================================
开始拆分——病区：'100102N','1001N','1009N';需要拆分:0;已拆分:6

2016/1/11 20:04:00	----------------
拆分第1天
2016/1/11 20:04:21	----------------
拆分第2天
2016/1/11 20:04:41	----------------
拆分第3天
2016/1/11 20:05:11	
【一轮循环拆分结束】

2016/1/11 20:05:11	=====================================================
开始拆分——病区：'100102N','1001N','1009N';需要拆分:0;已拆分:6

2016/1/11 20:05:11	----------------
拆分第1天
2016/1/11 20:05:31	----------------
拆分第2天
2016/1/11 20:05:51	----------------
拆分第3天
2016/1/11 20:06:21	
【一轮循环拆分结束】

2016/1/11 20:06:21	=====================================================
开始拆分——病区：'100102N','1001N','1009N';需要拆分:0;已拆分:6

2016/1/11 20:06:21	----------------
拆分第1天
2016/1/11 20:06:41	----------------
拆分第2天
2016/1/11 20:07:01	----------------
拆分第3天
2016/1/11 20:07:31	
【一轮循环拆分结束】

2016/1/11 20:07:31	=====================================================
开始拆分——病区：'100102N','1001N','1009N';需要拆分:0;已拆分:6

2016/1/11 20:07:31	----------------
拆分第1天
2016/1/11 20:07:51	----------------
拆分第2天
2016/1/11 20:08:11	----------------
拆分第3天
2016/1/11 20:08:41	
【一轮循环拆分结束】

2016/1/11 20:08:41	=====================================================
开始拆分——病区：'100102N','1001N','1009N';需要拆分:0;已拆分:6

2016/1/11 20:08:41	----------------
拆分第1天
2016/1/11 20:09:01	----------------
拆分第2天
2016/1/11 20:09:21	----------------
拆分第3天
2016/1/11 20:09:51	
【一轮循环拆分结束】

2016/1/11 20:09:51	=====================================================
开始拆分——病区：'100102N','1001N','1009N';需要拆分:0;已拆分:6

2016/1/11 20:09:51	----------------
拆分第1天
2016/1/11 20:10:11	----------------
拆分第2天
2016/1/11 20:10:31	----------------
拆分第3天
2016/1/11 20:11:01	
【一轮循环拆分结束】

2016/1/11 20:11:01	=====================================================
开始拆分——病区：'100102N','1001N','1009N';需要拆分:0;已拆分:6

2016/1/11 20:11:01	----------------
拆分第1天
2016/1/11 20:11:21	----------------
拆分第2天
2016/1/11 20:11:41	----------------
拆分第3天
2016/1/11 20:12:11	
【一轮循环拆分结束】

2016/1/11 20:12:11	=====================================================
开始拆分——病区：'100102N','1001N','1009N';需要拆分:0;已拆分:0

2016/1/11 20:12:11	----------------
拆分第1天
2016/1/11 20:12:31	----------------
拆分第2天
2016/1/11 20:12:53	=====================================================
开始拆分——病区：'100102N','1001N','1009N';需要拆分:1;已拆分:0

2016/1/11 20:12:53	1001N|78787878|1|166
2016/1/11 20:12:53	----------------
拆分第1天
2016/1/11 20:13:13	----------------
拆分第2天
2016/1/11 20:13:33	----------------
拆分第3天
2016/1/11 20:25:49	=====================================================
开始拆分——病区：'100102N','1001N','1009N';需要拆分:1;已拆分:0

2016/1/11 20:25:49	1001N|78787878|1|166
2016/1/11 20:25:49	----------------
拆分第1天
2016/1/11 20:26:09	----------------
拆分第2天
2016/1/11 20:26:30	----------------
拆分第3天
