2016/1/19 13:00:26	
【一轮循环拆分结束】

2016/1/19 13:00:26	=====================================================
开始拆分——病区：'1038N','1027N','1029N';需要拆分:115;已拆分:3241

2016/1/19 13:00:26	----------------
拆分第1天
2016/1/19 13:00:46	----------------
拆分第2天
2016/1/19 13:01:06	----------------
拆分第3天
2016/1/19 13:01:39	
【一轮循环拆分结束】

2016/1/19 13:01:40	=====================================================
开始拆分——病区：'1038N','1027N','1029N';需要拆分:115;已拆分:3241

2016/1/19 13:01:40	----------------
拆分第1天
2016/1/19 13:02:00	----------------
拆分第2天
2016/1/19 13:02:20	----------------
拆分第3天
2016/1/19 13:02:52	
【一轮循环拆分结束】

2016/1/19 13:02:52	=====================================================
开始拆分——病区：'1038N','1027N','1029N';需要拆分:115;已拆分:3241

2016/1/19 13:02:52	----------------
拆分第1天
2016/1/19 13:03:12	----------------
拆分第2天
2016/1/19 13:03:32	----------------
拆分第3天
2016/1/19 13:04:02	
【一轮循环拆分结束】

2016/1/19 13:04:03	=====================================================
开始拆分——病区：'1038N','1027N','1029N';需要拆分:115;已拆分:3241

2016/1/19 13:04:03	----------------
拆分第1天
2016/1/19 13:04:23	----------------
拆分第2天
2016/1/19 13:04:43	----------------
拆分第3天
2016/1/19 13:05:13	
【一轮循环拆分结束】

2016/1/19 13:05:13	=====================================================
开始拆分——病区：'1038N','1027N','1029N';需要拆分:115;已拆分:3241

2016/1/19 13:05:13	----------------
拆分第1天
2016/1/19 13:05:33	----------------
拆分第2天
2016/1/19 13:05:53	----------------
拆分第3天
2016/1/19 13:06:23	
【一轮循环拆分结束】

2016/1/19 13:06:24	=====================================================
开始拆分——病区：'1038N','1027N','1029N';需要拆分:115;已拆分:3241

2016/1/19 13:06:24	----------------
拆分第1天
2016/1/19 13:06:44	----------------
拆分第2天
2016/1/19 13:07:04	----------------
拆分第3天
2016/1/19 13:07:34	
【一轮循环拆分结束】

2016/1/19 13:07:34	=====================================================
开始拆分——病区：'1038N','1027N','1029N';需要拆分:115;已拆分:3241

2016/1/19 13:07:34	----------------
拆分第1天
2016/1/19 13:07:54	----------------
拆分第2天
2016/1/19 13:08:14	----------------
拆分第3天
2016/1/19 13:08:44	
【一轮循环拆分结束】

2016/1/19 13:08:45	=====================================================
开始拆分——病区：'1038N','1027N','1029N';需要拆分:115;已拆分:3241

2016/1/19 13:08:45	----------------
拆分第1天
2016/1/19 13:09:05	----------------
拆分第2天
2016/1/19 13:09:25	----------------
拆分第3天
2016/1/19 13:09:55	
【一轮循环拆分结束】

2016/1/19 13:09:55	=====================================================
开始拆分——病区：'1038N','1027N','1029N';需要拆分:115;已拆分:3241

2016/1/19 13:09:55	----------------
拆分第1天
2016/1/19 13:10:15	----------------
拆分第2天
2016/1/19 13:10:35	----------------
拆分第3天
2016/1/19 13:11:05	
【一轮循环拆分结束】

2016/1/19 13:11:06	=====================================================
开始拆分——病区：'1038N','1027N','1029N';需要拆分:115;已拆分:3241

2016/1/19 13:11:06	----------------
拆分第1天
2016/1/19 13:11:26	----------------
拆分第2天
2016/1/19 13:11:46	----------------
拆分第3天
2016/1/19 13:12:16	
【一轮循环拆分结束】

2016/1/19 13:12:16	=====================================================
开始拆分——病区：'1038N','1027N','1029N';需要拆分:115;已拆分:3241

2016/1/19 13:12:16	----------------
拆分第1天
2016/1/19 13:12:36	----------------
拆分第2天
2016/1/19 13:12:56	----------------
拆分第3天
2016/1/19 13:13:26	
【一轮循环拆分结束】

2016/1/19 13:13:27	=====================================================
开始拆分——病区：'1038N','1027N','1029N';需要拆分:115;已拆分:3241

2016/1/19 13:13:27	----------------
拆分第1天
2016/1/19 13:13:47	----------------
拆分第2天
2016/1/19 13:14:07	----------------
拆分第3天
2016/1/19 13:14:38	
【一轮循环拆分结束】

2016/1/19 13:14:39	=====================================================
开始拆分——病区：'1038N','1027N','1029N';需要拆分:115;已拆分:3241

2016/1/19 13:14:39	----------------
拆分第1天
2016/1/19 13:14:59	----------------
拆分第2天
2016/1/19 13:15:19	----------------
拆分第3天
2016/1/19 13:15:49	
【一轮循环拆分结束】

2016/1/19 13:15:49	=====================================================
开始拆分——病区：'1038N','1027N','1029N';需要拆分:115;已拆分:3241

2016/1/19 13:15:49	----------------
拆分第1天
2016/1/19 13:16:09	----------------
拆分第2天
2016/1/19 13:16:29	----------------
拆分第3天
2016/1/19 13:16:59	
【一轮循环拆分结束】

2016/1/19 13:17:00	=====================================================
开始拆分——病区：'1038N','1027N','1029N';需要拆分:115;已拆分:3241

2016/1/19 13:17:00	----------------
拆分第1天
2016/1/19 13:17:20	----------------
拆分第2天
2016/1/19 13:17:40	----------------
拆分第3天
2016/1/19 13:18:10	
【一轮循环拆分结束】

2016/1/19 13:18:10	=====================================================
开始拆分——病区：'1038N','1027N','1029N';需要拆分:115;已拆分:3241

2016/1/19 13:18:10	----------------
拆分第1天
2016/1/19 13:18:30	----------------
拆分第2天
2016/1/19 13:18:51	----------------
拆分第3天
2016/1/19 13:19:21	
【一轮循环拆分结束】

2016/1/19 13:19:21	=====================================================
开始拆分——病区：'1038N','1027N','1029N';需要拆分:115;已拆分:3241

2016/1/19 13:19:21	----------------
拆分第1天
2016/1/19 13:19:41	----------------
拆分第2天
2016/1/19 13:20:01	----------------
拆分第3天
2016/1/19 13:20:31	
【一轮循环拆分结束】

2016/1/19 13:20:32	=====================================================
开始拆分——病区：'1038N','1027N','1029N';需要拆分:115;已拆分:3241

2016/1/19 13:20:32	----------------
拆分第1天
2016/1/19 13:20:52	----------------
拆分第2天
2016/1/19 13:21:12	----------------
拆分第3天
2016/1/19 13:21:42	
【一轮循环拆分结束】

2016/1/19 13:21:42	=====================================================
开始拆分——病区：'1038N','1027N','1029N';需要拆分:115;已拆分:3241

2016/1/19 13:21:42	----------------
拆分第1天
2016/1/19 13:22:02	----------------
拆分第2天
2016/1/19 13:22:22	----------------
拆分第3天
2016/1/19 13:22:52	
【一轮循环拆分结束】

2016/1/19 13:22:53	=====================================================
开始拆分——病区：'1038N','1027N','1029N';需要拆分:115;已拆分:3241

2016/1/19 13:22:53	----------------
拆分第1天
2016/1/19 13:23:13	----------------
拆分第2天
2016/1/19 13:23:33	----------------
拆分第3天
2016/1/19 13:24:03	
【一轮循环拆分结束】

2016/1/19 13:24:03	=====================================================
开始拆分——病区：'1038N','1027N','1029N';需要拆分:115;已拆分:3241

2016/1/19 13:24:03	----------------
拆分第1天
2016/1/19 13:24:23	----------------
拆分第2天
2016/1/19 13:24:43	----------------
拆分第3天
2016/1/19 13:25:13	
【一轮循环拆分结束】

2016/1/19 13:25:14	=====================================================
开始拆分——病区：'1038N','1027N','1029N';需要拆分:115;已拆分:3241

2016/1/19 13:25:14	----------------
拆分第1天
2016/1/19 13:25:34	----------------
拆分第2天
2016/1/19 13:25:54	----------------
拆分第3天
2016/1/19 13:26:25	
【一轮循环拆分结束】

2016/1/19 13:26:25	=====================================================
开始拆分——病区：'1038N','1027N','1029N';需要拆分:115;已拆分:3241

2016/1/19 13:26:25	----------------
拆分第1天
2016/1/19 13:26:45	----------------
拆分第2天
2016/1/19 13:27:05	----------------
拆分第3天
2016/1/19 13:27:35	
【一轮循环拆分结束】

2016/1/19 13:27:36	=====================================================
开始拆分——病区：'1038N','1027N','1029N';需要拆分:115;已拆分:3241

2016/1/19 13:27:36	----------------
拆分第1天
2016/1/19 13:27:56	----------------
拆分第2天
2016/1/19 13:28:16	----------------
拆分第3天
2016/1/19 13:28:46	
【一轮循环拆分结束】

2016/1/19 13:28:46	=====================================================
开始拆分——病区：'1038N','1027N','1029N';需要拆分:115;已拆分:3241

2016/1/19 13:28:46	----------------
拆分第1天
2016/1/19 13:29:06	----------------
拆分第2天
2016/1/19 13:29:26	----------------
拆分第3天
2016/1/19 13:29:56	
【一轮循环拆分结束】

2016/1/19 13:29:57	=====================================================
开始拆分——病区：'1038N','1027N','1029N';需要拆分:115;已拆分:3241

2016/1/19 13:29:57	----------------
拆分第1天
2016/1/19 13:30:17	----------------
拆分第2天
2016/1/19 13:30:37	----------------
拆分第3天
2016/1/19 13:31:07	
【一轮循环拆分结束】

2016/1/19 13:31:07	=====================================================
开始拆分——病区：'1038N','1027N','1029N';需要拆分:115;已拆分:3241

2016/1/19 13:31:07	----------------
拆分第1天
2016/1/19 13:31:27	----------------
拆分第2天
2016/1/19 13:31:47	----------------
拆分第3天
2016/1/19 13:32:17	
【一轮循环拆分结束】

2016/1/19 13:32:18	=====================================================
开始拆分——病区：'1038N','1027N','1029N';需要拆分:115;已拆分:3241

2016/1/19 13:32:18	----------------
拆分第1天
2016/1/19 13:32:38	----------------
拆分第2天
2016/1/19 13:32:58	----------------
拆分第3天
2016/1/19 13:33:28	
【一轮循环拆分结束】

2016/1/19 13:33:28	=====================================================
开始拆分——病区：'1038N','1027N','1029N';需要拆分:115;已拆分:3241

2016/1/19 13:33:28	----------------
拆分第1天
2016/1/19 13:33:48	----------------
拆分第2天
2016/1/19 13:34:08	----------------
拆分第3天
2016/1/19 13:34:38	
【一轮循环拆分结束】

2016/1/19 13:34:39	=====================================================
开始拆分——病区：'1038N','1027N','1029N';需要拆分:115;已拆分:3241

2016/1/19 13:34:39	----------------
拆分第1天
2016/1/19 13:34:59	----------------
拆分第2天
2016/1/19 13:35:19	----------------
拆分第3天
2016/1/19 13:35:49	
【一轮循环拆分结束】

2016/1/19 13:35:49	=====================================================
开始拆分——病区：'1038N','1027N','1029N';需要拆分:115;已拆分:3241

2016/1/19 13:35:49	----------------
拆分第1天
2016/1/19 13:36:09	----------------
拆分第2天
2016/1/19 13:36:29	----------------
拆分第3天
2016/1/19 13:37:02	
【一轮循环拆分结束】

2016/1/19 13:37:03	=====================================================
开始拆分——病区：'1038N','1027N','1029N';需要拆分:115;已拆分:3241

2016/1/19 13:37:03	----------------
拆分第1天
2016/1/19 13:37:23	----------------
拆分第2天
2016/1/19 13:37:43	----------------
拆分第3天
2016/1/19 13:38:14	
【一轮循环拆分结束】

2016/1/19 13:38:14	=====================================================
开始拆分——病区：'1038N','1027N','1029N';需要拆分:115;已拆分:3241

2016/1/19 13:38:14	----------------
拆分第1天
2016/1/19 13:38:34	----------------
拆分第2天
2016/1/19 13:38:54	----------------
拆分第3天
2016/1/19 13:39:24	
【一轮循环拆分结束】

2016/1/19 13:39:25	=====================================================
开始拆分——病区：'1038N','1027N','1029N';需要拆分:115;已拆分:3241

2016/1/19 13:39:25	----------------
拆分第1天
2016/1/19 13:39:45	----------------
拆分第2天
2016/1/19 13:40:05	----------------
拆分第3天
2016/1/19 13:40:35	
【一轮循环拆分结束】

2016/1/19 13:40:35	=====================================================
开始拆分——病区：'1038N','1027N','1029N';需要拆分:115;已拆分:3241

2016/1/19 13:40:35	----------------
拆分第1天
2016/1/19 13:40:55	----------------
拆分第2天
2016/1/19 13:41:15	----------------
拆分第3天
2016/1/19 13:41:45	
【一轮循环拆分结束】

2016/1/19 13:41:46	=====================================================
开始拆分——病区：'1038N','1027N','1029N';需要拆分:115;已拆分:3241

2016/1/19 13:41:46	----------------
拆分第1天
2016/1/19 13:42:06	----------------
拆分第2天
2016/1/19 13:42:26	----------------
拆分第3天
2016/1/19 13:42:56	
【一轮循环拆分结束】

2016/1/19 13:42:56	=====================================================
开始拆分——病区：'1038N','1027N','1029N';需要拆分:115;已拆分:3241

2016/1/19 13:42:56	----------------
拆分第1天
2016/1/19 13:43:16	----------------
拆分第2天
2016/1/19 13:43:36	----------------
拆分第3天
2016/1/19 13:44:06	
【一轮循环拆分结束】

2016/1/19 13:44:06	ORA-12571: TNS: 包写入程序失败
   在 System.Data.OracleClient.OracleConnection.CheckError(OciErrorHandle errorHandle, Int32 rc)
   在 System.Data.OracleClient.OracleCommand.Execute(OciStatementHandle statementHandle, CommandBehavior behavior, Boolean needRowid, OciRowidDescriptor& rowidDescriptor, ArrayList& resultParameterOrdinals)
   在 System.Data.OracleClient.OracleCommand.Execute(OciStatementHandle statementHandle, CommandBehavior behavior, ArrayList& resultParameterOrdinals)
   在 System.Data.OracleClient.OracleCommand.ExecuteReader(CommandBehavior behavior)
   在 System.Data.OracleClient.OracleCommand.ExecuteDbDataReader(CommandBehavior behavior)
   在 System.Data.Common.DbCommand.System.Data.IDbCommand.ExecuteReader()
   在 HISPlus.DbAccess.SelectValue(String sqlSel)
   在 OrderSplitHelper.OrderSplit.GetSysDate() 位置 D:\心医\项目\orderSplit\OrderSplit\OrderSplitHelper\OrderSplit.cs:行号 107
   在 HISPlus.OrderSplitter.SplitOrders() 位置 D:\心医\项目\orderSplit\OrderSplit\OrdersSplit1\OrdersSplit\OrderSplitter.cs:行号 334
2016/1/19 13:44:06	
【一轮循环拆分结束】

2016/1/19 13:44:08	=====================================================
开始拆分——病区：'1038N','1027N','1029N';需要拆分:115;已拆分:3241

2016/1/19 13:44:08	----------------
拆分第1天
2016/1/19 13:44:28	----------------
拆分第2天
2016/1/19 13:44:48	----------------
拆分第3天
2016/1/19 13:45:18	
【一轮循环拆分结束】

2016/1/19 13:45:18	=====================================================
开始拆分——病区：'1038N','1027N','1029N';需要拆分:115;已拆分:3241

2016/1/19 13:45:18	----------------
拆分第1天
2016/1/19 13:45:38	----------------
拆分第2天
2016/1/19 13:45:58	----------------
拆分第3天
2016/1/19 13:46:28	
【一轮循环拆分结束】

2016/1/19 13:46:29	=====================================================
开始拆分——病区：'1038N','1027N','1029N';需要拆分:115;已拆分:3241

2016/1/19 13:46:29	----------------
拆分第1天
2016/1/19 13:46:49	----------------
拆分第2天
2016/1/19 13:47:09	----------------
拆分第3天
2016/1/19 13:47:39	
【一轮循环拆分结束】

2016/1/19 13:47:39	=====================================================
开始拆分——病区：'1038N','1027N','1029N';需要拆分:115;已拆分:3241

2016/1/19 13:47:39	----------------
拆分第1天
2016/1/19 13:47:59	----------------
拆分第2天
2016/1/19 13:48:19	----------------
拆分第3天
2016/1/19 13:48:49	
【一轮循环拆分结束】

2016/1/19 13:48:50	=====================================================
开始拆分——病区：'1038N','1027N','1029N';需要拆分:115;已拆分:3241

2016/1/19 13:48:50	----------------
拆分第1天
2016/1/19 13:49:10	----------------
拆分第2天
2016/1/19 13:49:30	----------------
拆分第3天
2016/1/19 13:50:01	
【一轮循环拆分结束】

2016/1/19 13:50:01	=====================================================
开始拆分——病区：'1038N','1027N','1029N';需要拆分:115;已拆分:3241

2016/1/19 13:50:01	----------------
拆分第1天
2016/1/19 13:50:21	----------------
拆分第2天
2016/1/19 13:50:41	----------------
拆分第3天
2016/1/19 13:51:11	
【一轮循环拆分结束】

2016/1/19 13:51:12	=====================================================
开始拆分——病区：'1038N','1027N','1029N';需要拆分:115;已拆分:3241

2016/1/19 13:51:12	----------------
拆分第1天
2016/1/19 13:51:32	----------------
拆分第2天
2016/1/19 13:51:52	----------------
拆分第3天
2016/1/19 13:52:22	
【一轮循环拆分结束】

2016/1/19 13:52:22	=====================================================
开始拆分——病区：'1038N','1027N','1029N';需要拆分:115;已拆分:3241

2016/1/19 13:52:22	----------------
拆分第1天
2016/1/19 13:52:42	----------------
拆分第2天
2016/1/19 13:53:02	----------------
拆分第3天
2016/1/19 13:53:32	
【一轮循环拆分结束】

2016/1/19 13:53:33	=====================================================
开始拆分——病区：'1038N','1027N','1029N';需要拆分:115;已拆分:3241

2016/1/19 13:53:33	----------------
拆分第1天
2016/1/19 13:53:53	----------------
拆分第2天
2016/1/19 13:54:13	----------------
拆分第3天
2016/1/19 13:54:43	
【一轮循环拆分结束】

2016/1/19 13:54:43	=====================================================
开始拆分——病区：'1038N','1027N','1029N';需要拆分:115;已拆分:3241

2016/1/19 13:54:43	----------------
拆分第1天
2016/1/19 13:55:03	----------------
拆分第2天
2016/1/19 13:55:23	----------------
拆分第3天
2016/1/19 13:55:53	
【一轮循环拆分结束】

2016/1/19 13:55:54	=====================================================
开始拆分——病区：'1038N','1027N','1029N';需要拆分:115;已拆分:3241

2016/1/19 13:55:54	----------------
拆分第1天
2016/1/19 13:56:14	----------------
拆分第2天
2016/1/19 13:56:34	----------------
拆分第3天
2016/1/19 13:57:04	
【一轮循环拆分结束】

2016/1/19 13:57:04	=====================================================
开始拆分——病区：'1038N','1027N','1029N';需要拆分:115;已拆分:3241

2016/1/19 13:57:04	----------------
拆分第1天
2016/1/19 13:57:24	----------------
拆分第2天
2016/1/19 13:57:44	----------------
拆分第3天
2016/1/19 13:58:14	
【一轮循环拆分结束】

2016/1/19 13:58:14	=====================================================
开始拆分——病区：'1038N','1027N','1029N';需要拆分:115;已拆分:3241

2016/1/19 13:58:14	----------------
拆分第1天
2016/1/19 13:58:34	----------------
拆分第2天
2016/1/19 13:58:54	----------------
拆分第3天
2016/1/19 13:59:25	
【一轮循环拆分结束】

2016/1/19 13:59:25	=====================================================
开始拆分——病区：'1038N','1027N','1029N';需要拆分:115;已拆分:3241

2016/1/19 13:59:25	----------------
拆分第1天
2016/1/19 13:59:45	----------------
拆分第2天
