2016/1/16 12:35:24	=====================================================
开始拆分——病区：'1023N','1021N','1004N';需要拆分:2;已拆分:0

2016/1/16 12:35:24	----------------
拆分第1天
2016/1/16 12:35:44	----------------
拆分第2天
2016/1/16 12:36:04	----------------
拆分第3天
2016/1/16 12:36:37	
【一轮循环拆分结束】

2016/1/16 12:36:45	=====================================================
开始拆分——病区：'1023N','1021N','1004N';需要拆分:0;已拆分:6

2016/1/16 12:36:45	----------------
拆分第1天
2016/1/16 12:37:05	----------------
拆分第2天
2016/1/16 12:37:25	----------------
拆分第3天
2016/1/16 12:37:56	
【一轮循环拆分结束】

2016/1/16 12:37:57	=====================================================
开始拆分——病区：'1023N','1021N','1004N';需要拆分:0;已拆分:6

2016/1/16 12:37:57	----------------
拆分第1天
2016/1/16 12:38:17	----------------
拆分第2天
2016/1/16 12:38:37	----------------
拆分第3天
2016/1/16 12:39:07	
【一轮循环拆分结束】

2016/1/16 12:39:07	=====================================================
开始拆分——病区：'1023N','1021N','1004N';需要拆分:0;已拆分:6

2016/1/16 12:39:07	----------------
拆分第1天
