2016/1/11 20:00:27	=====================================================
开始拆分——病区：'1015N','1028N','1040N';需要拆分:10;已拆分:0

2016/1/11 20:00:27	----------------
拆分第1天
2016/1/11 20:00:47	----------------
拆分第2天
2016/1/11 20:01:07	----------------
拆分第3天
2016/1/11 20:01:40	
【一轮循环拆分结束】

2016/1/11 20:01:41	=====================================================
开始拆分——病区：'1015N','1028N','1040N';需要拆分:0;已拆分:10

2016/1/11 20:01:41	----------------
拆分第1天
2016/1/11 20:02:01	----------------
拆分第2天
2016/1/11 20:02:21	----------------
拆分第3天
2016/1/11 20:02:51	
【一轮循环拆分结束】

2016/1/11 20:02:51	=====================================================
开始拆分——病区：'1015N','1028N','1040N';需要拆分:0;已拆分:10

2016/1/11 20:02:51	----------------
拆分第1天
2016/1/11 20:03:11	----------------
拆分第2天
2016/1/11 20:03:31	----------------
拆分第3天
2016/1/11 20:04:01	
【一轮循环拆分结束】

2016/1/11 20:04:01	=====================================================
开始拆分——病区：'1015N','1028N','1040N';需要拆分:0;已拆分:10

2016/1/11 20:04:01	----------------
拆分第1天
2016/1/11 20:04:21	----------------
拆分第2天
2016/1/11 20:04:41	----------------
拆分第3天
2016/1/11 20:05:11	
【一轮循环拆分结束】

2016/1/11 20:05:11	=====================================================
开始拆分——病区：'1015N','1028N','1040N';需要拆分:0;已拆分:10

2016/1/11 20:05:11	----------------
拆分第1天
2016/1/11 20:05:31	----------------
拆分第2天
2016/1/11 20:05:51	----------------
拆分第3天
2016/1/11 20:06:21	
【一轮循环拆分结束】

2016/1/11 20:06:21	=====================================================
开始拆分——病区：'1015N','1028N','1040N';需要拆分:0;已拆分:10

2016/1/11 20:06:21	----------------
拆分第1天
2016/1/11 20:06:41	----------------
拆分第2天
2016/1/11 20:07:01	----------------
拆分第3天
2016/1/11 20:07:31	
【一轮循环拆分结束】

2016/1/11 20:07:31	=====================================================
开始拆分——病区：'1015N','1028N','1040N';需要拆分:0;已拆分:10

2016/1/11 20:07:31	----------------
拆分第1天
2016/1/11 20:07:51	----------------
拆分第2天
2016/1/11 20:08:11	----------------
拆分第3天
2016/1/11 20:08:41	
【一轮循环拆分结束】

2016/1/11 20:08:41	=====================================================
开始拆分——病区：'1015N','1028N','1040N';需要拆分:0;已拆分:10

2016/1/11 20:08:41	----------------
拆分第1天
2016/1/11 20:09:01	----------------
拆分第2天
2016/1/11 20:09:21	----------------
拆分第3天
2016/1/11 20:09:51	
【一轮循环拆分结束】

2016/1/11 20:09:51	=====================================================
开始拆分——病区：'1015N','1028N','1040N';需要拆分:0;已拆分:10

2016/1/11 20:09:51	----------------
拆分第1天
2016/1/11 20:10:11	----------------
拆分第2天
2016/1/11 20:10:31	----------------
拆分第3天
2016/1/11 20:11:01	
【一轮循环拆分结束】

2016/1/11 20:11:01	=====================================================
开始拆分——病区：'1015N','1028N','1040N';需要拆分:0;已拆分:10

2016/1/11 20:11:01	----------------
拆分第1天
2016/1/11 20:11:21	----------------
拆分第2天
2016/1/11 20:11:41	----------------
拆分第3天
2016/1/11 20:12:11	
【一轮循环拆分结束】

2016/1/11 20:12:11	=====================================================
开始拆分——病区：'1015N','1028N','1040N';需要拆分:0;已拆分:0

2016/1/11 20:12:11	----------------
拆分第1天
2016/1/11 20:12:31	----------------
拆分第2天
2016/1/11 20:12:54	=====================================================
开始拆分——病区：'1015N','1028N','1040N';需要拆分:10;已拆分:0

2016/1/11 20:12:54	----------------
拆分第1天
2016/1/11 20:13:14	----------------
拆分第2天
2016/1/11 20:13:34	----------------
拆分第3天
2016/1/11 20:25:51	=====================================================
开始拆分——病区：'1015N','1028N','1040N';需要拆分:10;已拆分:0

2016/1/11 20:25:51	----------------
拆分第1天
2016/1/11 20:26:11	----------------
拆分第2天
2016/1/11 20:26:31	----------------
拆分第3天
