2016/1/6 13:20:48	=====================================================
开始拆分——病区：'1001N','100102N','1009N';需要拆分:20;已拆分:7770

2016/1/6 13:20:48	----------------
拆分第1天
2016/1/6 13:21:08	----------------
拆分第2天
2016/1/6 13:21:28	----------------
拆分第3天
2016/1/6 13:21:53	=====================================================
开始拆分——病区：'1001N','100102N','1009N';需要拆分:55;已拆分:7770

2016/1/6 13:21:53	----------------
拆分第1天
2016/1/6 13:22:02	
【一轮循环拆分结束】

2016/1/6 13:22:04	=====================================================
开始拆分——病区：'1001N','100102N','1009N';需要拆分:35;已拆分:7786

2016/1/6 13:22:04	----------------
拆分第1天
2016/1/6 13:22:13	----------------
拆分第2天
2016/1/6 13:22:24	----------------
拆分第2天
2016/1/6 13:22:33	----------------
拆分第3天
2016/1/6 13:22:44	----------------
拆分第3天
2016/1/6 13:23:06	
【一轮循环拆分结束】

2016/1/6 13:23:08	=====================================================
开始拆分——病区：'1001N','100102N','1009N';需要拆分:16;已拆分:7810

2016/1/6 13:23:08	----------------
拆分第1天
2016/1/6 13:23:14	
【一轮循环拆分结束】

2016/1/6 13:23:17	=====================================================
开始拆分——病区：'1001N','100102N','1009N';需要拆分:16;已拆分:7810

2016/1/6 13:23:17	----------------
拆分第1天
2016/1/6 13:23:28	----------------
拆分第2天
2016/1/6 13:23:37	----------------
拆分第2天
2016/1/6 13:23:48	----------------
拆分第3天
2016/1/6 13:23:57	----------------
拆分第3天
2016/1/6 13:24:18	
【一轮循环拆分结束】

2016/1/6 13:24:21	=====================================================
开始拆分——病区：'1001N','100102N','1009N';需要拆分:40;已拆分:7810

2016/1/6 13:24:21	----------------
拆分第1天
2016/1/6 13:24:27	
【一轮循环拆分结束】

2016/1/6 13:24:30	=====================================================
开始拆分——病区：'1001N','100102N','1009N';需要拆分:40;已拆分:7810

2016/1/6 13:24:30	----------------
拆分第1天
2016/1/6 13:24:41	----------------
拆分第2天
2016/1/6 13:24:50	----------------
拆分第2天
2016/1/6 13:25:01	----------------
拆分第3天
2016/1/6 13:25:10	----------------
拆分第3天
2016/1/6 13:25:31	
【一轮循环拆分结束】

2016/1/6 13:25:33	=====================================================
开始拆分——病区：'1001N','100102N','1009N';需要拆分:44;已拆分:7810

2016/1/6 13:25:33	----------------
拆分第1天
2016/1/6 13:25:40	
【一轮循环拆分结束】

2016/1/6 13:25:42	=====================================================
开始拆分——病区：'1001N','100102N','1009N';需要拆分:21;已拆分:7810

2016/1/6 13:25:42	----------------
拆分第1天
2016/1/6 13:25:53	----------------
拆分第2天
2016/1/6 13:26:02	----------------
拆分第2天
2016/1/6 13:26:14	----------------
拆分第3天
2016/1/6 13:26:22	----------------
拆分第3天
2016/1/6 13:26:44	
【一轮循环拆分结束】

2016/1/6 13:26:47	=====================================================
开始拆分——病区：'1001N','100102N','1009N';需要拆分:3;已拆分:7810

2016/1/6 13:26:47	----------------
拆分第1天
2016/1/6 13:26:52	
【一轮循环拆分结束】

2016/1/6 13:26:54	=====================================================
开始拆分——病区：'1001N','100102N','1009N';需要拆分:20;已拆分:7810

2016/1/6 13:26:54	----------------
拆分第1天
2016/1/6 13:27:07	----------------
拆分第2天
2016/1/6 13:27:14	----------------
拆分第2天
2016/1/6 13:27:27	----------------
拆分第3天
2016/1/6 13:27:34	----------------
拆分第3天
2016/1/6 13:27:57	
【一轮循环拆分结束】

2016/1/6 13:27:59	=====================================================
开始拆分——病区：'1001N','100102N','1009N';需要拆分:44;已拆分:7810

2016/1/6 13:27:59	----------------
拆分第1天
