2016/4/19 11:08:23	=====================================================
开始拆分——病区：'1014N','100502N','1011N','1043N';需要拆分:2;已拆分:0

2016/4/19 11:08:23	----------------
拆分第1天
2016/4/19 11:08:43	----------------
拆分第2天
2016/4/19 11:09:03	----------------
拆分第3天
2016/4/19 11:09:37	
【一轮循环拆分结束】

2016/4/19 11:12:34	=====================================================
开始拆分——病区：'1014N','100502N','1011N','1043N';需要拆分:2;已拆分:0

2016/4/19 11:12:34	----------------
拆分第1天
2016/4/19 11:12:54	----------------
拆分第2天
2016/4/19 11:13:14	----------------
拆分第3天
2016/4/19 11:13:47	
【一轮循环拆分结束】

2016/4/19 11:22:02	=====================================================
开始拆分——病区：'1014N','100502N','1011N','1043N';需要拆分:2;已拆分:0

2016/4/19 11:22:02	----------------
拆分第1天
2016/4/19 11:36:12	=====================================================
开始拆分——病区：'1014N','100502N','1011N','1043N';需要拆分:2;已拆分:0

2016/4/19 11:36:12	----------------
拆分第1天
2016/4/19 11:39:12	=====================================================
开始拆分——病区：'1014N','100502N','1011N','1043N';需要拆分:2;已拆分:0

2016/4/19 11:39:12	----------------
拆分第1天
2016/4/19 11:42:19	----------------
拆分第2天
2016/4/19 11:42:41	----------------
拆分第3天
2016/4/19 11:43:14	
【一轮循环拆分结束】

2016/4/19 11:43:14	=====================================================
开始拆分——病区：'1014N','100502N','1011N','1043N';需要拆分:0;已拆分:6

2016/4/19 11:43:14	----------------
拆分第1天
2016/4/19 11:43:34	----------------
拆分第2天
2016/4/19 11:43:54	----------------
拆分第3天
2016/4/19 11:44:28	
【一轮循环拆分结束】

2016/4/19 11:44:28	=====================================================
开始拆分——病区：'1014N','100502N','1011N','1043N';需要拆分:0;已拆分:6

2016/4/19 11:44:28	----------------
拆分第1天
2016/4/19 11:44:48	----------------
拆分第2天
2016/4/19 11:45:08	----------------
拆分第3天
2016/4/19 11:47:38	=====================================================
开始拆分——病区：'1014N','100502N','1011N','1043N';需要拆分:2;已拆分:0

2016/4/19 11:47:38	----------------
拆分第1天
2016/4/19 11:48:58	----------------
拆分第2天
2016/4/19 11:52:46	=====================================================
开始拆分——病区：'1014N','100502N','1011N','1043N';需要拆分:2;已拆分:0

2016/4/19 11:52:46	----------------
拆分第1天
2016/4/19 11:53:06	----------------
拆分第2天
2016/4/19 11:53:26	----------------
拆分第3天
