2016/1/11 19:26:08	=====================================================
开始拆分——病区：'1015N','1028N','1040N';需要拆分:10;已拆分:0

2016/1/11 19:26:08	----------------
拆分第1天
2016/1/11 19:26:28	----------------
拆分第2天
2016/1/11 19:26:48	----------------
拆分第3天
2016/1/11 19:27:21	
【一轮循环拆分结束】

2016/1/11 19:27:21	=====================================================
开始拆分——病区：'1015N','1028N','1040N';需要拆分:0;已拆分:10

2016/1/11 19:27:21	----------------
拆分第1天
2016/1/11 19:27:41	----------------
拆分第2天
2016/1/11 19:28:01	----------------
拆分第3天
2016/1/11 19:28:31	
【一轮循环拆分结束】

2016/1/11 19:28:31	=====================================================
开始拆分——病区：'1015N','1028N','1040N';需要拆分:0;已拆分:10

2016/1/11 19:28:31	----------------
拆分第1天
2016/1/11 19:28:51	----------------
拆分第2天
2016/1/11 19:29:11	----------------
拆分第3天
2016/1/11 19:29:41	
【一轮循环拆分结束】

2016/1/11 19:29:41	=====================================================
开始拆分——病区：'1015N','1028N','1040N';需要拆分:0;已拆分:10

2016/1/11 19:29:41	----------------
拆分第1天
2016/1/11 19:30:01	----------------
拆分第2天
2016/1/11 19:30:24	=====================================================
开始拆分——病区：'1015N','1028N','1040N';需要拆分:10;已拆分:10

2016/1/11 19:30:24	----------------
拆分第1天
2016/1/11 19:30:45	----------------
拆分第2天
2016/1/11 19:31:05	----------------
拆分第3天
2016/1/11 19:31:38	
【一轮循环拆分结束】

2016/1/11 19:31:38	=====================================================
开始拆分——病区：'1015N','1028N','1040N';需要拆分:4;已拆分:10

2016/1/11 19:31:38	----------------
拆分第1天
2016/1/11 19:39:29	=====================================================
开始拆分——病区：'1015N','1028N','1040N';需要拆分:10;已拆分:10

2016/1/11 19:39:29	----------------
拆分第1天
2016/1/11 19:39:49	----------------
拆分第2天
2016/1/11 19:40:09	----------------
拆分第3天
2016/1/11 19:40:42	
【一轮循环拆分结束】

2016/1/11 19:40:42	=====================================================
开始拆分——病区：'1015N','1028N','1040N';需要拆分:4;已拆分:10

2016/1/11 19:40:42	----------------
拆分第1天
2016/1/11 19:41:02	----------------
拆分第2天
2016/1/11 19:41:22	----------------
拆分第3天
2016/1/11 19:49:48	=====================================================
开始拆分——病区：'1015N','1028N','1040N';需要拆分:10;已拆分:10

2016/1/11 19:49:48	----------------
拆分第1天
2016/1/11 19:50:08	----------------
拆分第2天
2016/1/11 19:50:28	----------------
拆分第3天
2016/1/11 19:51:02	
【一轮循环拆分结束】

2016/1/11 19:51:02	=====================================================
开始拆分——病区：'1015N','1028N','1040N';需要拆分:10;已拆分:10

2016/1/11 19:51:02	----------------
拆分第1天
2016/1/11 19:51:22	----------------
拆分第2天
2016/1/11 19:51:42	----------------
拆分第3天
2016/1/11 19:53:27	
【一轮循环拆分结束】

2016/1/11 19:53:28	=====================================================
开始拆分——病区：'1015N','1028N','1040N';需要拆分:10;已拆分:10

2016/1/11 19:53:28	----------------
拆分第1天
2016/1/11 19:53:48	----------------
拆分第2天
2016/1/11 19:54:08	----------------
拆分第3天
2016/1/11 19:54:38	
【一轮循环拆分结束】

2016/1/11 19:54:38	=====================================================
开始拆分——病区：'1015N','1028N','1040N';需要拆分:10;已拆分:10

2016/1/11 19:54:38	----------------
拆分第1天
2016/1/11 19:54:58	----------------
拆分第2天
2016/1/11 19:55:18	----------------
拆分第3天
2016/1/11 19:55:48	
【一轮循环拆分结束】

2016/1/11 19:55:48	=====================================================
开始拆分——病区：'1015N','1028N','1040N';需要拆分:10;已拆分:10

2016/1/11 19:55:48	----------------
拆分第1天
2016/1/11 19:56:08	----------------
拆分第2天
2016/1/11 19:56:28	----------------
拆分第3天
