2016/1/16 15:20:59	=====================================================
开始拆分——病区：'1023N','1021N','1004N';需要拆分:50;已拆分:4807

2016/1/16 15:20:59	----------------
拆分第1天
2016/1/16 15:21:19	----------------
拆分第2天
2016/1/16 15:21:39	----------------
拆分第3天
2016/1/16 15:22:12	
【一轮循环拆分结束】

2016/1/16 15:22:14	=====================================================
开始拆分——病区：'1023N','1021N','1004N';需要拆分:50;已拆分:4807

2016/1/16 15:22:14	----------------
拆分第1天
2016/1/16 15:22:34	----------------
拆分第2天
2016/1/16 15:22:54	----------------
拆分第3天
2016/1/16 15:23:25	
【一轮循环拆分结束】

2016/1/16 15:23:26	=====================================================
开始拆分——病区：'1023N','1021N','1004N';需要拆分:50;已拆分:4807

2016/1/16 15:23:26	----------------
拆分第1天
2016/1/16 15:23:46	----------------
拆分第2天
2016/1/16 15:24:06	----------------
拆分第3天
2016/1/16 15:24:36	
【一轮循环拆分结束】

2016/1/16 15:24:38	=====================================================
开始拆分——病区：'1023N','1021N','1004N';需要拆分:50;已拆分:4807

2016/1/16 15:24:38	----------------
拆分第1天
2016/1/16 15:24:58	----------------
拆分第2天
2016/1/16 15:25:18	----------------
拆分第3天
2016/1/16 15:25:48	
【一轮循环拆分结束】

2016/1/16 15:25:49	=====================================================
开始拆分——病区：'1023N','1021N','1004N';需要拆分:50;已拆分:4807

2016/1/16 15:25:49	----------------
拆分第1天
2016/1/16 15:26:09	----------------
拆分第2天
2016/1/16 15:26:29	----------------
拆分第3天
2016/1/16 15:26:59	
【一轮循环拆分结束】

2016/1/16 15:27:01	=====================================================
开始拆分——病区：'1023N','1021N','1004N';需要拆分:50;已拆分:4807

2016/1/16 15:27:01	----------------
拆分第1天
2016/1/16 15:27:21	----------------
拆分第2天
