2016/1/7 9:57:11	=====================================================
开始拆分——病区：'1003N','1006N','1007N';需要拆分:2628;已拆分:0

2016/1/7 9:57:11	----------------
拆分第1天
2016/1/7 9:57:31	----------------
拆分第2天
2016/1/7 9:57:52	----------------
拆分第3天
2016/1/7 9:58:25	
【一轮循环拆分结束】

2016/1/7 9:58:25	=====================================================
开始拆分——病区：'1003N','1006N','1007N';需要拆分:205;已拆分:3916

2016/1/7 9:58:25	----------------
拆分第1天
2016/1/7 9:58:45	----------------
拆分第2天
2016/1/7 9:59:05	----------------
拆分第3天
2016/1/7 9:59:36	
【一轮循环拆分结束】

2016/1/7 9:59:36	=====================================================
开始拆分——病区：'1003N','1006N','1007N';需要拆分:207;已拆分:3916

2016/1/7 9:59:36	----------------
拆分第1天
2016/1/7 9:59:56	----------------
拆分第2天
