2016/1/11 20:00:29	=====================================================
开始拆分——病区：'1003N','1006N','1007N';需要拆分:125;已拆分:0

2016/1/11 20:00:29	----------------
拆分第1天
2016/1/11 20:00:49	----------------
拆分第2天
2016/1/11 20:01:09	----------------
拆分第3天
2016/1/11 20:01:42	
【一轮循环拆分结束】

2016/1/11 20:01:42	=====================================================
开始拆分——病区：'1003N','1006N','1007N';需要拆分:125;已拆分:0

2016/1/11 20:01:42	----------------
拆分第1天
2016/1/11 20:02:02	----------------
拆分第2天
2016/1/11 20:02:22	----------------
拆分第3天
2016/1/11 20:02:52	
【一轮循环拆分结束】

2016/1/11 20:02:52	=====================================================
开始拆分——病区：'1003N','1006N','1007N';需要拆分:125;已拆分:0

2016/1/11 20:02:52	----------------
拆分第1天
2016/1/11 20:03:12	----------------
拆分第2天
2016/1/11 20:03:32	----------------
拆分第3天
2016/1/11 20:04:02	
【一轮循环拆分结束】

2016/1/11 20:04:02	=====================================================
开始拆分——病区：'1003N','1006N','1007N';需要拆分:125;已拆分:0

2016/1/11 20:04:02	----------------
拆分第1天
2016/1/11 20:04:22	----------------
拆分第2天
2016/1/11 20:04:42	----------------
拆分第3天
2016/1/11 20:05:12	
【一轮循环拆分结束】

2016/1/11 20:05:13	=====================================================
开始拆分——病区：'1003N','1006N','1007N';需要拆分:125;已拆分:0

2016/1/11 20:05:13	----------------
拆分第1天
2016/1/11 20:05:33	----------------
拆分第2天
2016/1/11 20:05:53	----------------
拆分第3天
2016/1/11 20:06:23	
【一轮循环拆分结束】

2016/1/11 20:06:23	=====================================================
开始拆分——病区：'1003N','1006N','1007N';需要拆分:125;已拆分:0

2016/1/11 20:06:23	----------------
拆分第1天
2016/1/11 20:06:43	----------------
拆分第2天
2016/1/11 20:07:03	----------------
拆分第3天
2016/1/11 20:07:33	
【一轮循环拆分结束】

2016/1/11 20:07:33	=====================================================
开始拆分——病区：'1003N','1006N','1007N';需要拆分:125;已拆分:0

2016/1/11 20:07:33	----------------
拆分第1天
2016/1/11 20:07:53	----------------
拆分第2天
2016/1/11 20:08:13	----------------
拆分第3天
2016/1/11 20:08:43	
【一轮循环拆分结束】

2016/1/11 20:08:43	=====================================================
开始拆分——病区：'1003N','1006N','1007N';需要拆分:125;已拆分:0

2016/1/11 20:08:43	----------------
拆分第1天
2016/1/11 20:09:03	----------------
拆分第2天
2016/1/11 20:09:23	----------------
拆分第3天
2016/1/11 20:09:53	
【一轮循环拆分结束】

2016/1/11 20:09:53	=====================================================
开始拆分——病区：'1003N','1006N','1007N';需要拆分:125;已拆分:0

2016/1/11 20:09:53	----------------
拆分第1天
2016/1/11 20:10:13	----------------
拆分第2天
2016/1/11 20:10:33	----------------
拆分第3天
2016/1/11 20:11:03	
【一轮循环拆分结束】

2016/1/11 20:11:03	=====================================================
开始拆分——病区：'1003N','1006N','1007N';需要拆分:0;已拆分:207

2016/1/11 20:11:03	----------------
拆分第1天
2016/1/11 20:11:23	----------------
拆分第2天
2016/1/11 20:11:43	----------------
拆分第3天
2016/1/11 20:12:13	
【一轮循环拆分结束】

2016/1/11 20:12:13	=====================================================
开始拆分——病区：'1003N','1006N','1007N';需要拆分:0;已拆分:0

2016/1/11 20:12:13	----------------
拆分第1天
2016/1/11 20:12:33	----------------
拆分第2天
2016/1/11 20:12:55	=====================================================
开始拆分——病区：'1003N','1006N','1007N';需要拆分:125;已拆分:0

2016/1/11 20:12:55	----------------
拆分第1天
2016/1/11 20:13:15	----------------
拆分第2天
2016/1/11 20:13:36	----------------
拆分第3天
2016/1/11 20:25:53	=====================================================
开始拆分——病区：'1003N','1006N','1007N';需要拆分:125;已拆分:0

2016/1/11 20:25:53	----------------
拆分第1天
2016/1/11 20:26:13	----------------
拆分第2天
2016/1/11 20:26:33	----------------
拆分第3天
