2016/1/7 9:57:15	=====================================================
开始拆分——病区：'100102N','1001N','1009N';需要拆分:1254;已拆分:0

2016/1/7 9:57:15	----------------
拆分第1天
2016/1/7 9:57:36	----------------
拆分第2天
2016/1/7 9:57:56	----------------
拆分第3天
2016/1/7 9:58:29	
【一轮循环拆分结束】

2016/1/7 9:58:29	=====================================================
开始拆分——病区：'100102N','1001N','1009N';需要拆分:65;已拆分:1774

2016/1/7 9:58:29	----------------
拆分第1天
2016/1/7 9:58:49	----------------
拆分第2天
2016/1/7 9:59:09	----------------
拆分第3天
2016/1/7 9:59:39	
【一轮循环拆分结束】

2016/1/7 9:59:39	=====================================================
开始拆分——病区：'100102N','1001N','1009N';需要拆分:63;已拆分:1801

2016/1/7 9:59:39	----------------
拆分第1天
2016/1/7 9:59:59	----------------
拆分第2天
