2016/1/7 9:57:17	=====================================================
开始拆分——病区：'100101N','100103N','1002N';需要拆分:1250;已拆分:0

2016/1/7 9:57:17	----------------
拆分第1天
2016/1/7 9:57:37	----------------
拆分第2天
2016/1/7 9:57:57	----------------
拆分第3天
2016/1/7 9:58:30	
【一轮循环拆分结束】

2016/1/7 9:58:30	=====================================================
开始拆分——病区：'100101N','100103N','1002N';需要拆分:1030;已拆分:229

2016/1/7 9:58:30	----------------
拆分第1天
2016/1/7 9:58:50	----------------
拆分第2天
2016/1/7 9:59:10	----------------
拆分第3天
2016/1/7 9:59:41	
【一轮循环拆分结束】

2016/1/7 9:59:41	=====================================================
开始拆分——病区：'100101N','100103N','1002N';需要拆分:74;已拆分:1432

2016/1/7 9:59:41	----------------
拆分第1天
