2016/1/7 10:00:19	----------------
拆分第3天
2016/1/7 10:00:50	
【一轮循环拆分结束】

2016/1/7 10:00:50	=====================================================
开始拆分——病区：'100102N','1001N','1009N';需要拆分:64;已拆分:1801

2016/1/7 10:00:50	----------------
拆分第1天
2016/1/7 10:01:10	----------------
拆分第2天
2016/1/7 10:01:30	----------------
拆分第3天
2016/1/7 10:02:00	
【一轮循环拆分结束】

2016/1/7 10:02:00	=====================================================
开始拆分——病区：'100102N','1001N','1009N';需要拆分:63;已拆分:1799

2016/1/7 10:02:00	----------------
拆分第1天
2016/1/7 10:02:20	----------------
拆分第2天
2016/1/7 10:02:40	----------------
拆分第3天
2016/1/7 10:03:10	
【一轮循环拆分结束】

2016/1/7 10:03:11	=====================================================
开始拆分——病区：'100102N','1001N','1009N';需要拆分:70;已拆分:1799

2016/1/7 10:03:11	----------------
拆分第1天
2016/1/7 10:03:31	----------------
拆分第2天
2016/1/7 10:03:51	----------------
拆分第3天
2016/1/7 10:04:21	
【一轮循环拆分结束】

2016/1/7 10:04:21	=====================================================
开始拆分——病区：'100102N','1001N','1009N';需要拆分:63;已拆分:1799

2016/1/7 10:04:21	----------------
拆分第1天
2016/1/7 10:04:41	----------------
拆分第2天
2016/1/7 10:05:01	----------------
拆分第3天
2016/1/7 10:05:31	
【一轮循环拆分结束】

2016/1/7 10:05:31	=====================================================
开始拆分——病区：'100102N','1001N','1009N';需要拆分:63;已拆分:1799

2016/1/7 10:05:31	----------------
拆分第1天
2016/1/7 10:05:51	----------------
拆分第2天
2016/1/7 10:06:11	----------------
拆分第3天
2016/1/7 10:06:41	
【一轮循环拆分结束】

2016/1/7 10:06:42	=====================================================
开始拆分——病区：'100102N','1001N','1009N';需要拆分:62;已拆分:1799

2016/1/7 10:06:42	----------------
拆分第1天
2016/1/7 10:07:02	----------------
拆分第2天
2016/1/7 10:07:22	----------------
拆分第3天
2016/1/7 10:07:52	
【一轮循环拆分结束】

2016/1/7 10:07:52	=====================================================
开始拆分——病区：'100102N','1001N','1009N';需要拆分:63;已拆分:1799

2016/1/7 10:07:52	----------------
拆分第1天
2016/1/7 10:08:13	----------------
拆分第2天
2016/1/7 10:08:33	----------------
拆分第3天
2016/1/7 10:09:03	
【一轮循环拆分结束】

2016/1/7 10:09:03	=====================================================
开始拆分——病区：'100102N','1001N','1009N';需要拆分:63;已拆分:1799

2016/1/7 10:09:03	----------------
拆分第1天
2016/1/7 10:09:23	----------------
拆分第2天
2016/1/7 10:09:43	----------------
拆分第3天
2016/1/7 10:18:04	=====================================================
开始拆分——病区：'100102N','1001N','1009N';需要拆分:70;已拆分:1772

2016/1/7 10:18:04	----------------
拆分第1天
2016/1/7 10:18:24	----------------
拆分第2天
2016/1/7 10:18:44	----------------
拆分第3天
2016/1/7 10:19:22	
【一轮循环拆分结束】

2016/1/7 10:28:31	=====================================================
开始拆分——病区：'100102N','1001N','1009N';需要拆分:64;已拆分:1773

2016/1/7 10:28:31	----------------
拆分第1天
2016/1/7 10:28:58	----------------
拆分第2天
2016/1/7 10:29:19	----------------
拆分第3天
2016/1/7 10:30:06	
【一轮循环拆分结束】

2016/1/7 10:30:09	=====================================================
开始拆分——病区：'100102N','1001N','1009N';需要拆分:61;已拆分:1775

2016/1/7 10:30:09	----------------
拆分第1天
2016/1/7 10:30:34	----------------
拆分第2天
2016/1/7 10:31:08	----------------
拆分第3天
