2016/1/11 20:00:30	=====================================================
开始拆分——病区：'1015N','1028N','1040N';需要拆分:0;已拆分:0

2016/1/11 20:00:30	----------------
拆分第1天
2016/1/11 20:00:50	----------------
拆分第2天
2016/1/11 20:01:10	----------------
拆分第3天
2016/1/11 20:01:43	
【一轮循环拆分结束】

2016/1/11 20:01:43	=====================================================
开始拆分——病区：'1015N','1028N','1040N';需要拆分:0;已拆分:0

2016/1/11 20:01:43	----------------
拆分第1天
2016/1/11 20:02:03	----------------
拆分第2天
2016/1/11 20:02:23	----------------
拆分第3天
2016/1/11 20:02:53	
【一轮循环拆分结束】

2016/1/11 20:02:53	=====================================================
开始拆分——病区：'1015N','1028N','1040N';需要拆分:0;已拆分:0

2016/1/11 20:02:53	----------------
拆分第1天
2016/1/11 20:03:13	----------------
拆分第2天
2016/1/11 20:03:33	----------------
拆分第3天
2016/1/11 20:04:03	
【一轮循环拆分结束】

2016/1/11 20:04:03	=====================================================
开始拆分——病区：'1015N','1028N','1040N';需要拆分:0;已拆分:0

2016/1/11 20:04:03	----------------
拆分第1天
2016/1/11 20:04:23	----------------
拆分第2天
2016/1/11 20:04:43	----------------
拆分第3天
2016/1/11 20:05:13	
【一轮循环拆分结束】

2016/1/11 20:05:13	=====================================================
开始拆分——病区：'1015N','1028N','1040N';需要拆分:0;已拆分:0

2016/1/11 20:05:13	----------------
拆分第1天
2016/1/11 20:05:33	----------------
拆分第2天
2016/1/11 20:05:53	----------------
拆分第3天
2016/1/11 20:06:23	
【一轮循环拆分结束】

2016/1/11 20:06:23	=====================================================
开始拆分——病区：'1015N','1028N','1040N';需要拆分:0;已拆分:0

2016/1/11 20:06:23	----------------
拆分第1天
2016/1/11 20:06:43	----------------
拆分第2天
2016/1/11 20:07:03	----------------
拆分第3天
2016/1/11 20:07:33	
【一轮循环拆分结束】

2016/1/11 20:07:33	=====================================================
开始拆分——病区：'1015N','1028N','1040N';需要拆分:0;已拆分:0

2016/1/11 20:07:33	----------------
拆分第1天
2016/1/11 20:07:53	----------------
拆分第2天
2016/1/11 20:08:13	----------------
拆分第3天
2016/1/11 20:08:43	
【一轮循环拆分结束】

2016/1/11 20:08:43	=====================================================
开始拆分——病区：'1015N','1028N','1040N';需要拆分:0;已拆分:0

2016/1/11 20:08:43	----------------
拆分第1天
2016/1/11 20:09:03	----------------
拆分第2天
2016/1/11 20:09:23	----------------
拆分第3天
2016/1/11 20:09:53	
【一轮循环拆分结束】

2016/1/11 20:09:53	=====================================================
开始拆分——病区：'1015N','1028N','1040N';需要拆分:0;已拆分:0

2016/1/11 20:09:53	----------------
拆分第1天
2016/1/11 20:10:13	----------------
拆分第2天
2016/1/11 20:10:33	----------------
拆分第3天
2016/1/11 20:11:03	
【一轮循环拆分结束】

2016/1/11 20:11:03	=====================================================
开始拆分——病区：'1015N','1028N','1040N';需要拆分:0;已拆分:0

2016/1/11 20:11:03	----------------
拆分第1天
2016/1/11 20:11:23	----------------
拆分第2天
2016/1/11 20:11:43	----------------
拆分第3天
2016/1/11 20:12:13	
【一轮循环拆分结束】

2016/1/11 20:12:13	=====================================================
开始拆分——病区：'1015N','1028N','1040N';需要拆分:0;已拆分:0

2016/1/11 20:12:13	----------------
拆分第1天
2016/1/11 20:12:33	----------------
拆分第2天
2016/1/11 20:12:57	=====================================================
开始拆分——病区：'1015N','1028N','1040N';需要拆分:0;已拆分:0

2016/1/11 20:12:57	----------------
拆分第1天
2016/1/11 20:13:17	----------------
拆分第2天
2016/1/11 20:13:37	----------------
拆分第3天
2016/1/11 20:25:54	=====================================================
开始拆分——病区：'1015N','1028N','1040N';需要拆分:0;已拆分:0

2016/1/11 20:25:54	----------------
拆分第1天
2016/1/11 20:26:14	----------------
拆分第2天
2016/1/11 20:26:34	----------------
拆分第3天
