2016/1/11 20:00:28	=====================================================
开始拆分——病区：'100102N','1001N','1009N';需要拆分:0;已拆分:0

2016/1/11 20:00:28	----------------
拆分第1天
2016/1/11 20:00:48	----------------
拆分第2天
2016/1/11 20:01:08	----------------
拆分第3天
2016/1/11 20:01:41	
【一轮循环拆分结束】

2016/1/11 20:01:41	=====================================================
开始拆分——病区：'100102N','1001N','1009N';需要拆分:0;已拆分:0

2016/1/11 20:01:41	----------------
拆分第1天
2016/1/11 20:02:01	----------------
拆分第2天
2016/1/11 20:02:21	----------------
拆分第3天
2016/1/11 20:02:51	
【一轮循环拆分结束】

2016/1/11 20:02:51	=====================================================
开始拆分——病区：'100102N','1001N','1009N';需要拆分:0;已拆分:0

2016/1/11 20:02:51	----------------
拆分第1天
2016/1/11 20:03:11	----------------
拆分第2天
2016/1/11 20:03:31	----------------
拆分第3天
2016/1/11 20:04:01	
【一轮循环拆分结束】

2016/1/11 20:04:01	=====================================================
开始拆分——病区：'100102N','1001N','1009N';需要拆分:0;已拆分:0

2016/1/11 20:04:01	----------------
拆分第1天
2016/1/11 20:04:21	----------------
拆分第2天
2016/1/11 20:04:41	----------------
拆分第3天
2016/1/11 20:05:11	
【一轮循环拆分结束】

2016/1/11 20:05:11	=====================================================
开始拆分——病区：'100102N','1001N','1009N';需要拆分:0;已拆分:0

2016/1/11 20:05:11	----------------
拆分第1天
2016/1/11 20:05:31	----------------
拆分第2天
2016/1/11 20:05:51	----------------
拆分第3天
2016/1/11 20:06:21	
【一轮循环拆分结束】

2016/1/11 20:06:21	=====================================================
开始拆分——病区：'100102N','1001N','1009N';需要拆分:0;已拆分:0

2016/1/11 20:06:21	----------------
拆分第1天
2016/1/11 20:06:41	----------------
拆分第2天
2016/1/11 20:07:01	----------------
拆分第3天
2016/1/11 20:07:31	
【一轮循环拆分结束】

2016/1/11 20:07:31	=====================================================
开始拆分——病区：'100102N','1001N','1009N';需要拆分:0;已拆分:0

2016/1/11 20:07:31	----------------
拆分第1天
2016/1/11 20:07:51	----------------
拆分第2天
2016/1/11 20:08:11	----------------
拆分第3天
2016/1/11 20:08:41	
【一轮循环拆分结束】

2016/1/11 20:08:42	=====================================================
开始拆分——病区：'100102N','1001N','1009N';需要拆分:0;已拆分:0

2016/1/11 20:08:42	----------------
拆分第1天
2016/1/11 20:09:02	----------------
拆分第2天
2016/1/11 20:09:22	----------------
拆分第3天
2016/1/11 20:09:52	
【一轮循环拆分结束】

2016/1/11 20:09:52	=====================================================
开始拆分——病区：'100102N','1001N','1009N';需要拆分:0;已拆分:0

2016/1/11 20:09:52	----------------
拆分第1天
2016/1/11 20:10:12	----------------
拆分第2天
2016/1/11 20:10:32	----------------
拆分第3天
2016/1/11 20:11:02	
【一轮循环拆分结束】

2016/1/11 20:11:02	=====================================================
开始拆分——病区：'100102N','1001N','1009N';需要拆分:0;已拆分:0

2016/1/11 20:11:02	----------------
拆分第1天
2016/1/11 20:11:22	----------------
拆分第2天
2016/1/11 20:11:42	----------------
拆分第3天
2016/1/11 20:12:12	
【一轮循环拆分结束】

2016/1/11 20:12:12	=====================================================
开始拆分——病区：'100102N','1001N','1009N';需要拆分:0;已拆分:0

2016/1/11 20:12:12	----------------
拆分第1天
2016/1/11 20:12:32	----------------
拆分第2天
2016/1/11 20:12:55	=====================================================
开始拆分——病区：'100102N','1001N','1009N';需要拆分:0;已拆分:0

2016/1/11 20:12:55	----------------
拆分第1天
2016/1/11 20:13:15	----------------
拆分第2天
2016/1/11 20:13:35	----------------
拆分第3天
2016/1/11 20:25:52	=====================================================
开始拆分——病区：'100102N','1001N','1009N';需要拆分:0;已拆分:0

2016/1/11 20:25:52	----------------
拆分第1天
2016/1/11 20:26:12	----------------
拆分第2天
2016/1/11 20:26:32	----------------
拆分第3天
