2016/1/7 10:00:01	----------------
拆分第2天
2016/1/7 10:00:21	----------------
拆分第3天
2016/1/7 10:00:51	
【一轮循环拆分结束】

2016/1/7 10:00:51	=====================================================
开始拆分——病区：'1003N','1006N','1007N';需要拆分:1386;已拆分:36

2016/1/7 10:00:51	----------------
拆分第1天
2016/1/7 10:01:11	----------------
拆分第2天
2016/1/7 10:01:31	----------------
拆分第3天
2016/1/7 10:02:01	
【一轮循环拆分结束】

2016/1/7 10:02:02	=====================================================
开始拆分——病区：'1003N','1006N','1007N';需要拆分:1385;已拆分:36

2016/1/7 10:02:02	----------------
拆分第1天
2016/1/7 10:02:22	----------------
拆分第2天
2016/1/7 10:02:42	----------------
拆分第3天
2016/1/7 10:03:12	
【一轮循环拆分结束】

2016/1/7 10:03:12	=====================================================
开始拆分——病区：'1003N','1006N','1007N';需要拆分:1384;已拆分:36

2016/1/7 10:03:12	----------------
拆分第1天
2016/1/7 10:03:32	----------------
拆分第2天
2016/1/7 10:03:52	----------------
拆分第3天
2016/1/7 10:04:22	
【一轮循环拆分结束】

2016/1/7 10:04:22	=====================================================
开始拆分——病区：'1003N','1006N','1007N';需要拆分:1313;已拆分:72

2016/1/7 10:04:22	----------------
拆分第1天
2016/1/7 10:04:42	----------------
拆分第2天
2016/1/7 10:05:03	----------------
拆分第3天
2016/1/7 10:05:33	
【一轮循环拆分结束】

2016/1/7 10:05:33	=====================================================
开始拆分——病区：'1003N','1006N','1007N';需要拆分:1311;已拆分:72

2016/1/7 10:05:33	----------------
拆分第1天
2016/1/7 10:05:53	----------------
拆分第2天
2016/1/7 10:06:13	----------------
拆分第3天
2016/1/7 10:06:43	
【一轮循环拆分结束】

2016/1/7 10:06:43	=====================================================
开始拆分——病区：'1003N','1006N','1007N';需要拆分:1298;已拆分:90

2016/1/7 10:06:43	----------------
拆分第1天
2016/1/7 10:07:03	----------------
拆分第2天
2016/1/7 10:07:23	----------------
拆分第3天
2016/1/7 10:07:53	
【一轮循环拆分结束】

2016/1/7 10:07:54	=====================================================
开始拆分——病区：'1003N','1006N','1007N';需要拆分:1295;已拆分:96

2016/1/7 10:07:54	----------------
拆分第1天
2016/1/7 10:08:14	----------------
拆分第2天
2016/1/7 10:08:34	----------------
拆分第3天
2016/1/7 10:09:04	
【一轮循环拆分结束】

2016/1/7 10:09:04	=====================================================
开始拆分——病区：'1003N','1006N','1007N';需要拆分:1281;已拆分:138

2016/1/7 10:09:04	----------------
拆分第1天
2016/1/7 10:09:24	----------------
拆分第2天
2016/1/7 10:09:44	----------------
拆分第3天
2016/1/7 10:18:04	=====================================================
开始拆分——病区：'1003N','1006N','1007N';需要拆分:1170;已拆分:258

2016/1/7 10:18:04	----------------
拆分第1天
2016/1/7 10:18:24	----------------
拆分第2天
2016/1/7 10:18:44	----------------
拆分第3天
2016/1/7 10:19:22	
【一轮循环拆分结束】

2016/1/7 10:19:57	=====================================================
开始拆分——病区：'1003N','1006N','1007N';需要拆分:1168;已拆分:258

2016/1/7 10:19:57	----------------
拆分第1天
2016/1/7 10:28:20	----------------
拆分第2天
2016/1/7 10:28:58	----------------
拆分第3天
2016/1/7 10:29:39	
【一轮循环拆分结束】

2016/1/7 10:29:55	=====================================================
开始拆分——病区：'1003N','1006N','1007N';需要拆分:1160;已拆分:282

2016/1/7 10:29:55	----------------
拆分第1天
2016/1/7 10:30:15	----------------
拆分第2天
2016/1/7 10:30:35	----------------
拆分第3天
