2016/1/11 19:26:10	=====================================================
开始拆分——病区：'1015N','1028N','1040N';需要拆分:0;已拆分:0

2016/1/11 19:26:10	----------------
拆分第1天
2016/1/11 19:26:30	----------------
拆分第2天
2016/1/11 19:26:50	----------------
拆分第3天
2016/1/11 19:27:24	
【一轮循环拆分结束】

2016/1/11 19:27:24	=====================================================
开始拆分——病区：'1015N','1028N','1040N';需要拆分:0;已拆分:0

2016/1/11 19:27:24	----------------
拆分第1天
2016/1/11 19:27:44	----------------
拆分第2天
2016/1/11 19:28:04	----------------
拆分第3天
2016/1/11 19:28:34	
【一轮循环拆分结束】

2016/1/11 19:28:34	=====================================================
开始拆分——病区：'1015N','1028N','1040N';需要拆分:0;已拆分:0

2016/1/11 19:28:34	----------------
拆分第1天
2016/1/11 19:28:54	----------------
拆分第2天
2016/1/11 19:29:14	----------------
拆分第3天
2016/1/11 19:29:44	
【一轮循环拆分结束】

2016/1/11 19:29:44	=====================================================
开始拆分——病区：'1015N','1028N','1040N';需要拆分:0;已拆分:0

2016/1/11 19:29:44	----------------
拆分第1天
2016/1/11 19:30:04	----------------
拆分第2天
2016/1/11 19:30:27	=====================================================
开始拆分——病区：'1015N','1028N','1040N';需要拆分:0;已拆分:0

2016/1/11 19:30:27	----------------
拆分第1天
2016/1/11 19:30:47	----------------
拆分第2天
2016/1/11 19:31:07	----------------
拆分第3天
2016/1/11 19:31:40	
【一轮循环拆分结束】

2016/1/11 19:31:40	=====================================================
开始拆分——病区：'1015N','1028N','1040N';需要拆分:0;已拆分:0

2016/1/11 19:31:40	----------------
拆分第1天
2016/1/11 19:39:31	=====================================================
开始拆分——病区：'1015N','1028N','1040N';需要拆分:0;已拆分:0

2016/1/11 19:39:31	----------------
拆分第1天
2016/1/11 19:39:51	----------------
拆分第2天
2016/1/11 19:40:11	----------------
拆分第3天
2016/1/11 19:40:44	
【一轮循环拆分结束】

2016/1/11 19:40:44	=====================================================
开始拆分——病区：'1015N','1028N','1040N';需要拆分:0;已拆分:0

2016/1/11 19:40:44	----------------
拆分第1天
2016/1/11 19:41:04	----------------
拆分第2天
2016/1/11 19:41:24	----------------
拆分第3天
2016/1/11 19:49:51	=====================================================
开始拆分——病区：'1015N','1028N','1040N';需要拆分:0;已拆分:0

2016/1/11 19:49:51	----------------
拆分第1天
2016/1/11 19:50:11	----------------
拆分第2天
2016/1/11 19:50:31	----------------
拆分第3天
2016/1/11 19:51:04	
【一轮循环拆分结束】

2016/1/11 19:51:04	=====================================================
开始拆分——病区：'1015N','1028N','1040N';需要拆分:0;已拆分:0

2016/1/11 19:51:04	----------------
拆分第1天
2016/1/11 19:51:24	----------------
拆分第2天
2016/1/11 19:51:44	----------------
拆分第3天
2016/1/11 19:53:27	
【一轮循环拆分结束】

2016/1/11 19:53:27	=====================================================
开始拆分——病区：'1015N','1028N','1040N';需要拆分:0;已拆分:0

2016/1/11 19:53:27	----------------
拆分第1天
2016/1/11 19:53:47	----------------
拆分第2天
2016/1/11 19:54:07	----------------
拆分第3天
2016/1/11 19:54:37	
【一轮循环拆分结束】

2016/1/11 19:54:37	=====================================================
开始拆分——病区：'1015N','1028N','1040N';需要拆分:0;已拆分:0

2016/1/11 19:54:37	----------------
拆分第1天
2016/1/11 19:54:57	----------------
拆分第2天
2016/1/11 19:55:17	----------------
拆分第3天
2016/1/11 19:55:47	
【一轮循环拆分结束】

2016/1/11 19:55:48	=====================================================
开始拆分——病区：'1015N','1028N','1040N';需要拆分:0;已拆分:0

2016/1/11 19:55:48	----------------
拆分第1天
2016/1/11 19:56:08	----------------
拆分第2天
2016/1/11 19:56:28	----------------
拆分第3天
