2016/1/11 19:26:10	=====================================================
开始拆分——病区：'100101N','100103N','1002N';需要拆分:0;已拆分:0

2016/1/11 19:26:10	----------------
拆分第1天
2016/1/11 19:26:30	----------------
拆分第2天
2016/1/11 19:26:50	----------------
拆分第3天
2016/1/11 19:27:23	
【一轮循环拆分结束】

2016/1/11 19:27:23	=====================================================
开始拆分——病区：'100101N','100103N','1002N';需要拆分:0;已拆分:0

2016/1/11 19:27:23	----------------
拆分第1天
2016/1/11 19:27:43	----------------
拆分第2天
2016/1/11 19:28:03	----------------
拆分第3天
2016/1/11 19:28:33	
【一轮循环拆分结束】

2016/1/11 19:28:33	=====================================================
开始拆分——病区：'100101N','100103N','1002N';需要拆分:0;已拆分:0

2016/1/11 19:28:33	----------------
拆分第1天
2016/1/11 19:28:53	----------------
拆分第2天
2016/1/11 19:29:13	----------------
拆分第3天
2016/1/11 19:29:43	
【一轮循环拆分结束】

2016/1/11 19:29:43	=====================================================
开始拆分——病区：'100101N','100103N','1002N';需要拆分:0;已拆分:0

2016/1/11 19:29:43	----------------
拆分第1天
2016/1/11 19:30:03	----------------
拆分第2天
2016/1/11 19:30:27	=====================================================
开始拆分——病区：'100101N','100103N','1002N';需要拆分:0;已拆分:0

2016/1/11 19:30:27	----------------
拆分第1天
2016/1/11 19:30:47	----------------
拆分第2天
2016/1/11 19:31:07	----------------
拆分第3天
2016/1/11 19:31:40	
【一轮循环拆分结束】

2016/1/11 19:31:40	=====================================================
开始拆分——病区：'100101N','100103N','1002N';需要拆分:0;已拆分:0

2016/1/11 19:31:40	----------------
拆分第1天
2016/1/11 19:39:31	=====================================================
开始拆分——病区：'100101N','100103N','1002N';需要拆分:0;已拆分:0

2016/1/11 19:39:31	----------------
拆分第1天
2016/1/11 19:39:51	----------------
拆分第2天
2016/1/11 19:40:11	----------------
拆分第3天
2016/1/11 19:40:44	
【一轮循环拆分结束】

2016/1/11 19:40:44	=====================================================
开始拆分——病区：'100101N','100103N','1002N';需要拆分:0;已拆分:0

2016/1/11 19:40:44	----------------
拆分第1天
2016/1/11 19:41:04	----------------
拆分第2天
2016/1/11 19:41:24	----------------
拆分第3天
2016/1/11 19:49:50	=====================================================
开始拆分——病区：'100101N','100103N','1002N';需要拆分:0;已拆分:0

2016/1/11 19:49:50	----------------
拆分第1天
2016/1/11 19:50:10	----------------
拆分第2天
2016/1/11 19:50:30	----------------
拆分第3天
2016/1/11 19:51:03	
【一轮循环拆分结束】

2016/1/11 19:51:03	=====================================================
开始拆分——病区：'100101N','100103N','1002N';需要拆分:0;已拆分:0

2016/1/11 19:51:03	----------------
拆分第1天
2016/1/11 19:51:23	----------------
拆分第2天
2016/1/11 19:51:43	----------------
拆分第3天
2016/1/11 19:53:27	
【一轮循环拆分结束】

2016/1/11 19:53:28	=====================================================
开始拆分——病区：'100101N','100103N','1002N';需要拆分:0;已拆分:0

2016/1/11 19:53:28	----------------
拆分第1天
2016/1/11 19:53:48	----------------
拆分第2天
2016/1/11 19:54:08	----------------
拆分第3天
2016/1/11 19:54:38	
【一轮循环拆分结束】

2016/1/11 19:54:38	=====================================================
开始拆分——病区：'100101N','100103N','1002N';需要拆分:0;已拆分:0

2016/1/11 19:54:38	----------------
拆分第1天
2016/1/11 19:54:58	----------------
拆分第2天
2016/1/11 19:55:18	----------------
拆分第3天
2016/1/11 19:55:48	
【一轮循环拆分结束】

2016/1/11 19:55:48	=====================================================
开始拆分——病区：'100101N','100103N','1002N';需要拆分:0;已拆分:0

2016/1/11 19:55:48	----------------
拆分第1天
2016/1/11 19:56:08	----------------
拆分第2天
2016/1/11 19:56:28	----------------
拆分第3天
