2016/1/11 19:26:09	=====================================================
开始拆分——病区：'1003N','1006N','1007N';需要拆分:125;已拆分:0

2016/1/11 19:26:09	----------------
拆分第1天
2016/1/11 19:26:29	----------------
拆分第2天
2016/1/11 19:26:49	----------------
拆分第3天
2016/1/11 19:27:22	
【一轮循环拆分结束】

2016/1/11 19:27:22	=====================================================
开始拆分——病区：'1003N','1006N','1007N';需要拆分:0;已拆分:0

2016/1/11 19:27:22	----------------
拆分第1天
2016/1/11 19:27:43	----------------
拆分第2天
2016/1/11 19:28:03	----------------
拆分第3天
2016/1/11 19:28:33	
【一轮循环拆分结束】

2016/1/11 19:28:33	=====================================================
开始拆分——病区：'1003N','1006N','1007N';需要拆分:0;已拆分:0

2016/1/11 19:28:33	----------------
拆分第1天
2016/1/11 19:28:53	----------------
拆分第2天
2016/1/11 19:29:13	----------------
拆分第3天
2016/1/11 19:29:43	
【一轮循环拆分结束】

2016/1/11 19:29:43	=====================================================
开始拆分——病区：'1003N','1006N','1007N';需要拆分:0;已拆分:0

2016/1/11 19:29:43	----------------
拆分第1天
2016/1/11 19:30:03	----------------
拆分第2天
2016/1/11 19:30:26	=====================================================
开始拆分——病区：'1003N','1006N','1007N';需要拆分:125;已拆分:0

2016/1/11 19:30:26	----------------
拆分第1天
2016/1/11 19:30:46	----------------
拆分第2天
2016/1/11 19:31:06	----------------
拆分第3天
2016/1/11 19:31:39	
【一轮循环拆分结束】

2016/1/11 19:31:39	=====================================================
开始拆分——病区：'1003N','1006N','1007N';需要拆分:0;已拆分:0

2016/1/11 19:31:39	----------------
拆分第1天
2016/1/11 19:35:01	=====================================================
开始拆分——病区：'1003N','1006N','1007N';需要拆分:8;已拆分:0

2016/1/11 19:35:01	----------------
拆分第1天
2016/1/11 19:36:02	----------------
拆分第2天
2016/1/11 19:36:32	----------------
拆分第3天
2016/1/11 19:36:59	=====================================================
开始拆分——病区：'1003N','1006N','1007N';需要拆分:8;已拆分:0

2016/1/11 19:36:59	----------------
拆分第1天
2016/1/11 19:37:19	----------------
拆分第2天
2016/1/11 19:37:39	----------------
拆分第3天
2016/1/11 19:38:12	
【一轮循环拆分结束】

2016/1/11 19:38:12	=====================================================
开始拆分——病区：'1003N','1006N','1007N';需要拆分:0;已拆分:0

2016/1/11 19:38:12	----------------
拆分第1天
2016/1/11 19:38:32	----------------
拆分第2天
2016/1/11 19:39:30	=====================================================
开始拆分——病区：'1003N','1006N','1007N';需要拆分:125;已拆分:0

2016/1/11 19:39:30	----------------
拆分第1天
2016/1/11 19:39:50	----------------
拆分第2天
2016/1/11 19:40:10	----------------
拆分第3天
2016/1/11 19:40:43	
【一轮循环拆分结束】

2016/1/11 19:40:43	=====================================================
开始拆分——病区：'1003N','1006N','1007N';需要拆分:0;已拆分:0

2016/1/11 19:40:43	----------------
拆分第1天
2016/1/11 19:41:03	----------------
拆分第2天
2016/1/11 19:41:23	----------------
拆分第3天
2016/1/11 19:49:49	=====================================================
开始拆分——病区：'1003N','1006N','1007N';需要拆分:125;已拆分:0

2016/1/11 19:49:49	----------------
拆分第1天
2016/1/11 19:50:10	----------------
拆分第2天
2016/1/11 19:50:30	----------------
拆分第3天
2016/1/11 19:51:03	
【一轮循环拆分结束】

2016/1/11 19:51:03	=====================================================
开始拆分——病区：'1003N','1006N','1007N';需要拆分:125;已拆分:0

2016/1/11 19:51:03	----------------
拆分第1天
2016/1/11 19:51:23	----------------
拆分第2天
2016/1/11 19:51:43	----------------
拆分第3天
2016/1/11 19:53:27	
【一轮循环拆分结束】

2016/1/11 19:53:27	=====================================================
开始拆分——病区：'1003N','1006N','1007N';需要拆分:125;已拆分:0

2016/1/11 19:53:27	----------------
拆分第1天
2016/1/11 19:53:47	----------------
拆分第2天
2016/1/11 19:54:08	----------------
拆分第3天
2016/1/11 19:54:38	
【一轮循环拆分结束】

2016/1/11 19:54:38	=====================================================
开始拆分——病区：'1003N','1006N','1007N';需要拆分:125;已拆分:0

2016/1/11 19:54:38	----------------
拆分第1天
2016/1/11 19:54:58	----------------
拆分第2天
2016/1/11 19:55:18	----------------
拆分第3天
2016/1/11 19:55:48	
【一轮循环拆分结束】

2016/1/11 19:55:48	=====================================================
开始拆分——病区：'1003N','1006N','1007N';需要拆分:125;已拆分:0

2016/1/11 19:55:48	----------------
拆分第1天
2016/1/11 19:56:08	----------------
拆分第2天
2016/1/11 19:56:28	----------------
拆分第3天
