2016/1/7 10:00:07	----------------
拆分第2天
2016/1/7 10:00:27	----------------
拆分第3天
2016/1/7 10:00:57	
【一轮循环拆分结束】

2016/1/7 10:00:57	=====================================================
开始拆分——病区：'1015N','1028N','1040N';需要拆分:209;已拆分:886

2016/1/7 10:00:57	----------------
拆分第1天
2016/1/7 10:01:17	----------------
拆分第2天
2016/1/7 10:01:37	----------------
拆分第3天
2016/1/7 10:02:07	
【一轮循环拆分结束】

2016/1/7 10:02:07	=====================================================
开始拆分——病区：'1015N','1028N','1040N';需要拆分:209;已拆分:886

2016/1/7 10:02:07	----------------
拆分第1天
2016/1/7 10:02:27	----------------
拆分第2天
2016/1/7 10:02:47	----------------
拆分第3天
2016/1/7 10:03:18	
【一轮循环拆分结束】

2016/1/7 10:03:18	=====================================================
开始拆分——病区：'1015N','1028N','1040N';需要拆分:224;已拆分:886

2016/1/7 10:03:18	----------------
拆分第1天
2016/1/7 10:03:38	----------------
拆分第2天
2016/1/7 10:03:58	----------------
拆分第3天
2016/1/7 10:04:28	
【一轮循环拆分结束】

2016/1/7 10:04:28	=====================================================
开始拆分——病区：'1015N','1028N','1040N';需要拆分:208;已拆分:886

2016/1/7 10:04:28	----------------
拆分第1天
2016/1/7 10:04:48	----------------
拆分第2天
2016/1/7 10:05:08	----------------
拆分第3天
2016/1/7 10:05:38	
【一轮循环拆分结束】

2016/1/7 10:05:38	=====================================================
开始拆分——病区：'1015N','1028N','1040N';需要拆分:207;已拆分:886

2016/1/7 10:05:38	----------------
拆分第1天
2016/1/7 10:05:58	----------------
拆分第2天
2016/1/7 10:06:18	----------------
拆分第3天
2016/1/7 10:06:49	
【一轮循环拆分结束】

2016/1/7 10:06:49	=====================================================
开始拆分——病区：'1015N','1028N','1040N';需要拆分:205;已拆分:886

2016/1/7 10:06:49	----------------
拆分第1天
2016/1/7 10:07:09	----------------
拆分第2天
2016/1/7 10:07:29	----------------
拆分第3天
2016/1/7 10:07:59	
【一轮循环拆分结束】

2016/1/7 10:07:59	=====================================================
开始拆分——病区：'1015N','1028N','1040N';需要拆分:204;已拆分:886

2016/1/7 10:07:59	----------------
拆分第1天
2016/1/7 10:08:19	----------------
拆分第2天
2016/1/7 10:08:39	----------------
拆分第3天
2016/1/7 10:09:09	
【一轮循环拆分结束】

2016/1/7 10:09:09	=====================================================
开始拆分——病区：'1015N','1028N','1040N';需要拆分:199;已拆分:886

2016/1/7 10:09:09	----------------
拆分第1天
2016/1/7 10:09:29	----------------
拆分第2天
2016/1/7 10:09:49	----------------
拆分第3天
2016/1/7 10:18:06	=====================================================
开始拆分——病区：'1015N','1028N','1040N';需要拆分:209;已拆分:886

2016/1/7 10:18:06	----------------
拆分第1天
2016/1/7 10:18:26	----------------
拆分第2天
2016/1/7 10:18:46	----------------
拆分第3天
2016/1/7 10:19:22	
【一轮循环拆分结束】

2016/1/7 10:19:51	=====================================================
开始拆分——病区：'1015N','1028N','1040N';需要拆分:189;已拆分:896

2016/1/7 10:19:51	----------------
拆分第1天
2016/1/7 10:23:01	----------------
拆分第2天
2016/1/7 10:28:20	----------------
拆分第3天
2016/1/7 10:29:13	
【一轮循环拆分结束】

2016/1/7 10:29:29	=====================================================
开始拆分——病区：'1015N','1028N','1040N';需要拆分:189;已拆分:896

2016/1/7 10:29:29	----------------
拆分第1天
2016/1/7 10:29:50	----------------
拆分第2天
2016/1/7 10:30:11	----------------
拆分第3天
2016/1/7 10:30:47	
【一轮循环拆分结束】

