2016/1/11 19:26:09	=====================================================
开始拆分——病区：'100102N','1001N','1009N';需要拆分:0;已拆分:0

2016/1/11 19:26:09	----------------
拆分第1天
2016/1/11 19:26:29	----------------
拆分第2天
2016/1/11 19:26:49	----------------
拆分第3天
2016/1/11 19:27:22	
【一轮循环拆分结束】

2016/1/11 19:27:22	=====================================================
开始拆分——病区：'100102N','1001N','1009N';需要拆分:0;已拆分:0

2016/1/11 19:27:22	----------------
拆分第1天
2016/1/11 19:27:42	----------------
拆分第2天
2016/1/11 19:28:02	----------------
拆分第3天
2016/1/11 19:28:32	
【一轮循环拆分结束】

2016/1/11 19:28:32	=====================================================
开始拆分——病区：'100102N','1001N','1009N';需要拆分:0;已拆分:0

2016/1/11 19:28:32	----------------
拆分第1天
2016/1/11 19:28:52	----------------
拆分第2天
2016/1/11 19:29:12	----------------
拆分第3天
2016/1/11 19:29:42	
【一轮循环拆分结束】

2016/1/11 19:29:42	=====================================================
开始拆分——病区：'100102N','1001N','1009N';需要拆分:0;已拆分:0

2016/1/11 19:29:42	----------------
拆分第1天
2016/1/11 19:30:02	----------------
拆分第2天
2016/1/11 19:30:25	=====================================================
开始拆分——病区：'100102N','1001N','1009N';需要拆分:0;已拆分:0

2016/1/11 19:30:25	----------------
拆分第1天
2016/1/11 19:30:45	----------------
拆分第2天
2016/1/11 19:31:05	----------------
拆分第3天
2016/1/11 19:31:38	
【一轮循环拆分结束】

2016/1/11 19:31:39	=====================================================
开始拆分——病区：'100102N','1001N','1009N';需要拆分:0;已拆分:0

2016/1/11 19:31:39	----------------
拆分第1天
2016/1/11 19:34:16	=====================================================
开始拆分——病区：'100102N','1001N','1009N';需要拆分:0;已拆分:0

2016/1/11 19:34:16	----------------
拆分第1天
2016/1/11 19:34:47	----------------
拆分第2天
2016/1/11 19:35:23	----------------
拆分第3天
2016/1/11 19:36:38	
【一轮循环拆分结束】

2016/1/11 19:39:29	=====================================================
开始拆分——病区：'100102N','1001N','1009N';需要拆分:0;已拆分:0

2016/1/11 19:39:29	----------------
拆分第1天
2016/1/11 19:39:50	----------------
拆分第2天
2016/1/11 19:40:10	----------------
拆分第3天
2016/1/11 19:40:43	
【一轮循环拆分结束】

2016/1/11 19:40:43	=====================================================
开始拆分——病区：'100102N','1001N','1009N';需要拆分:0;已拆分:0

2016/1/11 19:40:43	----------------
拆分第1天
2016/1/11 19:41:03	----------------
拆分第2天
2016/1/11 19:41:23	----------------
拆分第3天
2016/1/11 19:49:49	=====================================================
开始拆分——病区：'100102N','1001N','1009N';需要拆分:0;已拆分:0

2016/1/11 19:49:49	----------------
拆分第1天
2016/1/11 19:50:09	----------------
拆分第2天
2016/1/11 19:50:29	----------------
拆分第3天
2016/1/11 19:51:02	
【一轮循环拆分结束】

2016/1/11 19:51:02	=====================================================
开始拆分——病区：'100102N','1001N','1009N';需要拆分:0;已拆分:0

2016/1/11 19:51:02	----------------
拆分第1天
2016/1/11 19:51:22	----------------
拆分第2天
2016/1/11 19:51:42	----------------
拆分第3天
2016/1/11 19:53:27	
【一轮循环拆分结束】

2016/1/11 19:53:27	=====================================================
开始拆分——病区：'100102N','1001N','1009N';需要拆分:0;已拆分:0

2016/1/11 19:53:27	----------------
拆分第1天
2016/1/11 19:53:47	----------------
拆分第2天
2016/1/11 19:54:07	----------------
拆分第3天
2016/1/11 19:54:37	
【一轮循环拆分结束】

2016/1/11 19:54:37	=====================================================
开始拆分——病区：'100102N','1001N','1009N';需要拆分:0;已拆分:0

2016/1/11 19:54:37	----------------
拆分第1天
2016/1/11 19:54:57	----------------
拆分第2天
2016/1/11 19:55:17	----------------
拆分第3天
2016/1/11 19:55:47	
【一轮循环拆分结束】

2016/1/11 19:55:48	=====================================================
开始拆分——病区：'100102N','1001N','1009N';需要拆分:0;已拆分:0

2016/1/11 19:55:48	----------------
拆分第1天
2016/1/11 19:56:08	----------------
拆分第2天
2016/1/11 19:56:28	----------------
拆分第3天
