2016/1/7 10:00:01	----------------
拆分第2天
2016/1/7 10:00:21	----------------
拆分第3天
2016/1/7 10:00:51	
【一轮循环拆分结束】

2016/1/7 10:00:51	=====================================================
开始拆分——病区：'100101N','100103N','1002N';需要拆分:74;已拆分:1432

2016/1/7 10:00:51	----------------
拆分第1天
2016/1/7 10:01:11	----------------
拆分第2天
2016/1/7 10:01:31	----------------
拆分第3天
2016/1/7 10:02:01	
【一轮循环拆分结束】

2016/1/7 10:02:02	=====================================================
开始拆分——病区：'100101N','100103N','1002N';需要拆分:74;已拆分:1432

2016/1/7 10:02:02	----------------
拆分第1天
2016/1/7 10:02:22	----------------
拆分第2天
2016/1/7 10:02:42	----------------
拆分第3天
2016/1/7 10:03:12	
【一轮循环拆分结束】

2016/1/7 10:03:12	=====================================================
开始拆分——病区：'100101N','100103N','1002N';需要拆分:74;已拆分:1432

2016/1/7 10:03:12	----------------
拆分第1天
2016/1/7 10:03:32	----------------
拆分第2天
2016/1/7 10:03:52	----------------
拆分第3天
2016/1/7 10:04:22	
【一轮循环拆分结束】

2016/1/7 10:04:22	=====================================================
开始拆分——病区：'100101N','100103N','1002N';需要拆分:74;已拆分:1432

2016/1/7 10:04:22	----------------
拆分第1天
2016/1/7 10:04:42	----------------
拆分第2天
2016/1/7 10:05:02	----------------
拆分第3天
2016/1/7 10:05:33	
【一轮循环拆分结束】

2016/1/7 10:05:33	=====================================================
开始拆分——病区：'100101N','100103N','1002N';需要拆分:74;已拆分:1432

2016/1/7 10:05:33	----------------
拆分第1天
2016/1/7 10:05:53	----------------
拆分第2天
2016/1/7 10:06:13	----------------
拆分第3天
2016/1/7 10:06:43	
【一轮循环拆分结束】

2016/1/7 10:06:43	=====================================================
开始拆分——病区：'100101N','100103N','1002N';需要拆分:74;已拆分:1432

2016/1/7 10:06:43	----------------
拆分第1天
2016/1/7 10:07:03	----------------
拆分第2天
2016/1/7 10:07:23	----------------
拆分第3天
2016/1/7 10:07:53	
【一轮循环拆分结束】

2016/1/7 10:07:53	=====================================================
开始拆分——病区：'100101N','100103N','1002N';需要拆分:74;已拆分:1432

2016/1/7 10:07:53	----------------
拆分第1天
2016/1/7 10:08:13	----------------
拆分第2天
2016/1/7 10:08:33	----------------
拆分第3天
2016/1/7 10:09:03	
【一轮循环拆分结束】

2016/1/7 10:09:04	=====================================================
开始拆分——病区：'100101N','100103N','1002N';需要拆分:74;已拆分:1432

2016/1/7 10:09:04	----------------
拆分第1天
2016/1/7 10:09:24	----------------
拆分第2天
2016/1/7 10:09:44	----------------
拆分第3天
2016/1/7 10:18:05	=====================================================
开始拆分——病区：'100101N','100103N','1002N';需要拆分:89;已拆分:1420

2016/1/7 10:18:05	----------------
拆分第1天
2016/1/7 10:18:25	----------------
拆分第2天
2016/1/7 10:18:45	----------------
拆分第3天
2016/1/7 10:19:22	
【一轮循环拆分结束】

2016/1/7 10:19:51	=====================================================
开始拆分——病区：'100101N','100103N','1002N';需要拆分:74;已拆分:1423

2016/1/7 10:19:51	----------------
拆分第1天
2016/1/7 10:23:01	----------------
拆分第2天
2016/1/7 10:28:20	----------------
拆分第3天
2016/1/7 10:29:13	
【一轮循环拆分结束】

2016/1/7 10:29:28	=====================================================
开始拆分——病区：'100101N','100103N','1002N';需要拆分:73;已拆分:1423

2016/1/7 10:29:28	----------------
拆分第1天
2016/1/7 10:29:50	----------------
拆分第2天
2016/1/7 10:30:11	----------------
拆分第3天
2016/1/7 10:30:47	
【一轮循环拆分结束】

