2016/1/7 9:57:23	=====================================================
开始拆分——病区：'1015N','1028N','1040N';需要拆分:929;已拆分:0

2016/1/7 9:57:23	----------------
拆分第1天
2016/1/7 9:57:43	----------------
拆分第2天
2016/1/7 9:58:03	----------------
拆分第3天
2016/1/7 9:58:36	
【一轮循环拆分结束】

2016/1/7 9:58:36	=====================================================
开始拆分——病区：'1015N','1028N','1040N';需要拆分:875;已拆分:87

2016/1/7 9:58:36	----------------
拆分第1天
2016/1/7 9:58:56	----------------
拆分第2天
2016/1/7 9:59:16	----------------
拆分第3天
2016/1/7 9:59:46	
【一轮循环拆分结束】

2016/1/7 9:59:47	=====================================================
开始拆分——病区：'1015N','1028N','1040N';需要拆分:209;已拆分:886

2016/1/7 9:59:47	----------------
拆分第1天
