2016/1/7 9:57:17	=====================================================
开始拆分——病区：'1003N','1006N','1007N';需要拆分:1460;已拆分:0

2016/1/7 9:57:17	----------------
拆分第1天
2016/1/7 9:57:37	----------------
拆分第2天
2016/1/7 9:57:57	----------------
拆分第3天
2016/1/7 9:58:30	
【一轮循环拆分结束】

2016/1/7 9:58:30	=====================================================
开始拆分——病区：'1003N','1006N','1007N';需要拆分:1411;已拆分:36

2016/1/7 9:58:30	----------------
拆分第1天
2016/1/7 9:58:50	----------------
拆分第2天
2016/1/7 9:59:10	----------------
拆分第3天
2016/1/7 9:59:40	
【一轮循环拆分结束】

2016/1/7 9:59:41	=====================================================
开始拆分——病区：'1003N','1006N','1007N';需要拆分:1387;已拆分:36

2016/1/7 9:59:41	----------------
拆分第1天
