生成启动时间为 2015/6/11 13:10:36。
     1>项目“M:\移动护理\PacsMoudle\WindowsService\DICOM [Native]\x64\libijg16.x64.vcxproj”在节点 2 上(rebuild 个目标)。
     1>InitializeBuildStatus:
         正在创建“Debug\libijg16.x64\libijg16.x64.unsuccessfulbuild”，因为已指定“AlwaysCreate”。
       ClCompile:
         h:\Program Files (x86)\Microsoft Visual Studio 10.0\VC\bin\x86_amd64\CL.exe /c /Zi /nologo /W3 /WX- /Od /D _MBCS /Gm /EHsc /RTC1 /MDd /GS /fp:precise /Zc:wchar_t /Zc:forScope /Fo"Debug\libijg16.x64\\" /Fd"Debug\libijg16.x64\vc100.pdb" /Gd /TC /errorReport:prompt ..\libijg16\jaricom.c ..\libijg16\jcapimin.c ..\libijg16\jcapistd.c ..\libijg16\jcarith.c ..\libijg16\jccoefct.c ..\libijg16\jccolor.c ..\libijg16\jcdctmgr.c ..\libijg16\jcdiffct.c ..\libijg16\jchuff.c ..\libijg16\jcinit.c ..\libijg16\jclhuff.c ..\libijg16\jclossls.c ..\libijg16\jclossy.c ..\libijg16\jcmainct.c ..\libijg16\jcmarker.c ..\libijg16\jcmaster.c ..\libijg16\jcodec.c ..\libijg16\jcomapi.c ..\libijg16\jcparam.c ..\libijg16\jcphuff.c ..\libijg16\jcpred.c ..\libijg16\jcprepct.c ..\libijg16\jcsample.c ..\libijg16\jcscale.c ..\libijg16\jcshuff.c ..\libijg16\jctrans.c ..\libijg16\jdapimin.c ..\libijg16\jdapistd.c ..\libijg16\jdarith.c ..\libijg16\jdatadst.c ..\libijg16\jdatasrc.c ..\libijg16\jdcoefct.c ..\libijg16\jdcolor.c ..\libijg16\jddctmgr.c ..\libijg16\jddiffct.c ..\libijg16\jdhuff.c ..\libijg16\jdinput.c ..\libijg16\jdlhuff.c ..\libijg16\jdlossls.c ..\libijg16\jdlossy.c ..\libijg16\jdmainct.c ..\libijg16\jdmarker.c ..\libijg16\jdmaster.c ..\libijg16\jdmerge.c ..\libijg16\jdphuff.c ..\libijg16\jdpostct.c ..\libijg16\jdpred.c ..\libijg16\jdsample.c ..\libijg16\jdscale.c ..\libijg16\jdshuff.c ..\libijg16\jdtrans.c ..\libijg16\jerror.c ..\libijg16\jfdctflt.c ..\libijg16\jfdctfst.c ..\libijg16\jfdctint.c ..\libijg16\jidctflt.c ..\libijg16\jidctfst.c ..\libijg16\jidctint.c ..\libijg16\jidctred.c ..\libijg16\jmemmgr.c ..\libijg16\jmemnobs.c ..\libijg16\jquant1.c ..\libijg16\jquant2.c ..\libijg16\jutils.c
         jutils.c
         jquant2.c
         jquant1.c
         jmemnobs.c
         jmemmgr.c
     1>..\libijg16\jmemmgr.c(307): warning C4267: “+=”: 从“size_t”转换到“long”，可能丢失数据
     1>..\libijg16\jmemmgr.c(367): warning C4267: “+=”: 从“size_t”转换到“long”，可能丢失数据
     1>..\libijg16\jmemmgr.c(1029): warning C4267: “-=”: 从“size_t”转换到“long”，可能丢失数据
     1>..\libijg16\jmemmgr.c(1043): warning C4267: “-=”: 从“size_t”转换到“long”，可能丢失数据
         jidctred.c
         jidctint.c
         jidctfst.c
         jidctflt.c
         jfdctint.c
         jfdctfst.c
         jfdctflt.c
         jerror.c
         jdtrans.c
         jdshuff.c
         jdscale.c
         jdsample.c
         jdpred.c
         jdpostct.c
         jdphuff.c
         Generating Code...
         Compiling...
         jdmerge.c
         jdmaster.c
         jdmarker.c
         jdmainct.c
         jdlossy.c
         jdlossls.c
         jdlhuff.c
         jdinput.c
         jdhuff.c
         jddiffct.c
         jddctmgr.c
         jdcolor.c
         jdcoefct.c
         jdatasrc.c
         jdatadst.c
         jdarith.c
         jdapistd.c
         jdapimin.c
         jctrans.c
         jcshuff.c
         Generating Code...
         Compiling...
         jcscale.c
         jcsample.c
         jcprepct.c
         jcpred.c
         jcphuff.c
         jcparam.c
         jcomapi.c
         jcodec.c
         jcmaster.c
         jcmarker.c
         jcmainct.c
         jclossy.c
         jclossls.c
         jclhuff.c
         jcinit.c
         jchuff.c
         jcdiffct.c
         jcdctmgr.c
         jccolor.c
         jccoefct.c
         Generating Code...
         Compiling...
         jcarith.c
         jcapistd.c
         jcapimin.c
         jaricom.c
         Generating Code...
       Lib:
         h:\Program Files (x86)\Microsoft Visual Studio 10.0\VC\bin\x86_amd64\Lib.exe /OUT:"Debug\libijg16.x64\libijg16.x64.lib" /NOLOGO Debug\libijg16.x64\jaricom.obj
         Debug\libijg16.x64\jcapimin.obj
         Debug\libijg16.x64\jcapistd.obj
         Debug\libijg16.x64\jcarith.obj
         Debug\libijg16.x64\jccoefct.obj
         Debug\libijg16.x64\jccolor.obj
         Debug\libijg16.x64\jcdctmgr.obj
         Debug\libijg16.x64\jcdiffct.obj
         Debug\libijg16.x64\jchuff.obj
         Debug\libijg16.x64\jcinit.obj
         Debug\libijg16.x64\jclhuff.obj
         Debug\libijg16.x64\jclossls.obj
         Debug\libijg16.x64\jclossy.obj
         Debug\libijg16.x64\jcmainct.obj
         Debug\libijg16.x64\jcmarker.obj
         Debug\libijg16.x64\jcmaster.obj
         Debug\libijg16.x64\jcodec.obj
         Debug\libijg16.x64\jcomapi.obj
         Debug\libijg16.x64\jcparam.obj
         Debug\libijg16.x64\jcphuff.obj
         Debug\libijg16.x64\jcpred.obj
         Debug\libijg16.x64\jcprepct.obj
         Debug\libijg16.x64\jcsample.obj
         Debug\libijg16.x64\jcscale.obj
         Debug\libijg16.x64\jcshuff.obj
         Debug\libijg16.x64\jctrans.obj
         Debug\libijg16.x64\jdapimin.obj
         Debug\libijg16.x64\jdapistd.obj
         Debug\libijg16.x64\jdarith.obj
         Debug\libijg16.x64\jdatadst.obj
         Debug\libijg16.x64\jdatasrc.obj
         Debug\libijg16.x64\jdcoefct.obj
         Debug\libijg16.x64\jdcolor.obj
         Debug\libijg16.x64\jddctmgr.obj
         Debug\libijg16.x64\jddiffct.obj
         Debug\libijg16.x64\jdhuff.obj
         Debug\libijg16.x64\jdinput.obj
         Debug\libijg16.x64\jdlhuff.obj
         Debug\libijg16.x64\jdlossls.obj
         Debug\libijg16.x64\jdlossy.obj
         Debug\libijg16.x64\jdmainct.obj
         Debug\libijg16.x64\jdmarker.obj
         Debug\libijg16.x64\jdmaster.obj
         Debug\libijg16.x64\jdmerge.obj
         Debug\libijg16.x64\jdphuff.obj
         Debug\libijg16.x64\jdpostct.obj
         Debug\libijg16.x64\jdpred.obj
         Debug\libijg16.x64\jdsample.obj
         Debug\libijg16.x64\jdscale.obj
         Debug\libijg16.x64\jdshuff.obj
         Debug\libijg16.x64\jdtrans.obj
         Debug\libijg16.x64\jerror.obj
         Debug\libijg16.x64\jfdctflt.obj
         Debug\libijg16.x64\jfdctfst.obj
         Debug\libijg16.x64\jfdctint.obj
         Debug\libijg16.x64\jidctflt.obj
         Debug\libijg16.x64\jidctfst.obj
         Debug\libijg16.x64\jidctint.obj
         Debug\libijg16.x64\jidctred.obj
         Debug\libijg16.x64\jmemmgr.obj
         Debug\libijg16.x64\jmemnobs.obj
         Debug\libijg16.x64\jquant1.obj
         Debug\libijg16.x64\jquant2.obj
         Debug\libijg16.x64\jutils.obj
         libijg16.x64.vcxproj -> M:\移动护理\PacsMoudle\WindowsService\DICOM [Native]\x64\Debug\libijg16.x64\libijg16.x64.lib
       FinalizeBuildStatus:
         正在删除文件“Debug\libijg16.x64\libijg16.x64.unsuccessfulbuild”。
         正在对“Debug\libijg16.x64\libijg16.x64.lastbuildstate”执行 Touch 任务。
     1>已完成生成项目“M:\移动护理\PacsMoudle\WindowsService\DICOM [Native]\x64\libijg16.x64.vcxproj”(rebuild 个目标)的操作。

生成成功。

已用时间 00:00:06.04
