E:\SVN\mobilehis\service\MobileWs\Pacs\DICOM [Native]\x86\Release\libijg16.x86\cl.command.1.tlog
E:\SVN\mobilehis\service\MobileWs\Pacs\DICOM [Native]\x86\Release\libijg16.x86\CL.read.1.tlog
E:\SVN\mobilehis\service\MobileWs\Pacs\DICOM [Native]\x86\Release\libijg16.x86\CL.write.1.tlog
E:\SVN\MOBILEHIS\SERVICE\MOBILEWS\PACS\DICOM [NATIVE]\X86\RELEASE\LIBIJG16.X86\JARICOM.OBJ
E:\SVN\MOBILEHIS\SERVICE\MOBILEWS\PACS\DICOM [NATIVE]\X86\RELEASE\LIBIJG16.X86\JCAPIMIN.OBJ
E:\SVN\MOBILEHIS\SERVICE\MOBILEWS\PACS\DICOM [NATIVE]\X86\RELEASE\LIBIJG16.X86\JCAPISTD.OBJ
E:\SVN\MOBILEHIS\SERVICE\MOBILEWS\PACS\DICOM [NATIVE]\X86\RELEASE\LIBIJG16.X86\JCARITH.OBJ
E:\SVN\MOBILEHIS\SERVICE\MOBILEWS\PACS\DICOM [NATIVE]\X86\RELEASE\LIBIJG16.X86\JCCOEFCT.OBJ
E:\SVN\MOBILEHIS\SERVICE\MOBILEWS\PACS\DICOM [NATIVE]\X86\RELEASE\LIBIJG16.X86\JCCOLOR.OBJ
E:\SVN\MOBILEHIS\SERVICE\MOBILEWS\PACS\DICOM [NATIVE]\X86\RELEASE\LIBIJG16.X86\JCDCTMGR.OBJ
E:\SVN\MOBILEHIS\SERVICE\MOBILEWS\PACS\DICOM [NATIVE]\X86\RELEASE\LIBIJG16.X86\JCDIFFCT.OBJ
E:\SVN\MOBILEHIS\SERVICE\MOBILEWS\PACS\DICOM [NATIVE]\X86\RELEASE\LIBIJG16.X86\JCHUFF.OBJ
E:\SVN\MOBILEHIS\SERVICE\MOBILEWS\PACS\DICOM [NATIVE]\X86\RELEASE\LIBIJG16.X86\JCINIT.OBJ
E:\SVN\MOBILEHIS\SERVICE\MOBILEWS\PACS\DICOM [NATIVE]\X86\RELEASE\LIBIJG16.X86\JCLHUFF.OBJ
E:\SVN\MOBILEHIS\SERVICE\MOBILEWS\PACS\DICOM [NATIVE]\X86\RELEASE\LIBIJG16.X86\JCLOSSLS.OBJ
E:\SVN\MOBILEHIS\SERVICE\MOBILEWS\PACS\DICOM [NATIVE]\X86\RELEASE\LIBIJG16.X86\JCLOSSY.OBJ
E:\SVN\MOBILEHIS\SERVICE\MOBILEWS\PACS\DICOM [NATIVE]\X86\RELEASE\LIBIJG16.X86\JCMAINCT.OBJ
E:\SVN\MOBILEHIS\SERVICE\MOBILEWS\PACS\DICOM [NATIVE]\X86\RELEASE\LIBIJG16.X86\JCMARKER.OBJ
E:\SVN\MOBILEHIS\SERVICE\MOBILEWS\PACS\DICOM [NATIVE]\X86\RELEASE\LIBIJG16.X86\JCMASTER.OBJ
E:\SVN\MOBILEHIS\SERVICE\MOBILEWS\PACS\DICOM [NATIVE]\X86\RELEASE\LIBIJG16.X86\JCODEC.OBJ
E:\SVN\MOBILEHIS\SERVICE\MOBILEWS\PACS\DICOM [NATIVE]\X86\RELEASE\LIBIJG16.X86\JCOMAPI.OBJ
E:\SVN\MOBILEHIS\SERVICE\MOBILEWS\PACS\DICOM [NATIVE]\X86\RELEASE\LIBIJG16.X86\JCPARAM.OBJ
E:\SVN\MOBILEHIS\SERVICE\MOBILEWS\PACS\DICOM [NATIVE]\X86\RELEASE\LIBIJG16.X86\JCPHUFF.OBJ
E:\SVN\MOBILEHIS\SERVICE\MOBILEWS\PACS\DICOM [NATIVE]\X86\RELEASE\LIBIJG16.X86\JCPRED.OBJ
E:\SVN\MOBILEHIS\SERVICE\MOBILEWS\PACS\DICOM [NATIVE]\X86\RELEASE\LIBIJG16.X86\JCPREPCT.OBJ
E:\SVN\MOBILEHIS\SERVICE\MOBILEWS\PACS\DICOM [NATIVE]\X86\RELEASE\LIBIJG16.X86\JCSAMPLE.OBJ
E:\SVN\MOBILEHIS\SERVICE\MOBILEWS\PACS\DICOM [NATIVE]\X86\RELEASE\LIBIJG16.X86\JCSCALE.OBJ
E:\SVN\MOBILEHIS\SERVICE\MOBILEWS\PACS\DICOM [NATIVE]\X86\RELEASE\LIBIJG16.X86\JCSHUFF.OBJ
E:\SVN\MOBILEHIS\SERVICE\MOBILEWS\PACS\DICOM [NATIVE]\X86\RELEASE\LIBIJG16.X86\JCTRANS.OBJ
E:\SVN\MOBILEHIS\SERVICE\MOBILEWS\PACS\DICOM [NATIVE]\X86\RELEASE\LIBIJG16.X86\JDAPIMIN.OBJ
E:\SVN\MOBILEHIS\SERVICE\MOBILEWS\PACS\DICOM [NATIVE]\X86\RELEASE\LIBIJG16.X86\JDAPISTD.OBJ
E:\SVN\MOBILEHIS\SERVICE\MOBILEWS\PACS\DICOM [NATIVE]\X86\RELEASE\LIBIJG16.X86\JDARITH.OBJ
E:\SVN\MOBILEHIS\SERVICE\MOBILEWS\PACS\DICOM [NATIVE]\X86\RELEASE\LIBIJG16.X86\JDATADST.OBJ
E:\SVN\MOBILEHIS\SERVICE\MOBILEWS\PACS\DICOM [NATIVE]\X86\RELEASE\LIBIJG16.X86\JDATASRC.OBJ
E:\SVN\MOBILEHIS\SERVICE\MOBILEWS\PACS\DICOM [NATIVE]\X86\RELEASE\LIBIJG16.X86\JDCOEFCT.OBJ
E:\SVN\MOBILEHIS\SERVICE\MOBILEWS\PACS\DICOM [NATIVE]\X86\RELEASE\LIBIJG16.X86\JDCOLOR.OBJ
E:\SVN\MOBILEHIS\SERVICE\MOBILEWS\PACS\DICOM [NATIVE]\X86\RELEASE\LIBIJG16.X86\JDDCTMGR.OBJ
E:\SVN\MOBILEHIS\SERVICE\MOBILEWS\PACS\DICOM [NATIVE]\X86\RELEASE\LIBIJG16.X86\JDDIFFCT.OBJ
E:\SVN\MOBILEHIS\SERVICE\MOBILEWS\PACS\DICOM [NATIVE]\X86\RELEASE\LIBIJG16.X86\JDHUFF.OBJ
E:\SVN\MOBILEHIS\SERVICE\MOBILEWS\PACS\DICOM [NATIVE]\X86\RELEASE\LIBIJG16.X86\JDINPUT.OBJ
E:\SVN\MOBILEHIS\SERVICE\MOBILEWS\PACS\DICOM [NATIVE]\X86\RELEASE\LIBIJG16.X86\JDLHUFF.OBJ
E:\SVN\MOBILEHIS\SERVICE\MOBILEWS\PACS\DICOM [NATIVE]\X86\RELEASE\LIBIJG16.X86\JDLOSSLS.OBJ
E:\SVN\MOBILEHIS\SERVICE\MOBILEWS\PACS\DICOM [NATIVE]\X86\RELEASE\LIBIJG16.X86\JDLOSSY.OBJ
E:\SVN\MOBILEHIS\SERVICE\MOBILEWS\PACS\DICOM [NATIVE]\X86\RELEASE\LIBIJG16.X86\JDMAINCT.OBJ
E:\SVN\MOBILEHIS\SERVICE\MOBILEWS\PACS\DICOM [NATIVE]\X86\RELEASE\LIBIJG16.X86\JDMARKER.OBJ
E:\SVN\MOBILEHIS\SERVICE\MOBILEWS\PACS\DICOM [NATIVE]\X86\RELEASE\LIBIJG16.X86\JDMASTER.OBJ
E:\SVN\MOBILEHIS\SERVICE\MOBILEWS\PACS\DICOM [NATIVE]\X86\RELEASE\LIBIJG16.X86\JDMERGE.OBJ
E:\SVN\MOBILEHIS\SERVICE\MOBILEWS\PACS\DICOM [NATIVE]\X86\RELEASE\LIBIJG16.X86\JDPHUFF.OBJ
E:\SVN\MOBILEHIS\SERVICE\MOBILEWS\PACS\DICOM [NATIVE]\X86\RELEASE\LIBIJG16.X86\JDPOSTCT.OBJ
E:\SVN\MOBILEHIS\SERVICE\MOBILEWS\PACS\DICOM [NATIVE]\X86\RELEASE\LIBIJG16.X86\JDPRED.OBJ
E:\SVN\MOBILEHIS\SERVICE\MOBILEWS\PACS\DICOM [NATIVE]\X86\RELEASE\LIBIJG16.X86\JDSAMPLE.OBJ
E:\SVN\MOBILEHIS\SERVICE\MOBILEWS\PACS\DICOM [NATIVE]\X86\RELEASE\LIBIJG16.X86\JDSCALE.OBJ
E:\SVN\MOBILEHIS\SERVICE\MOBILEWS\PACS\DICOM [NATIVE]\X86\RELEASE\LIBIJG16.X86\JDSHUFF.OBJ
E:\SVN\MOBILEHIS\SERVICE\MOBILEWS\PACS\DICOM [NATIVE]\X86\RELEASE\LIBIJG16.X86\JDTRANS.OBJ
E:\SVN\MOBILEHIS\SERVICE\MOBILEWS\PACS\DICOM [NATIVE]\X86\RELEASE\LIBIJG16.X86\JERROR.OBJ
E:\SVN\MOBILEHIS\SERVICE\MOBILEWS\PACS\DICOM [NATIVE]\X86\RELEASE\LIBIJG16.X86\JFDCTFLT.OBJ
E:\SVN\MOBILEHIS\SERVICE\MOBILEWS\PACS\DICOM [NATIVE]\X86\RELEASE\LIBIJG16.X86\JFDCTFST.OBJ
E:\SVN\MOBILEHIS\SERVICE\MOBILEWS\PACS\DICOM [NATIVE]\X86\RELEASE\LIBIJG16.X86\JFDCTINT.OBJ
E:\SVN\MOBILEHIS\SERVICE\MOBILEWS\PACS\DICOM [NATIVE]\X86\RELEASE\LIBIJG16.X86\JIDCTFLT.OBJ
E:\SVN\MOBILEHIS\SERVICE\MOBILEWS\PACS\DICOM [NATIVE]\X86\RELEASE\LIBIJG16.X86\JIDCTFST.OBJ
E:\SVN\MOBILEHIS\SERVICE\MOBILEWS\PACS\DICOM [NATIVE]\X86\RELEASE\LIBIJG16.X86\JIDCTINT.OBJ
E:\SVN\MOBILEHIS\SERVICE\MOBILEWS\PACS\DICOM [NATIVE]\X86\RELEASE\LIBIJG16.X86\JIDCTRED.OBJ
E:\SVN\MOBILEHIS\SERVICE\MOBILEWS\PACS\DICOM [NATIVE]\X86\RELEASE\LIBIJG16.X86\JMEMMGR.OBJ
E:\SVN\MOBILEHIS\SERVICE\MOBILEWS\PACS\DICOM [NATIVE]\X86\RELEASE\LIBIJG16.X86\JMEMNOBS.OBJ
E:\SVN\MOBILEHIS\SERVICE\MOBILEWS\PACS\DICOM [NATIVE]\X86\RELEASE\LIBIJG16.X86\JQUANT1.OBJ
E:\SVN\MOBILEHIS\SERVICE\MOBILEWS\PACS\DICOM [NATIVE]\X86\RELEASE\LIBIJG16.X86\JQUANT2.OBJ
E:\SVN\MOBILEHIS\SERVICE\MOBILEWS\PACS\DICOM [NATIVE]\X86\RELEASE\LIBIJG16.X86\JUTILS.OBJ
E:\SVN\mobilehis\service\MobileWs\Pacs\DICOM [Native]\x86\Release\libijg16.x86\lib.command.1.tlog
E:\SVN\MOBILEHIS\SERVICE\MOBILEWS\PACS\DICOM [NATIVE]\X86\RELEASE\LIBIJG16.X86\LIBIJG16.X86.LIB
E:\SVN\mobilehis\service\MobileWs\Pacs\DICOM [Native]\x86\Release\libijg16.x86\libijg16.x86.vcxprojResolveAssemblyReference.cache
E:\SVN\mobilehis\service\MobileWs\Pacs\DICOM [Native]\x86\Release\libijg16.x86\libijg16.x86.write.1.tlog
E:\SVN\mobilehis\service\MobileWs\Pacs\DICOM [Native]\x86\Release\libijg16.x86\Lib-link.read.1.tlog
E:\SVN\mobilehis\service\MobileWs\Pacs\DICOM [Native]\x86\Release\libijg16.x86\Lib-link.write.1.tlog
E:\SVN\MOBILEHIS\SERVICE\MOBILEWS\PACS\DICOM [NATIVE]\X86\RELEASE\LIBIJG16.X86\VC100.PDB
