E:\SVN\mobilehis\service\MobileWs\Pacs\DICOM [Native]\Release\Dicom.dll
E:\SVN\MOBILEHIS\SERVICE\MOBILEWS\PACS\DICOM [NATIVE]\RELEASE\DICOM.NATIVE.DLL
E:\SVN\MOBILEHIS\SERVICE\MOBILEWS\PACS\DICOM [NATIVE]\RELEASE\DICOM.NATIVE.PDB
E:\SVN\mobilehis\service\MobileWs\Pacs\DICOM [Native]\Release\Dicom.pdb
E:\SVN\mobilehis\service\MobileWs\Pacs\DICOM [Native]\Release\System.ComponentModel.Composition.dll
E:\SVN\mobilehis\service\MobileWs\Pacs\DICOM [Native]\Release\System.Data.dll
E:\SVN\mobilehis\service\MobileWs\Pacs\DICOM [Native]\Release\System.dll
E:\SVN\mobilehis\service\MobileWs\Pacs\DICOM [Native]\Release\System.Xml.dll
E:\SVN\mobilehis\service\MobileWs\Pacs\DICOM [Native]\x86\..\Release\Dicom.Native.dll
E:\SVN\mobilehis\service\MobileWs\Pacs\DICOM [Native]\x86\..\Release\Dicom.Native.pdb
E:\SVN\MOBILEHIS\SERVICE\MOBILEWS\PACS\DICOM [NATIVE]\X86\RELEASE\DICOM [NATIVE]\.NETFRAMEWORK,VERSION=V4.0.ASSEMBLYATTRIBUTES.OBJ
E:\SVN\MOBILEHIS\SERVICE\MOBILEWS\PACS\DICOM [NATIVE]\X86\RELEASE\DICOM [NATIVE]\BIO.OBJ
E:\SVN\MOBILEHIS\SERVICE\MOBILEWS\PACS\DICOM [NATIVE]\X86\RELEASE\DICOM [NATIVE]\CIDX_MANAGER.OBJ
E:\SVN\MOBILEHIS\SERVICE\MOBILEWS\PACS\DICOM [NATIVE]\X86\RELEASE\DICOM [NATIVE]\CIO.OBJ
E:\SVN\mobilehis\service\MobileWs\Pacs\DICOM [Native]\x86\Release\DICOM [Native]\cl.command.1.tlog
E:\SVN\mobilehis\service\MobileWs\Pacs\DICOM [Native]\x86\Release\DICOM [Native]\CL.read.1.tlog
E:\SVN\mobilehis\service\MobileWs\Pacs\DICOM [Native]\x86\Release\DICOM [Native]\CL.write.1.tlog
E:\SVN\mobilehis\service\MobileWs\Pacs\DICOM [Native]\x86\Release\DICOM [Native]\DICOM [Native].vcxprojResolveAssemblyReference.cache
E:\SVN\mobilehis\service\MobileWs\Pacs\DICOM [Native]\x86\Release\DICOM [Native]\DICOM [Native].write.1.tlog
E:\SVN\mobilehis\service\MobileWs\Pacs\DICOM [Native]\x86\Release\DICOM [Native]\DICOM.DLL.metagen
E:\SVN\MOBILEHIS\SERVICE\MOBILEWS\PACS\DICOM [NATIVE]\X86\RELEASE\DICOM [NATIVE]\DICOM.IMAGING.CODEC.JPEG.OBJ
E:\SVN\MOBILEHIS\SERVICE\MOBILEWS\PACS\DICOM [NATIVE]\X86\RELEASE\DICOM [NATIVE]\DICOM.IMAGING.CODEC.JPEG_12.OBJ
E:\SVN\MOBILEHIS\SERVICE\MOBILEWS\PACS\DICOM [NATIVE]\X86\RELEASE\DICOM [NATIVE]\DICOM.IMAGING.CODEC.JPEG_16.OBJ
E:\SVN\MOBILEHIS\SERVICE\MOBILEWS\PACS\DICOM [NATIVE]\X86\RELEASE\DICOM [NATIVE]\DICOM.IMAGING.CODEC.JPEG_8.OBJ
E:\SVN\MOBILEHIS\SERVICE\MOBILEWS\PACS\DICOM [NATIVE]\X86\RELEASE\DICOM [NATIVE]\DICOM.IMAGING.CODEC.JPEG2000.OBJ
E:\SVN\MOBILEHIS\SERVICE\MOBILEWS\PACS\DICOM [NATIVE]\X86\RELEASE\DICOM [NATIVE]\DICOM.IMAGING.CODEC.JPEGLS.OBJ
E:\SVN\MOBILEHIS\SERVICE\MOBILEWS\PACS\DICOM [NATIVE]\X86\RELEASE\DICOM [NATIVE]\DICOM.IMAGING.CODEC.RLE.OBJ
E:\SVN\MOBILEHIS\SERVICE\MOBILEWS\PACS\DICOM [NATIVE]\X86\RELEASE\DICOM [NATIVE]\DICOM.NATIVE.DLL.INTERMEDIATE.MANIFEST
E:\SVN\MOBILEHIS\SERVICE\MOBILEWS\PACS\DICOM [NATIVE]\X86\RELEASE\DICOM [NATIVE]\DICOMNATIVEEXT.OBJ
E:\SVN\MOBILEHIS\SERVICE\MOBILEWS\PACS\DICOM [NATIVE]\X86\RELEASE\DICOM [NATIVE]\DWT.OBJ
E:\SVN\MOBILEHIS\SERVICE\MOBILEWS\PACS\DICOM [NATIVE]\X86\RELEASE\DICOM [NATIVE]\EVENT.OBJ
E:\SVN\MOBILEHIS\SERVICE\MOBILEWS\PACS\DICOM [NATIVE]\X86\RELEASE\DICOM [NATIVE]\HEADER.OBJ
E:\SVN\MOBILEHIS\SERVICE\MOBILEWS\PACS\DICOM [NATIVE]\X86\RELEASE\DICOM [NATIVE]\IMAGE.OBJ
E:\SVN\MOBILEHIS\SERVICE\MOBILEWS\PACS\DICOM [NATIVE]\X86\RELEASE\DICOM [NATIVE]\INTERFACE.OBJ
E:\SVN\MOBILEHIS\SERVICE\MOBILEWS\PACS\DICOM [NATIVE]\X86\RELEASE\DICOM [NATIVE]\J2K.OBJ
E:\SVN\MOBILEHIS\SERVICE\MOBILEWS\PACS\DICOM [NATIVE]\X86\RELEASE\DICOM [NATIVE]\J2K_LIB.OBJ
E:\SVN\MOBILEHIS\SERVICE\MOBILEWS\PACS\DICOM [NATIVE]\X86\RELEASE\DICOM [NATIVE]\JP2.OBJ
E:\SVN\MOBILEHIS\SERVICE\MOBILEWS\PACS\DICOM [NATIVE]\X86\RELEASE\DICOM [NATIVE]\JPEGLS.OBJ
E:\SVN\MOBILEHIS\SERVICE\MOBILEWS\PACS\DICOM [NATIVE]\X86\RELEASE\DICOM [NATIVE]\JPT.OBJ
E:\SVN\mobilehis\service\MobileWs\Pacs\DICOM [Native]\x86\Release\DICOM [Native]\link.command.1.tlog
E:\SVN\mobilehis\service\MobileWs\Pacs\DICOM [Native]\x86\Release\DICOM [Native]\link.read.1.tlog
E:\SVN\mobilehis\service\MobileWs\Pacs\DICOM [Native]\x86\Release\DICOM [Native]\link.write.1.tlog
E:\SVN\MOBILEHIS\SERVICE\MOBILEWS\PACS\DICOM [NATIVE]\X86\RELEASE\DICOM [NATIVE]\MCT.OBJ
E:\SVN\mobilehis\service\MobileWs\Pacs\DICOM [Native]\x86\Release\DICOM [Native]\metagen.read.1.tlog
E:\SVN\MOBILEHIS\SERVICE\MOBILEWS\PACS\DICOM [NATIVE]\X86\RELEASE\DICOM [NATIVE]\METAGEN.WRITE.1.TLOG
E:\SVN\MOBILEHIS\SERVICE\MOBILEWS\PACS\DICOM [NATIVE]\X86\RELEASE\DICOM [NATIVE]\MQC.OBJ
E:\SVN\mobilehis\service\MobileWs\Pacs\DICOM [Native]\x86\Release\DICOM [Native]\mt.command.1.tlog
E:\SVN\mobilehis\service\MobileWs\Pacs\DICOM [Native]\x86\Release\DICOM [Native]\mt.read.1.tlog
E:\SVN\mobilehis\service\MobileWs\Pacs\DICOM [Native]\x86\Release\DICOM [Native]\mt.write.1.tlog
E:\SVN\MOBILEHIS\SERVICE\MOBILEWS\PACS\DICOM [NATIVE]\X86\RELEASE\DICOM [NATIVE]\OPENJPEG.OBJ
E:\SVN\MOBILEHIS\SERVICE\MOBILEWS\PACS\DICOM [NATIVE]\X86\RELEASE\DICOM [NATIVE]\PHIX_MANAGER.OBJ
E:\SVN\MOBILEHIS\SERVICE\MOBILEWS\PACS\DICOM [NATIVE]\X86\RELEASE\DICOM [NATIVE]\PI.OBJ
E:\SVN\MOBILEHIS\SERVICE\MOBILEWS\PACS\DICOM [NATIVE]\X86\RELEASE\DICOM [NATIVE]\PPIX_MANAGER.OBJ
E:\SVN\MOBILEHIS\SERVICE\MOBILEWS\PACS\DICOM [NATIVE]\X86\RELEASE\DICOM [NATIVE]\RAW.OBJ
E:\SVN\MOBILEHIS\SERVICE\MOBILEWS\PACS\DICOM [NATIVE]\X86\RELEASE\DICOM [NATIVE]\STDAFX.OBJ
E:\SVN\MOBILEHIS\SERVICE\MOBILEWS\PACS\DICOM [NATIVE]\X86\RELEASE\DICOM [NATIVE]\T1.OBJ
E:\SVN\MOBILEHIS\SERVICE\MOBILEWS\PACS\DICOM [NATIVE]\X86\RELEASE\DICOM [NATIVE]\T2.OBJ
E:\SVN\MOBILEHIS\SERVICE\MOBILEWS\PACS\DICOM [NATIVE]\X86\RELEASE\DICOM [NATIVE]\TCD.OBJ
E:\SVN\MOBILEHIS\SERVICE\MOBILEWS\PACS\DICOM [NATIVE]\X86\RELEASE\DICOM [NATIVE]\TGT.OBJ
E:\SVN\MOBILEHIS\SERVICE\MOBILEWS\PACS\DICOM [NATIVE]\X86\RELEASE\DICOM [NATIVE]\THIX_MANAGER.OBJ
E:\SVN\MOBILEHIS\SERVICE\MOBILEWS\PACS\DICOM [NATIVE]\X86\RELEASE\DICOM [NATIVE]\TPIX_MANAGER.OBJ
E:\SVN\mobilehis\service\MobileWs\Pacs\DICOM [Native]\x86\Release\DICOM [Native]\TZRES.DLL.bi
E:\SVN\MOBILEHIS\SERVICE\MOBILEWS\PACS\DICOM [NATIVE]\X86\RELEASE\DICOM [NATIVE]\VC100.PDB
