  jutils.c
  jquant2.c
  jquant1.c
  jmemnobs.c
  jmemmgr.c
  jidctred.c
  jidctint.c
  jidctfst.c
  jidctflt.c
  jfdctint.c
  jfdctfst.c
  jfdctflt.c
  jerror.c
  jdtrans.c
  jdshuff.c
  jdscale.c
  jdsample.c
  jdpred.c
  jdpostct.c
  jdphuff.c
  正在生成代码...
  正在编译...
  jdmerge.c
  jdmaster.c
  jdmarker.c
  jdmainct.c
  jdlossy.c
  jdlossls.c
  jdlhuff.c
  jdinput.c
  jdhuff.c
  jddiffct.c
  jddctmgr.c
  jdcolor.c
  jdcoefct.c
  jdatasrc.c
  jdatadst.c
  jdarith.c
  jdapistd.c
  jdapimin.c
  jctrans.c
  jcshuff.c
  正在生成代码...
  正在编译...
  jcscale.c
  jcsample.c
  jcprepct.c
  jcpred.c
  jcphuff.c
  jcparam.c
  jcomapi.c
  jcodec.c
  jcmaster.c
  jcmarker.c
  jcmainct.c
  jclossy.c
  jclossls.c
  jclhuff.c
  jcinit.c
  jchuff.c
  jcdiffct.c
  jcdctmgr.c
  jccolor.c
  jccoefct.c
  正在生成代码...
  正在编译...
  jcarith.c
  jcapistd.c
  jcapimin.c
  jaricom.c
  正在生成代码...
  libijg8.x86.vcxproj -> E:\SVN\mobilehis\service\MobileWs\Pacs\DICOM [Native]\x86\Debug\libijg8.x86\libijg8.x86.lib
